#
# A fatal error has been detected by the Java Runtime Environment:
#
#  EXCEPTION_ACCESS_VIOLATION (0xc0000005) at pc=0x0000000064ad1c2a, pid=18312, tid=3752
#
# JRE version: OpenJDK Runtime Environment JBR-17.0.4+7-469.53-jcef (17.0.4+7) (build 17.0.4+7-b469.53)
# Java VM: OpenJDK 64-Bit Server VM JBR-17.0.4+7-469.53-jcef (17.0.4+7-b469.53, mixed mode, tiered, compressed oops, compressed class ptrs, g1 gc, windows-amd64)
# Problematic frame:
# C  [imgui-java64.dll+0xd1c2a]
#
# No core dump will be written. Minidumps are not enabled by default on client versions of Windows
#
# If you would like to submit a bug report, please visit:
#   https://youtrack.jetbrains.com/issues/JBR
# The crash happened outside the Java Virtual Machine in native code.
# See problematic frame for where to report the bug.
#

---------------  S U M M A R Y ------------

Command Line: -Dfile.encoding=windows-1252 -Duser.country=US -Duser.language=en -Duser.variant Main

Host: Intel(R) Core(TM) i5-7200U CPU @ 2.50GHz, 4 cores, 11G,  Windows 10 , 64 bit Build 19041 (10.0.19041.2788)
Time: Sat Apr 15 13:35:19 2023 SE Asia Standard Time elapsed time: 0.692981 seconds (0d 0h 0m 0s)

---------------  T H R E A D  ---------------

Current thread (0x00000253c9256ee0):  JavaThread "main" [_thread_in_native, id=3752, stack(0x000000b548e00000,0x000000b548f00000)]

Stack: [0x000000b548e00000,0x000000b548f00000],  sp=0x000000b548eff000,  free space=1020k
Native frames: (J=compiled Java code, j=interpreted, Vv=VM code, C=native code)
C  [imgui-java64.dll+0xd1c2a]

Java frames: (J=compiled Java code, j=interpreted, Vv=VM code)
j  imgui.ImGui.beginMenuBar()Z+0
j  system.Window.init()V+27
j  system.Window.run()V+15
j  Main.main([Ljava/lang/String;)V+5
v  ~StubRoutines::call_stub

siginfo: EXCEPTION_ACCESS_VIOLATION (0xc0000005), reading address 0x0000000000001be8


Register to memory mapping:

RIP=0x0000000064ad1c2a imgui-java64.dll
RAX=0x0 is NULL
RBX={method} {0x00000253e56da978} 'beginMenuBar' '()Z' in 'imgui/ImGui'
RCX=0x00000253c9257188 points into unknown readable memory: 0x00007ffe878a27e0 | e0 27 8a 87 fe 7f 00 00
RDX=0x000000b548eff0e8 is pointing into the stack for thread: 0x00000253c9256ee0
RSP=0x000000b548eff000 is pointing into the stack for thread: 0x00000253c9256ee0
RBP=0x000000b548eff0d8 is pointing into the stack for thread: 0x00000253c9256ee0
RSI=0x0000000064ce8088 imgui-java64.dll
RDI=0x00000253cc9b9612 is at code_begin+1394 in an Interpreter codelet
return entry points  [0x00000253cc9b90a0, 0x00000253cc9b9ba0]  2816 bytes
R8 =0x0000000000000002 is an unknown value
R9 =0x0000000000000002 is an unknown value
R10=0x00000253cc9bd5f2 is at code_begin+946 in an Interpreter codelet
method entry point (kind = native)  [0x00000253cc9bd240, 0x00000253cc9bdbc0]  2432 bytes
R11=0x000000074d9886b0 is an oop: java.lang.Class 
{0x000000074d9886b0} - klass: 'java/lang/Class'
 - ---- fields (total size 23 words):
 - private volatile transient 'classRedefinedCount' 'I' @12  0
 - private volatile transient 'cachedConstructor' 'Ljava/lang/reflect/Constructor;' @40  NULL (0)
 - private transient 'name' 'Ljava/lang/String;' @44  "imgui.ImGui"{0x000000074d9887f8} (e9b310ff)
 - private transient 'module' 'Ljava/lang/Module;' @48  a 'java/lang/Module'{0x000000074dcad5f8} (e9b95abf)
 - private final 'classLoader' 'Ljava/lang/ClassLoader;' @52  a 'jdk/internal/loader/ClassLoaders$AppClassLoader'{0x000000074dcad438} (e9b95a87)
 - private transient 'classData' 'Ljava/lang/Object;' @56  NULL (0)
 - private transient 'packageName' 'Ljava/lang/String;' @60  "imgui"{0x000000074d982848} (e9b30509)
 - private final 'componentType' 'Ljava/lang/Class;' @64  NULL (0)
 - private volatile transient 'reflectionData' 'Ljava/lang/ref/SoftReference;' @68  NULL (0)
 - private volatile transient 'genericInfo' 'Lsun/reflect/generics/repository/ClassRepository;' @72  NULL (0)
 - private volatile transient 'enumConstants' '[Ljava/lang/Object;' @76  NULL (0)
 - private volatile transient 'enumConstantDirectory' 'Ljava/util/Map;' @80  NULL (0)
 - private volatile transient 'annotationData' 'Ljava/lang/Class$AnnotationData;' @84  NULL (0)
 - private volatile transient 'annotationType' 'Lsun/reflect/annotation/AnnotationType;' @88  NULL (0)
 - transient 'classValueMap' 'Ljava/lang/ClassValue$ClassValueMap;' @92  NULL (0)
 - signature: Limgui/ImGui;
 - fake entry for mirror: 'imgui/ImGui'
 - fake entry for array: NULL
 - fake entry for oop_size: 23
 - fake entry for static_oop_field_count: 18
 - private static final 'LIB_PATH_PROP' 'Ljava/lang/String;' @112  "imgui.library.path"{0x000000074d988778} (e9b310ef)
 - private static final 'LIB_NAME_PROP' 'Ljava/lang/String;' @116  "imgui.library.name"{0x000000074d9887b8} (e9b310f7)
 - private static final 'LIB_NAME_DEFAULT' 'Ljava/lang/String;' @120  "imgui-java64"{0x000000074d988a38} (e9b31147)
 - private static final 'LIB_TMP_DIR_PREFIX' 'Ljava/lang/String;' @124  "imgui-java-natives_1681540519472"{0x000000074d988b20} (e9b31164)
 - private static final 'IMGUI_IO' 'Limgui/ImGuiIO;' @128  a 'imgui/ImGuiIO'{0x000000074d9d3250} (e9b3a64a)
 - private static final 'WINDOW_DRAW_LIST' 'Limgui/ImDrawList;' @132  a 'imgui/ImDrawList'{0x000000074d9dd2c0} (e9b3ba58)
 - private static final 'BACKGROUND_DRAW_LIST' 'Limgui/ImDrawList;' @136  a 'imgui/ImDrawList'{0x000000074d9dd2d8} (e9b3ba5b)
 - private static final 'FOREGROUND_DRAW_LIST' 'Limgui/ImDrawList;' @140  a 'imgui/ImDrawList'{0x000000074d9dd2f0} (e9b3ba5e)
 - private static final 'IMGUI_STORAGE' 'Limgui/ImGuiStorage;' @144  a 'imgui/ImGuiStorage'{0x000000074d9e4c68} (e9b3c98d)
 - private static final 'WINDOW_VIEWPORT' 'Limgui/ImGuiViewport;' @148  a 'imgui/ImGuiViewport'{0x000000074d9ee8b8} (e9b3dd17)
 - private static final 'FIND_VIEWPORT' 'Limgui/ImGuiViewport;' @152  a 'imgui/ImGuiViewport'{0x000000074d9ee8d0} (e9b3dd1a)
 - private static 'drawData' 'Limgui/ImDrawData;' @156  NULL (0)
 - private static 'font' 'Limgui/ImFont;' @160  NULL (0)
 - private static 'style' 'Limgui/ImGuiStyle;' @164  NULL (0)
 - private static 'mainViewport' 'Limgui/ImGuiViewport;' @168  NULL (0)
 - private static 'platformIO' 'Limgui/ImGuiPlatformIO;' @172  NULL (0)
 - private static 'objectPayloadRef' 'Ljava/lang/ref/WeakReference;' @176  NULL (0)
 - private static final 'OBJECT_PAYLOAD_PLACEHOLDER_DATA' '[B' @180  [B{0x000000074d638a30} (e9ac7146)
R12=0x0 is NULL
R13={method} {0x00000253e56da978} 'beginMenuBar' '()Z' in 'imgui/ImGui'
R14=0x000000b548eff0f0 is pointing into the stack for thread: 0x00000253c9256ee0
R15=0x00000253c9256ee0 is a thread


Registers:
RAX=0x0000000000000000, RBX=0x00000253e56da970, RCX=0x00000253c9257188, RDX=0x000000b548eff0e8
RSP=0x000000b548eff000, RBP=0x000000b548eff0d8, RSI=0x0000000064ce8088, RDI=0x00000253cc9b9612
R8 =0x0000000000000002, R9 =0x0000000000000002, R10=0x00000253cc9bd5f2, R11=0x000000074d9886b0
R12=0x0000000000000000, R13=0x00000253e56da970, R14=0x000000b548eff0f0, R15=0x00000253c9256ee0
RIP=0x0000000064ad1c2a, EFLAGS=0x0000000000010206

Top of Stack: (sp=0x000000b548eff000)
0x000000b548eff000:   0000000000000009 00000253e52cabd0
0x000000b548eff010:   00000253c9256ee0 000000b548eff018
0x000000b548eff020:   00000253e56da970 00000253c9256ee0
0x000000b548eff030:   0000000000000000 0000000000000000
0x000000b548eff040:   0000000000000000 0000000000000000
0x000000b548eff050:   00000253cc9b9612 00000253e56da970
0x000000b548eff060:   00000253e52cabd0 00000253cc9bd621
0x000000b548eff070:   000000074d97f938 00000253cc9baf76
0x000000b548eff080:   00007ffeba2f20d0 00000253cc9bd2f6
0x000000b548eff090:   000000b548eff090 00000253e56da970
0x000000b548eff0a0:   000000b548eff0f0 00000253e56e5aa0
0x000000b548eff0b0:   0000000000000000 000000074d9886b0
0x000000b548eff0c0:   00000253e56da970 0000000000000000
0x000000b548eff0d0:   000000b548eff0f8 000000b548eff140
0x000000b548eff0e0:   00000253cc9b9612 000000074d9886b0
0x000000b548eff0f0:   00000253cc9baf60 000000b548eff0f8 

Instructions: (pc=0x0000000064ad1c2a)
0x0000000064ad1b2a:   ff 90 0f 1f 40 00 31 c0 f3 0f 10 41 18 0f 28 e1
0x0000000064ad1b3a:   f3 0f c2 e0 02 0f 54 c4 0f 55 e1 f3 0f 10 49 1c
0x0000000064ad1b4a:   0f 56 c4 0f 28 e2 f3 0f c2 e1 02 f3 0f 11 41 18
0x0000000064ad1b5a:   0f 54 cc 0f 55 e2 0f 28 d3 0f 56 cc f3 0f 11 49
0x0000000064ad1b6a:   1c f3 0f 10 49 20 f3 0f c2 d1 02 0f 54 ca 0f 55
0x0000000064ad1b7a:   d3 66 0f ef db 0f 56 ca f3 0f 11 49 20 0f 28 cb
0x0000000064ad1b8a:   48 85 c0 74 39 0f 2f c3 0f 28 d3 76 04 f3 0f 10
0x0000000064ad1b9a:   11 f3 0f 58 c2 f3 0f 58 c8 f3 0f 11 49 08 48 83
0x0000000064ad1baa:   f8 02 75 27 f3 0f 10 41 04 0f 28 d1 f3 0f c2 d0
0x0000000064ad1bba:   02 0f 54 c2 0f 55 d1 0f 56 c2 c3 0f 1f 00 f3 0f
0x0000000064ad1bca:   58 c3 f3 0f 58 c8 f3 0f 11 49 08 f3 0f 10 44 81
0x0000000064ad1bda:   1c 48 83 c0 01 eb a9 90 66 66 2e 0f 1f 84 00 00
0x0000000064ad1bea:   00 00 00 0f 1f 00 f3 0f 5c 49 04 0f 28 c1 f3 0f
0x0000000064ad1bfa:   c2 05 bf 7f 19 00 06 0f 54 c1 c3 66 66 2e 0f 1f
0x0000000064ad1c0a:   84 00 00 00 00 00 56 53 48 83 ec 58 0f 29 74 24
0x0000000064ad1c1a:   30 0f 29 7c 24 40 48 8b 35 f9 9b 1c 00 48 8b 06
0x0000000064ad1c2a:   48 8b 98 e8 1b 00 00 0f b6 83 d4 00 00 00 c6 83
0x0000000064ad1c3a:   d1 00 00 00 01 84 c0 0f 85 39 02 00 00 f6 43 0d
0x0000000064ad1c4a:   04 0f 84 1c 02 00 00 80 bb 9e 01 00 00 00 0f 85
0x0000000064ad1c5a:   2a 02 00 00 e8 ed 78 f4 ff 48 8d 0d ca 71 19 00
0x0000000064ad1c6a:   66 0f ef f6 e8 5d 4c f4 ff 8b 43 0c f3 0f 10 4b
0x0000000064ad1c7a:   54 48 8b 16 a8 01 75 3c 48 8b 8b d0 03 00 00 f3
0x0000000064ad1c8a:   0f 10 b3 f0 02 00 00 f3 0f 59 b2 84 1a 00 00 f3
0x0000000064ad1c9a:   0f 59 b3 f4 02 00 00 48 85 c9 74 08 f3 0f 59 b1
0x0000000064ad1caa:   f0 02 00 00 f3 0f 10 82 74 16 00 00 f3 0f 58 c0
0x0000000064ad1cba:   f3 0f 58 f0 f3 0f 58 f1 66 0f ef c9 f6 c4 04 74
0x0000000064ad1cca:   48 48 8b 83 d0 03 00 00 f3 0f 10 83 f0 02 00 00
0x0000000064ad1cda:   f3 0f 59 82 84 1a 00 00 f3 0f 10 93 a4 01 00 00
0x0000000064ad1cea:   f3 0f 59 83 f4 02 00 00 48 85 c0 74 08 f3 0f 59
0x0000000064ad1cfa:   80 f0 02 00 00 f3 0f 10 8a 74 16 00 00 f3 0f 58
0x0000000064ad1d0a:   c2 f3 0f 58 c9 f3 0f 58 c8 f3 0f 58 ce f3 0f 10
0x0000000064ad1d1a:   7b 50 66 0f ef ed 45 31 c0 f3 0f 10 43 60 48 8d 


Stack slot to memory mapping:
stack at sp + 0 slots: 0x0000000000000009 is an unknown value
stack at sp + 1 slots: 0x00000253e52cabd0 is pointing into metadata
stack at sp + 2 slots: 0x00000253c9256ee0 is a thread
stack at sp + 3 slots: 0x000000b548eff018 is pointing into the stack for thread: 0x00000253c9256ee0
stack at sp + 4 slots: {method} {0x00000253e56da978} 'beginMenuBar' '()Z' in 'imgui/ImGui'
stack at sp + 5 slots: 0x00000253c9256ee0 is a thread
stack at sp + 6 slots: 0x0 is NULL
stack at sp + 7 slots: 0x0 is NULL


---------------  P R O C E S S  ---------------

Threads class SMR info:
_java_thread_list=0x00000253e59b44a0, length=12, elements={
0x00000253c9256ee0, 0x00000253e5813660, 0x00000253e58144d0, 0x00000253e4fae6d0,
0x00000253e584a510, 0x00000253e583f250, 0x00000253e583fc00, 0x00000253e5840990,
0x00000253e5841430, 0x00000253e58445e0, 0x00000253e59cbae0, 0x00000253e59d32c0
}

Java Threads: ( => current thread )
=>0x00000253c9256ee0 JavaThread "main" [_thread_in_native, id=3752, stack(0x000000b548e00000,0x000000b548f00000)]
  0x00000253e5813660 JavaThread "Reference Handler" daemon [_thread_blocked, id=1896, stack(0x000000b549500000,0x000000b549600000)]
  0x00000253e58144d0 JavaThread "Finalizer" daemon [_thread_blocked, id=6992, stack(0x000000b549600000,0x000000b549700000)]
  0x00000253e4fae6d0 JavaThread "Signal Dispatcher" daemon [_thread_blocked, id=10772, stack(0x000000b549700000,0x000000b549800000)]
  0x00000253e584a510 JavaThread "Attach Listener" daemon [_thread_blocked, id=10360, stack(0x000000b549800000,0x000000b549900000)]
  0x00000253e583f250 JavaThread "Service Thread" daemon [_thread_blocked, id=13280, stack(0x000000b549900000,0x000000b549a00000)]
  0x00000253e583fc00 JavaThread "Monitor Deflation Thread" daemon [_thread_blocked, id=16564, stack(0x000000b549a00000,0x000000b549b00000)]
  0x00000253e5840990 JavaThread "C2 CompilerThread0" daemon [_thread_blocked, id=17908, stack(0x000000b549b00000,0x000000b549c00000)]
  0x00000253e5841430 JavaThread "C1 CompilerThread0" daemon [_thread_blocked, id=15996, stack(0x000000b549c00000,0x000000b549d00000)]
  0x00000253e58445e0 JavaThread "Sweeper thread" daemon [_thread_blocked, id=11596, stack(0x000000b549d00000,0x000000b549e00000)]
  0x00000253e59cbae0 JavaThread "Notification Thread" daemon [_thread_blocked, id=5236, stack(0x000000b549e00000,0x000000b549f00000)]
  0x00000253e59d32c0 JavaThread "Common-Cleaner" daemon [_thread_blocked, id=7352, stack(0x000000b54a000000,0x000000b54a100000)]

Other Threads:
  0x00000253e4f92b20 VMThread "VM Thread" [stack: 0x000000b549400000,0x000000b549500000] [id=14900]
  0x00000253e59cc5c0 WatcherThread [stack: 0x000000b549f00000,0x000000b54a000000] [id=8908]
  0x00000253c92add60 GCTaskThread "GC Thread#0" [stack: 0x000000b548f00000,0x000000b549000000] [id=5940]
  0x00000253c92baaa0 ConcurrentGCThread "G1 Main Marker" [stack: 0x000000b549000000,0x000000b549100000] [id=18596]
  0x00000253c92bbc50 ConcurrentGCThread "G1 Conc#0" [stack: 0x000000b549100000,0x000000b549200000] [id=8416]
  0x00000253e4df00a0 ConcurrentGCThread "G1 Refine#0" [stack: 0x000000b549200000,0x000000b549300000] [id=13244]
  0x00000253e4df0ac0 ConcurrentGCThread "G1 Service" [stack: 0x000000b549300000,0x000000b549400000] [id=13252]

Threads with active compile tasks:

VM state: not at safepoint (normal execution)

VM Mutex/Monitor currently owned by a thread: None

Heap address: 0x0000000742000000, size: 3040 MB, Compressed Oops mode: Zero based, Oop shift amount: 3

CDS archive(s) not mapped
Compressed class space mapped at: 0x0000000800000000-0x0000000840000000, reserved size: 1073741824
Narrow klass base: 0x0000000800000000, Narrow klass shift: 0, Narrow klass range: 0x40000000

GC Precious Log:
 CPUs: 4 total, 4 available
 Memory: 12156M
 Large Page Support: Disabled
 NUMA Support: Disabled
 Compressed Oops: Enabled (Zero based)
 Heap Region Size: 2M
 Heap Min Capacity: 8M
 Heap Initial Capacity: 190M
 Heap Max Capacity: 3040M
 Pre-touch: Disabled
 Parallel Workers: 4
 Concurrent Workers: 1
 Concurrent Refinement Workers: 4
 Periodic GC: Disabled

Heap:
 garbage-first heap   total 194560K, used 6144K [0x0000000742000000, 0x0000000800000000)
  region size 2048K, 4 young (8192K), 0 survivors (0K)
 Metaspace       used 8751K, committed 8960K, reserved 1064960K
  class space    used 718K, committed 832K, reserved 1048576K

Heap Regions: E=young(eden), S=young(survivor), O=old, HS=humongous(starts), HC=humongous(continues), CS=collection set, F=free, OA=open archive, CA=closed archive, TAMS=top-at-mark-start (previous, next)
|   0|0x0000000742000000, 0x0000000742000000, 0x0000000742200000|  0%| F|  |TAMS 0x0000000742000000, 0x0000000742000000| Untracked 
|   1|0x0000000742200000, 0x0000000742200000, 0x0000000742400000|  0%| F|  |TAMS 0x0000000742200000, 0x0000000742200000| Untracked 
|   2|0x0000000742400000, 0x0000000742400000, 0x0000000742600000|  0%| F|  |TAMS 0x0000000742400000, 0x0000000742400000| Untracked 
|   3|0x0000000742600000, 0x0000000742600000, 0x0000000742800000|  0%| F|  |TAMS 0x0000000742600000, 0x0000000742600000| Untracked 
|   4|0x0000000742800000, 0x0000000742800000, 0x0000000742a00000|  0%| F|  |TAMS 0x0000000742800000, 0x0000000742800000| Untracked 
|   5|0x0000000742a00000, 0x0000000742a00000, 0x0000000742c00000|  0%| F|  |TAMS 0x0000000742a00000, 0x0000000742a00000| Untracked 
|   6|0x0000000742c00000, 0x0000000742c00000, 0x0000000742e00000|  0%| F|  |TAMS 0x0000000742c00000, 0x0000000742c00000| Untracked 
|   7|0x0000000742e00000, 0x0000000742e00000, 0x0000000743000000|  0%| F|  |TAMS 0x0000000742e00000, 0x0000000742e00000| Untracked 
|   8|0x0000000743000000, 0x0000000743000000, 0x0000000743200000|  0%| F|  |TAMS 0x0000000743000000, 0x0000000743000000| Untracked 
|   9|0x0000000743200000, 0x0000000743200000, 0x0000000743400000|  0%| F|  |TAMS 0x0000000743200000, 0x0000000743200000| Untracked 
|  10|0x0000000743400000, 0x0000000743400000, 0x0000000743600000|  0%| F|  |TAMS 0x0000000743400000, 0x0000000743400000| Untracked 
|  11|0x0000000743600000, 0x0000000743600000, 0x0000000743800000|  0%| F|  |TAMS 0x0000000743600000, 0x0000000743600000| Untracked 
|  12|0x0000000743800000, 0x0000000743800000, 0x0000000743a00000|  0%| F|  |TAMS 0x0000000743800000, 0x0000000743800000| Untracked 
|  13|0x0000000743a00000, 0x0000000743a00000, 0x0000000743c00000|  0%| F|  |TAMS 0x0000000743a00000, 0x0000000743a00000| Untracked 
|  14|0x0000000743c00000, 0x0000000743c00000, 0x0000000743e00000|  0%| F|  |TAMS 0x0000000743c00000, 0x0000000743c00000| Untracked 
|  15|0x0000000743e00000, 0x0000000743e00000, 0x0000000744000000|  0%| F|  |TAMS 0x0000000743e00000, 0x0000000743e00000| Untracked 
|  16|0x0000000744000000, 0x0000000744000000, 0x0000000744200000|  0%| F|  |TAMS 0x0000000744000000, 0x0000000744000000| Untracked 
|  17|0x0000000744200000, 0x0000000744200000, 0x0000000744400000|  0%| F|  |TAMS 0x0000000744200000, 0x0000000744200000| Untracked 
|  18|0x0000000744400000, 0x0000000744400000, 0x0000000744600000|  0%| F|  |TAMS 0x0000000744400000, 0x0000000744400000| Untracked 
|  19|0x0000000744600000, 0x0000000744600000, 0x0000000744800000|  0%| F|  |TAMS 0x0000000744600000, 0x0000000744600000| Untracked 
|  20|0x0000000744800000, 0x0000000744800000, 0x0000000744a00000|  0%| F|  |TAMS 0x0000000744800000, 0x0000000744800000| Untracked 
|  21|0x0000000744a00000, 0x0000000744a00000, 0x0000000744c00000|  0%| F|  |TAMS 0x0000000744a00000, 0x0000000744a00000| Untracked 
|  22|0x0000000744c00000, 0x0000000744c00000, 0x0000000744e00000|  0%| F|  |TAMS 0x0000000744c00000, 0x0000000744c00000| Untracked 
|  23|0x0000000744e00000, 0x0000000744e00000, 0x0000000745000000|  0%| F|  |TAMS 0x0000000744e00000, 0x0000000744e00000| Untracked 
|  24|0x0000000745000000, 0x0000000745000000, 0x0000000745200000|  0%| F|  |TAMS 0x0000000745000000, 0x0000000745000000| Untracked 
|  25|0x0000000745200000, 0x0000000745200000, 0x0000000745400000|  0%| F|  |TAMS 0x0000000745200000, 0x0000000745200000| Untracked 
|  26|0x0000000745400000, 0x0000000745400000, 0x0000000745600000|  0%| F|  |TAMS 0x0000000745400000, 0x0000000745400000| Untracked 
|  27|0x0000000745600000, 0x0000000745600000, 0x0000000745800000|  0%| F|  |TAMS 0x0000000745600000, 0x0000000745600000| Untracked 
|  28|0x0000000745800000, 0x0000000745800000, 0x0000000745a00000|  0%| F|  |TAMS 0x0000000745800000, 0x0000000745800000| Untracked 
|  29|0x0000000745a00000, 0x0000000745a00000, 0x0000000745c00000|  0%| F|  |TAMS 0x0000000745a00000, 0x0000000745a00000| Untracked 
|  30|0x0000000745c00000, 0x0000000745c00000, 0x0000000745e00000|  0%| F|  |TAMS 0x0000000745c00000, 0x0000000745c00000| Untracked 
|  31|0x0000000745e00000, 0x0000000745e00000, 0x0000000746000000|  0%| F|  |TAMS 0x0000000745e00000, 0x0000000745e00000| Untracked 
|  32|0x0000000746000000, 0x0000000746000000, 0x0000000746200000|  0%| F|  |TAMS 0x0000000746000000, 0x0000000746000000| Untracked 
|  33|0x0000000746200000, 0x0000000746200000, 0x0000000746400000|  0%| F|  |TAMS 0x0000000746200000, 0x0000000746200000| Untracked 
|  34|0x0000000746400000, 0x0000000746400000, 0x0000000746600000|  0%| F|  |TAMS 0x0000000746400000, 0x0000000746400000| Untracked 
|  35|0x0000000746600000, 0x0000000746600000, 0x0000000746800000|  0%| F|  |TAMS 0x0000000746600000, 0x0000000746600000| Untracked 
|  36|0x0000000746800000, 0x0000000746800000, 0x0000000746a00000|  0%| F|  |TAMS 0x0000000746800000, 0x0000000746800000| Untracked 
|  37|0x0000000746a00000, 0x0000000746a00000, 0x0000000746c00000|  0%| F|  |TAMS 0x0000000746a00000, 0x0000000746a00000| Untracked 
|  38|0x0000000746c00000, 0x0000000746c00000, 0x0000000746e00000|  0%| F|  |TAMS 0x0000000746c00000, 0x0000000746c00000| Untracked 
|  39|0x0000000746e00000, 0x0000000746e00000, 0x0000000747000000|  0%| F|  |TAMS 0x0000000746e00000, 0x0000000746e00000| Untracked 
|  40|0x0000000747000000, 0x0000000747000000, 0x0000000747200000|  0%| F|  |TAMS 0x0000000747000000, 0x0000000747000000| Untracked 
|  41|0x0000000747200000, 0x0000000747200000, 0x0000000747400000|  0%| F|  |TAMS 0x0000000747200000, 0x0000000747200000| Untracked 
|  42|0x0000000747400000, 0x0000000747400000, 0x0000000747600000|  0%| F|  |TAMS 0x0000000747400000, 0x0000000747400000| Untracked 
|  43|0x0000000747600000, 0x0000000747600000, 0x0000000747800000|  0%| F|  |TAMS 0x0000000747600000, 0x0000000747600000| Untracked 
|  44|0x0000000747800000, 0x0000000747800000, 0x0000000747a00000|  0%| F|  |TAMS 0x0000000747800000, 0x0000000747800000| Untracked 
|  45|0x0000000747a00000, 0x0000000747a00000, 0x0000000747c00000|  0%| F|  |TAMS 0x0000000747a00000, 0x0000000747a00000| Untracked 
|  46|0x0000000747c00000, 0x0000000747c00000, 0x0000000747e00000|  0%| F|  |TAMS 0x0000000747c00000, 0x0000000747c00000| Untracked 
|  47|0x0000000747e00000, 0x0000000747e00000, 0x0000000748000000|  0%| F|  |TAMS 0x0000000747e00000, 0x0000000747e00000| Untracked 
|  48|0x0000000748000000, 0x0000000748000000, 0x0000000748200000|  0%| F|  |TAMS 0x0000000748000000, 0x0000000748000000| Untracked 
|  49|0x0000000748200000, 0x0000000748200000, 0x0000000748400000|  0%| F|  |TAMS 0x0000000748200000, 0x0000000748200000| Untracked 
|  50|0x0000000748400000, 0x0000000748400000, 0x0000000748600000|  0%| F|  |TAMS 0x0000000748400000, 0x0000000748400000| Untracked 
|  51|0x0000000748600000, 0x0000000748600000, 0x0000000748800000|  0%| F|  |TAMS 0x0000000748600000, 0x0000000748600000| Untracked 
|  52|0x0000000748800000, 0x0000000748800000, 0x0000000748a00000|  0%| F|  |TAMS 0x0000000748800000, 0x0000000748800000| Untracked 
|  53|0x0000000748a00000, 0x0000000748a00000, 0x0000000748c00000|  0%| F|  |TAMS 0x0000000748a00000, 0x0000000748a00000| Untracked 
|  54|0x0000000748c00000, 0x0000000748c00000, 0x0000000748e00000|  0%| F|  |TAMS 0x0000000748c00000, 0x0000000748c00000| Untracked 
|  55|0x0000000748e00000, 0x0000000748e00000, 0x0000000749000000|  0%| F|  |TAMS 0x0000000748e00000, 0x0000000748e00000| Untracked 
|  56|0x0000000749000000, 0x0000000749000000, 0x0000000749200000|  0%| F|  |TAMS 0x0000000749000000, 0x0000000749000000| Untracked 
|  57|0x0000000749200000, 0x0000000749200000, 0x0000000749400000|  0%| F|  |TAMS 0x0000000749200000, 0x0000000749200000| Untracked 
|  58|0x0000000749400000, 0x0000000749400000, 0x0000000749600000|  0%| F|  |TAMS 0x0000000749400000, 0x0000000749400000| Untracked 
|  59|0x0000000749600000, 0x0000000749600000, 0x0000000749800000|  0%| F|  |TAMS 0x0000000749600000, 0x0000000749600000| Untracked 
|  60|0x0000000749800000, 0x0000000749800000, 0x0000000749a00000|  0%| F|  |TAMS 0x0000000749800000, 0x0000000749800000| Untracked 
|  61|0x0000000749a00000, 0x0000000749a00000, 0x0000000749c00000|  0%| F|  |TAMS 0x0000000749a00000, 0x0000000749a00000| Untracked 
|  62|0x0000000749c00000, 0x0000000749c00000, 0x0000000749e00000|  0%| F|  |TAMS 0x0000000749c00000, 0x0000000749c00000| Untracked 
|  63|0x0000000749e00000, 0x0000000749e00000, 0x000000074a000000|  0%| F|  |TAMS 0x0000000749e00000, 0x0000000749e00000| Untracked 
|  64|0x000000074a000000, 0x000000074a000000, 0x000000074a200000|  0%| F|  |TAMS 0x000000074a000000, 0x000000074a000000| Untracked 
|  65|0x000000074a200000, 0x000000074a200000, 0x000000074a400000|  0%| F|  |TAMS 0x000000074a200000, 0x000000074a200000| Untracked 
|  66|0x000000074a400000, 0x000000074a400000, 0x000000074a600000|  0%| F|  |TAMS 0x000000074a400000, 0x000000074a400000| Untracked 
|  67|0x000000074a600000, 0x000000074a600000, 0x000000074a800000|  0%| F|  |TAMS 0x000000074a600000, 0x000000074a600000| Untracked 
|  68|0x000000074a800000, 0x000000074a800000, 0x000000074aa00000|  0%| F|  |TAMS 0x000000074a800000, 0x000000074a800000| Untracked 
|  69|0x000000074aa00000, 0x000000074aa00000, 0x000000074ac00000|  0%| F|  |TAMS 0x000000074aa00000, 0x000000074aa00000| Untracked 
|  70|0x000000074ac00000, 0x000000074ac00000, 0x000000074ae00000|  0%| F|  |TAMS 0x000000074ac00000, 0x000000074ac00000| Untracked 
|  71|0x000000074ae00000, 0x000000074ae00000, 0x000000074b000000|  0%| F|  |TAMS 0x000000074ae00000, 0x000000074ae00000| Untracked 
|  72|0x000000074b000000, 0x000000074b000000, 0x000000074b200000|  0%| F|  |TAMS 0x000000074b000000, 0x000000074b000000| Untracked 
|  73|0x000000074b200000, 0x000000074b200000, 0x000000074b400000|  0%| F|  |TAMS 0x000000074b200000, 0x000000074b200000| Untracked 
|  74|0x000000074b400000, 0x000000074b400000, 0x000000074b600000|  0%| F|  |TAMS 0x000000074b400000, 0x000000074b400000| Untracked 
|  75|0x000000074b600000, 0x000000074b600000, 0x000000074b800000|  0%| F|  |TAMS 0x000000074b600000, 0x000000074b600000| Untracked 
|  76|0x000000074b800000, 0x000000074b800000, 0x000000074ba00000|  0%| F|  |TAMS 0x000000074b800000, 0x000000074b800000| Untracked 
|  77|0x000000074ba00000, 0x000000074ba00000, 0x000000074bc00000|  0%| F|  |TAMS 0x000000074ba00000, 0x000000074ba00000| Untracked 
|  78|0x000000074bc00000, 0x000000074bc00000, 0x000000074be00000|  0%| F|  |TAMS 0x000000074bc00000, 0x000000074bc00000| Untracked 
|  79|0x000000074be00000, 0x000000074be00000, 0x000000074c000000|  0%| F|  |TAMS 0x000000074be00000, 0x000000074be00000| Untracked 
|  80|0x000000074c000000, 0x000000074c000000, 0x000000074c200000|  0%| F|  |TAMS 0x000000074c000000, 0x000000074c000000| Untracked 
|  81|0x000000074c200000, 0x000000074c200000, 0x000000074c400000|  0%| F|  |TAMS 0x000000074c200000, 0x000000074c200000| Untracked 
|  82|0x000000074c400000, 0x000000074c400000, 0x000000074c600000|  0%| F|  |TAMS 0x000000074c400000, 0x000000074c400000| Untracked 
|  83|0x000000074c600000, 0x000000074c600000, 0x000000074c800000|  0%| F|  |TAMS 0x000000074c600000, 0x000000074c600000| Untracked 
|  84|0x000000074c800000, 0x000000074c800000, 0x000000074ca00000|  0%| F|  |TAMS 0x000000074c800000, 0x000000074c800000| Untracked 
|  85|0x000000074ca00000, 0x000000074ca00000, 0x000000074cc00000|  0%| F|  |TAMS 0x000000074ca00000, 0x000000074ca00000| Untracked 
|  86|0x000000074cc00000, 0x000000074cc00000, 0x000000074ce00000|  0%| F|  |TAMS 0x000000074cc00000, 0x000000074cc00000| Untracked 
|  87|0x000000074ce00000, 0x000000074ce00000, 0x000000074d000000|  0%| F|  |TAMS 0x000000074ce00000, 0x000000074ce00000| Untracked 
|  88|0x000000074d000000, 0x000000074d000000, 0x000000074d200000|  0%| F|  |TAMS 0x000000074d000000, 0x000000074d000000| Untracked 
|  89|0x000000074d200000, 0x000000074d200000, 0x000000074d400000|  0%| F|  |TAMS 0x000000074d200000, 0x000000074d200000| Untracked 
|  90|0x000000074d400000, 0x000000074d400000, 0x000000074d600000|  0%| F|  |TAMS 0x000000074d400000, 0x000000074d400000| Untracked 
|  91|0x000000074d600000, 0x000000074d63df20, 0x000000074d800000| 12%| E|  |TAMS 0x000000074d600000, 0x000000074d600000| Complete 
|  92|0x000000074d800000, 0x000000074da00000, 0x000000074da00000|100%| E|CS|TAMS 0x000000074d800000, 0x000000074d800000| Complete 
|  93|0x000000074da00000, 0x000000074dc00000, 0x000000074dc00000|100%| E|CS|TAMS 0x000000074da00000, 0x000000074da00000| Complete 
|  94|0x000000074dc00000, 0x000000074de00000, 0x000000074de00000|100%| E|CS|TAMS 0x000000074dc00000, 0x000000074dc00000| Complete 

Card table byte_map: [0x00000253dbfa0000,0x00000253dc590000] _byte_map_base: 0x00000253d8590000

Marking Bits (Prev, Next): (CMBitMap*) 0x00000253c92ae370, (CMBitMap*) 0x00000253c92ae3b0
 Prev Bits: [0x00000253dcb80000, 0x00000253dfb00000)
 Next Bits: [0x00000253dfb00000, 0x00000253e2a80000)

Polling page: 0x00000253c8a20000

Metaspace:

Usage:
  Non-class:      7.85 MB used.
      Class:    718.05 KB used.
       Both:      8.55 MB used.

Virtual space:
  Non-class space:       16.00 MB reserved,       7.94 MB ( 50%) committed,  2 nodes.
      Class space:        1.00 GB reserved,     832.00 KB ( <1%) committed,  1 nodes.
             Both:        1.02 GB reserved,       8.75 MB ( <1%) committed. 

Chunk freelists:
   Non-Class:  3.97 MB
       Class:  3.17 MB
        Both:  7.14 MB

MaxMetaspaceSize: unlimited
CompressedClassSpaceSize: 1.00 GB
Initial GC threshold: 21.00 MB
Current GC threshold: 21.00 MB
CDS: off
MetaspaceReclaimPolicy: balanced
 - commit_granule_bytes: 65536.
 - commit_granule_words: 8192.
 - virtual_space_node_default_size: 1048576.
 - enlarge_chunks_in_place: 1.
 - new_chunks_are_fully_committed: 0.
 - uncommit_free_chunks: 1.
 - use_allocation_guard: 0.
 - handle_deallocations: 1.


Internal statistics:

num_allocs_failed_limit: 0.
num_arena_births: 58.
num_arena_deaths: 0.
num_vsnodes_births: 3.
num_vsnodes_deaths: 0.
num_space_committed: 140.
num_space_uncommitted: 0.
num_chunks_returned_to_freelist: 0.
num_chunks_taken_from_freelist: 129.
num_chunk_merges: 0.
num_chunk_splits: 79.
num_chunks_enlarged: 56.
num_purges: 0.
num_inconsistent_stats: 0.

CodeHeap 'non-profiled nmethods': size=120000Kb used=157Kb max_used=157Kb free=119842Kb
 bounds [0x00000253d4480000, 0x00000253d46f0000, 0x00000253db9b0000]
CodeHeap 'profiled nmethods': size=120000Kb used=765Kb max_used=765Kb free=119234Kb
 bounds [0x00000253ccf50000, 0x00000253cd1c0000, 0x00000253d4480000]
CodeHeap 'non-nmethods': size=5760Kb used=1605Kb max_used=1621Kb free=4154Kb
 bounds [0x00000253cc9b0000, 0x00000253ccc20000, 0x00000253ccf50000]
 total_blobs=1549 nmethods=509 adapters=953
 compilation: enabled
              stopped_count=0, restarted_count=0
 full_count=0

Compilation events (20 events):
Event: 0.671 Thread 0x00000253e5841430  497       3       java.lang.StringConcatHelper::mix (27 bytes)
Event: 0.671 Thread 0x00000253e5841430 nmethod 497 0x00000253cd00bc90 code [0x00000253cd00be60, 0x00000253cd00c288]
Event: 0.671 Thread 0x00000253e5841430  498       3       java.lang.StringConcatHelper::checkOverflow (17 bytes)
Event: 0.671 Thread 0x00000253e5841430 nmethod 498 0x00000253cd00c490 code [0x00000253cd00c640, 0x00000253cd00c828]
Event: 0.671 Thread 0x00000253e5841430  499       3       java.lang.String::getBytes (44 bytes)
Event: 0.671 Thread 0x00000253e5841430 nmethod 499 0x00000253cd00c910 code [0x00000253cd00cae0, 0x00000253cd00cdf8]
Event: 0.671 Thread 0x00000253e5841430  500       3       java.lang.StringConcatHelper::prepend (37 bytes)
Event: 0.672 Thread 0x00000253e5841430 nmethod 500 0x00000253cd00cf10 code [0x00000253cd00d0e0, 0x00000253cd00d3b8]
Event: 0.672 Thread 0x00000253e5841430  494       3       java.net.URL::<init> (8 bytes)
Event: 0.672 Thread 0x00000253e5841430 nmethod 494 0x00000253cd00d510 code [0x00000253cd00d6c0, 0x00000253cd00d808]
Event: 0.672 Thread 0x00000253e5841430  504       1       java.lang.NamedPackage::module (5 bytes)
Event: 0.672 Thread 0x00000253e5841430 nmethod 504 0x00000253d44a6210 code [0x00000253d44a63a0, 0x00000253d44a6478]
Event: 0.672 Thread 0x00000253e5841430  502       1       java.nio.HeapByteBuffer::isDirect (2 bytes)
Event: 0.672 Thread 0x00000253e5841430 nmethod 502 0x00000253d44a6510 code [0x00000253d44a66a0, 0x00000253d44a6778]
Event: 0.672 Thread 0x00000253e5841430  508       3       java.util.WeakHashMap::remove (131 bytes)
Event: 0.673 Thread 0x00000253e5841430 nmethod 508 0x00000253cd00d890 code [0x00000253cd00dae0, 0x00000253cd00e678]
Event: 0.673 Thread 0x00000253e5841430  509       3       java.util.jar.JarFile::maybeInstantiateVerifier (42 bytes)
Event: 0.674 Thread 0x00000253e5841430 nmethod 509 0x00000253cd00ea90 code [0x00000253cd00ec60, 0x00000253cd00eff8]
Event: 0.674 Thread 0x00000253e5841430  507       3       java.util.Collections$SetFromMap::remove (19 bytes)
Event: 0.674 Thread 0x00000253e5841430 nmethod 507 0x00000253cd00f110 code [0x00000253cd00f2c0, 0x00000253cd00f4e8]

GC Heap History (0 events):
No events

Deoptimization events (8 events):
Event: 0.266 Thread 0x00000253c9256ee0 DEOPT PACKING pc=0x00000253ccf672e7 sp=0x000000b548efd980
Event: 0.266 Thread 0x00000253c9256ee0 DEOPT UNPACKING pc=0x00000253cca02b43 sp=0x000000b548efcda0 mode 0
Event: 0.333 Thread 0x00000253c9256ee0 DEOPT PACKING pc=0x00000253ccf560d1 sp=0x000000b548efe040
Event: 0.333 Thread 0x00000253c9256ee0 DEOPT UNPACKING pc=0x00000253cca02b43 sp=0x000000b548efd4b8 mode 0
Event: 0.336 Thread 0x00000253c9256ee0 Uncommon trap: trap_request=0xffffff45 fr.pc=0x00000253d44876e4 relative=0x0000000000000064
Event: 0.336 Thread 0x00000253c9256ee0 Uncommon trap: reason=unstable_if action=reinterpret pc=0x00000253d44876e4 method=java.io.WinNTFileSystem.isSlash(C)Z @ 9 c2
Event: 0.336 Thread 0x00000253c9256ee0 DEOPT PACKING pc=0x00000253d44876e4 sp=0x000000b548efdff0
Event: 0.336 Thread 0x00000253c9256ee0 DEOPT UNPACKING pc=0x00000253cca023a3 sp=0x000000b548efdf78 mode 2

Classes unloaded (0 events):
No events

Classes redefined (0 events):
No events

Internal exceptions (11 events):
Event: 0.360 Thread 0x00000253c9256ee0 Exception <a 'java/lang/NoSuchMethodError'{0x000000074db63ae8}: 'java.lang.Object java.lang.invoke.DirectMethodHandle$Holder.invokeStaticInit(java.lang.Object)'> (0x000000074db63ae8) 
thrown [s\src\hotspot\share\interpreter\linkResolver.cpp, line 771]
Event: 0.378 Thread 0x00000253c9256ee0 Exception <a 'java/lang/NoSuchMethodError'{0x000000074dbb8e08}: 'void java.lang.invoke.DirectMethodHandle$Holder.invokeStatic(java.lang.Object, java.lang.Object)'> (0x000000074dbb8e08) 
thrown [s\src\hotspot\share\interpreter\linkResolver.cpp, line 771]
Event: 0.380 Thread 0x00000253c9256ee0 Exception <a 'java/lang/NoSuchMethodError'{0x000000074dbbe650}: 'void java.lang.invoke.DirectMethodHandle$Holder.invokeSpecial(java.lang.Object, java.lang.Object, java.lang.Object)'> (0x000000074dbbe650) 
thrown [s\src\hotspot\share\interpreter\linkResolver.cpp, line 771]
Event: 0.383 Thread 0x00000253c9256ee0 Exception <a 'java/lang/NoSuchMethodError'{0x000000074dbd05a0}: 'java.lang.Object java.lang.invoke.DirectMethodHandle$Holder.invokeStatic(java.lang.Object, java.lang.Object, int)'> (0x000000074dbd05a0) 
thrown [s\src\hotspot\share\interpreter\linkResolver.cpp, line 771]
Event: 0.385 Thread 0x00000253c9256ee0 Exception <a 'java/lang/NoSuchMethodError'{0x000000074dbdc290}: 'void java.lang.invoke.DelegatingMethodHandle$Holder.delegate(java.lang.Object, java.lang.Object, int, java.lang.Object)'> (0x000000074dbdc290) 
thrown [s\src\hotspot\share\interpreter\linkResolver.cpp, line 771]
Event: 0.386 Thread 0x00000253c9256ee0 Exception <a 'java/lang/NoSuchMethodError'{0x000000074dbe04d0}: 'int java.lang.invoke.DirectMethodHandle$Holder.invokeSpecial(java.lang.Object, java.lang.Object, java.lang.Object)'> (0x000000074dbe04d0) 
thrown [s\src\hotspot\share\interpreter\linkResolver.cpp, line 771]
Event: 0.435 Thread 0x00000253c9256ee0 Exception <a 'sun/nio/fs/WindowsException'{0x000000074d83ce88}> (0x000000074d83ce88) 
thrown [s\src\hotspot\share\prims\jni.cpp, line 517]
Event: 0.436 Thread 0x00000253c9256ee0 Exception <a 'sun/nio/fs/WindowsException'{0x000000074d83d3d8}> (0x000000074d83d3d8) 
thrown [s\src\hotspot\share\prims\jni.cpp, line 517]
Event: 0.498 Thread 0x00000253c9256ee0 Exception <a 'sun/nio/fs/WindowsException'{0x000000074d9353a0}> (0x000000074d9353a0) 
thrown [s\src\hotspot\share\prims\jni.cpp, line 517]
Event: 0.498 Thread 0x00000253c9256ee0 Exception <a 'sun/nio/fs/WindowsException'{0x000000074d935700}> (0x000000074d935700) 
thrown [s\src\hotspot\share\prims\jni.cpp, line 517]
Event: 0.614 Thread 0x00000253c9256ee0 Exception <a 'sun/nio/fs/WindowsException'{0x000000074d9c95d8}> (0x000000074d9c95d8) 
thrown [s\src\hotspot\share\prims\jni.cpp, line 517]

VM Operations (2 events):
Event: 0.234 Executing VM operation: HandshakeAllThreads
Event: 0.234 Executing VM operation: HandshakeAllThreads done

Events (20 events):
Event: 0.459 loading class jdk/internal/reflect/UnsafeQualifiedStaticObjectFieldAccessorImpl done
Event: 0.467 loading class java/nio/BufferOverflowException
Event: 0.467 loading class java/nio/BufferOverflowException done
Event: 0.467 loading class java/nio/InvalidMarkException
Event: 0.467 loading class java/nio/InvalidMarkException done
Event: 0.467 loading class java/nio/BufferUnderflowException
Event: 0.467 loading class java/nio/BufferUnderflowException done
Event: 0.482 loading class java/util/function/BiPredicate
Event: 0.482 loading class java/util/function/BiPredicate done
Event: 0.498 loading class java/lang/NoSuchFieldError
Event: 0.498 loading class java/lang/NoSuchFieldError done
Event: 0.502 loading class jdk/internal/reflect/UnsafeQualifiedStaticIntegerFieldAccessorImpl
Event: 0.502 loading class jdk/internal/reflect/UnsafeQualifiedStaticIntegerFieldAccessorImpl done
Event: 0.611 loading class java/io/UncheckedIOException
Event: 0.611 loading class java/io/UncheckedIOException done
Event: 0.613 loading class java/nio/file/StandardCopyOption
Event: 0.614 loading class java/nio/file/StandardCopyOption done
Event: 0.617 loading class jdk/internal/misc/ScopedMemoryAccess$Scope
Event: 0.617 loading class jdk/internal/misc/ScopedMemoryAccess$Scope done
Event: 0.663 Loaded shared library C:\Users\Acer\AppData\Local\Temp\imgui-java-natives_1681540519472\imgui-java64.dll


Dynamic libraries:
0x00007ff790ea0000 - 0x00007ff790eaa000 	C:\Program Files\JetBrains\IntelliJ IDEA Community Edition 2022.2.2\jbr\bin\java.exe
0x00007ffecd510000 - 0x00007ffecd708000 	C:\Windows\SYSTEM32\ntdll.dll
0x00007ffecbb10000 - 0x00007ffecbbcf000 	C:\Windows\System32\KERNEL32.DLL
0x00007ffecac20000 - 0x00007ffecaefa000 	C:\Windows\System32\KERNELBASE.dll
0x00007ffecafb0000 - 0x00007ffecb0b0000 	C:\Windows\System32\ucrtbase.dll
0x00007ffebb8a0000 - 0x00007ffebb8bb000 	C:\Program Files\JetBrains\IntelliJ IDEA Community Edition 2022.2.2\jbr\bin\VCRUNTIME140.dll
0x00007ffea96d0000 - 0x00007ffea96e7000 	C:\Program Files\JetBrains\IntelliJ IDEA Community Edition 2022.2.2\jbr\bin\jli.dll
0x00007ffecd210000 - 0x00007ffecd3ad000 	C:\Windows\System32\USER32.dll
0x00007ffecb280000 - 0x00007ffecb2a2000 	C:\Windows\System32\win32u.dll
0x00007ffebbd50000 - 0x00007ffebbfea000 	C:\Windows\WinSxS\amd64_microsoft.windows.common-controls_6595b64144ccf1df_6.0.19041.1110_none_60b5254171f9507e\COMCTL32.dll
0x00007ffecc120000 - 0x00007ffecc14b000 	C:\Windows\System32\GDI32.dll
0x00007ffecd0a0000 - 0x00007ffecd13e000 	C:\Windows\System32\msvcrt.dll
0x00007ffecb0e0000 - 0x00007ffecb1f0000 	C:\Windows\System32\gdi32full.dll
0x00007ffecb2b0000 - 0x00007ffecb34d000 	C:\Windows\System32\msvcp_win.dll
0x00007ffecc480000 - 0x00007ffecc4b0000 	C:\Windows\System32\IMM32.DLL
0x00007ffec3830000 - 0x00007ffec383c000 	C:\Program Files\JetBrains\IntelliJ IDEA Community Edition 2022.2.2\jbr\bin\vcruntime140_1.dll
0x00007ffea6800000 - 0x00007ffea688d000 	C:\Program Files\JetBrains\IntelliJ IDEA Community Edition 2022.2.2\jbr\bin\msvcp140.dll
0x00007ffe86d80000 - 0x00007ffe879e9000 	C:\Program Files\JetBrains\IntelliJ IDEA Community Edition 2022.2.2\jbr\bin\server\jvm.dll
0x00007ffeccff0000 - 0x00007ffecd09e000 	C:\Windows\System32\ADVAPI32.dll
0x00007ffecc230000 - 0x00007ffecc2cc000 	C:\Windows\System32\sechost.dll
0x00007ffecb910000 - 0x00007ffecba36000 	C:\Windows\System32\RPCRT4.dll
0x00007ffecc4b0000 - 0x00007ffecc4b8000 	C:\Windows\System32\PSAPI.DLL
0x00007ffea7860000 - 0x00007ffea7887000 	C:\Windows\SYSTEM32\WINMM.dll
0x00007ffec5d40000 - 0x00007ffec5d4a000 	C:\Windows\SYSTEM32\VERSION.dll
0x00007ffebccd0000 - 0x00007ffebccd9000 	C:\Windows\SYSTEM32\WSOCK32.dll
0x00007ffecba40000 - 0x00007ffecbaab000 	C:\Windows\System32\WS2_32.dll
0x00007ffec8a00000 - 0x00007ffec8a12000 	C:\Windows\SYSTEM32\kernel.appcore.dll
0x00007ffebb4b0000 - 0x00007ffebb4ba000 	C:\Program Files\JetBrains\IntelliJ IDEA Community Edition 2022.2.2\jbr\bin\jimage.dll
0x00007ffec41d0000 - 0x00007ffec43b4000 	C:\Windows\SYSTEM32\DBGHELP.DLL
0x00007ffec3de0000 - 0x00007ffec3e14000 	C:\Windows\SYSTEM32\dbgcore.DLL
0x00007ffecb1f0000 - 0x00007ffecb272000 	C:\Windows\System32\bcryptPrimitives.dll
0x00007ffea95c0000 - 0x00007ffea95e5000 	C:\Program Files\JetBrains\IntelliJ IDEA Community Edition 2022.2.2\jbr\bin\java.dll
0x00007ffea95a0000 - 0x00007ffea95b8000 	C:\Program Files\JetBrains\IntelliJ IDEA Community Edition 2022.2.2\jbr\bin\zip.dll
0x00007ffecc540000 - 0x00007ffeccc84000 	C:\Windows\System32\SHELL32.dll
0x00007ffec8ce0000 - 0x00007ffec9473000 	C:\Windows\SYSTEM32\windows.storage.dll
0x00007ffeccc90000 - 0x00007ffeccfe4000 	C:\Windows\System32\combase.dll
0x00007ffeca5a0000 - 0x00007ffeca5ce000 	C:\Windows\SYSTEM32\Wldp.dll
0x00007ffecb570000 - 0x00007ffecb61d000 	C:\Windows\System32\SHCORE.dll
0x00007ffecc4c0000 - 0x00007ffecc515000 	C:\Windows\System32\shlwapi.dll
0x00007ffecab60000 - 0x00007ffecab7f000 	C:\Windows\SYSTEM32\profapi.dll
0x00007ffea9580000 - 0x00007ffea9599000 	C:\Program Files\JetBrains\IntelliJ IDEA Community Edition 2022.2.2\jbr\bin\net.dll
0x00007ffec2690000 - 0x00007ffec279a000 	C:\Windows\SYSTEM32\WINHTTP.dll
0x00007ffeca300000 - 0x00007ffeca36a000 	C:\Windows\system32\mswsock.dll
0x00007ffea66f0000 - 0x00007ffea6706000 	C:\Program Files\JetBrains\IntelliJ IDEA Community Edition 2022.2.2\jbr\bin\nio.dll
0x00007ffeba360000 - 0x00007ffeba3c4000 	C:\Users\Acer\AppData\Local\Temp\lwjglAcer\3.2.3-build-13\lwjgl.dll
0x00007ffeba2f0000 - 0x00007ffeba352000 	C:\Users\Acer\AppData\Local\Temp\lwjglAcer\3.2.3-build-13\glfw.dll
0x00007ffec8610000 - 0x00007ffec86ae000 	C:\Windows\system32\uxtheme.dll
0x00007ffeba260000 - 0x00007ffeba2a5000 	C:\Windows\SYSTEM32\dinput8.dll
0x00007ffec4cf0000 - 0x00007ffec4d01000 	C:\Windows\SYSTEM32\xinput1_4.dll
0x00007ffecb350000 - 0x00007ffecb39e000 	C:\Windows\System32\cfgmgr32.dll
0x00007ffeca8f0000 - 0x00007ffeca91c000 	C:\Windows\SYSTEM32\DEVOBJ.dll
0x00007ffec89d0000 - 0x00007ffec89ff000 	C:\Windows\SYSTEM32\dwmapi.dll
0x00007ffec5b70000 - 0x00007ffec5cc2000 	C:\Windows\SYSTEM32\inputhost.dll
0x00007ffecd140000 - 0x00007ffecd20d000 	C:\Windows\System32\OLEAUT32.dll
0x00007ffec82f0000 - 0x00007ffec83e2000 	C:\Windows\SYSTEM32\CoreMessaging.dll
0x00007ffec65b0000 - 0x00007ffec66a6000 	C:\Windows\SYSTEM32\PROPSYS.dll
0x00007ffec7880000 - 0x00007ffec79d4000 	C:\Windows\SYSTEM32\wintypes.dll
0x00007ffec7f90000 - 0x00007ffec82ee000 	C:\Windows\SYSTEM32\CoreUIComponents.dll
0x00007ffec9d40000 - 0x00007ffec9d73000 	C:\Windows\SYSTEM32\ntmarta.dll
0x00007ffecd3b0000 - 0x00007ffecd4c4000 	C:\Windows\System32\MSCTF.dll
0x00007ffec9480000 - 0x00007ffec948d000 	C:\Windows\SYSTEM32\HID.DLL
0x00007ffecbbd0000 - 0x00007ffecc038000 	C:\Windows\System32\SETUPAPI.DLL
0x00007ffecb0b0000 - 0x00007ffecb0d7000 	C:\Windows\System32\bcrypt.dll
0x00007ffecb500000 - 0x00007ffecb567000 	C:\Windows\System32\WINTRUST.dll
0x00007ffecb3a0000 - 0x00007ffecb4f6000 	C:\Windows\System32\CRYPT32.dll
0x00007ffeca730000 - 0x00007ffeca742000 	C:\Windows\SYSTEM32\MSASN1.dll
0x0000000064a00000 - 0x0000000064d10000 	C:\Users\Acer\AppData\Local\Temp\imgui-java-natives_1681540519472\imgui-java64.dll
0x00007ffeca500000 - 0x00007ffeca518000 	C:\Windows\SYSTEM32\CRYPTSP.dll
0x00007ffec9c20000 - 0x00007ffec9c54000 	C:\Windows\system32\rsaenh.dll
0x00007ffeca4f0000 - 0x00007ffeca4fc000 	C:\Windows\SYSTEM32\CRYPTBASE.dll

dbghelp: loaded successfully - version: 4.0.5 - missing functions: none
symbol engine: initialized successfully - sym options: 0x614 - pdb path: .;C:\Program Files\JetBrains\IntelliJ IDEA Community Edition 2022.2.2\jbr\bin;C:\Windows\SYSTEM32;C:\Windows\WinSxS\amd64_microsoft.windows.common-controls_6595b64144ccf1df_6.0.19041.1110_none_60b5254171f9507e;C:\Program Files\JetBrains\IntelliJ IDEA Community Edition 2022.2.2\jbr\bin\server;C:\Users\Acer\AppData\Local\Temp\lwjglAcer\3.2.3-build-13;C:\Users\Acer\AppData\Local\Temp\imgui-java-natives_1681540519472

VM Arguments:
jvm_args: -Dfile.encoding=windows-1252 -Duser.country=US -Duser.language=en -Duser.variant 
java_command: Main
java_class_path (initial): C:\Users\Acer\Documents\GitHub\NiceEngine\NiceEngine\build\classes\java\main;C:\Users\Acer\Documents\GitHub\NiceEngine\NiceEngine\build\resources\main;C:\Users\Acer\Documents\GitHub\NiceEngine\NiceEngine\libs\jbox2d-library.jar;C:\Users\Acer\.gradle\caches\modules-2\files-2.1\com.google.code.gson\gson\2.8.6\9180733b7df8542621dc12e21e87557e8c99b8cb\gson-2.8.6.jar;C:\Users\Acer\.gradle\caches\modules-2\files-2.1\io.github.spair\imgui-java-app\1.81.0\37a0be053a63da53c3628b3d6186ccbd380f7106\imgui-java-app-1.81.0.jar;C:\Users\Acer\.gradle\caches\modules-2\files-2.1\io.github.spair\imgui-java-lwjgl3\1.81.0\6c92680fc6e9951532445ecc35b44f2d4cd82d76\imgui-java-lwjgl3-1.81.0.jar;C:\Users\Acer\.gradle\caches\modules-2\files-2.1\org.reflections\reflections\0.10.2\b638d7ca0e0fe0146b60a0e7ba232ad852a73b31\reflections-0.10.2.jar;C:\Users\Acer\.gradle\caches\modules-2\files-2.1\org.lwjgl\lwjgl-assimp\3.2.3\f62aa07a20afbdd3097efc296c4841e0d29700eb\lwjgl-assimp-3.2.3.jar;C:\Users\Acer\.gradle\caches\modules-2\files-2.1\org.lwjgl\lwjgl-assimp\3.2.3\4e60aeb75f0343c4a9ede4ef8b6b32ca702a00a3\lwjgl-assimp-3.2.3-natives-windows.jar;C:\Users\Acer\.gradle\caches\modules-2\files-2.1\org.lwjgl\lwjgl-glfw\3.2.3\5e520d5c290c8b012545a8d34fa5db5ab051ea53\lwjgl-glfw-3.2.3.jar;C:\Users\Acer\.gradle\caches\modules-2\files-2.1\org.lwjgl\lwjgl-glfw\3.2.3\b4d8a3477cdc2edcf7a5f1e822926be846223f54\lwjgl-glfw-3.2.3-natives-windows.jar;C:\Users\Acer\.gradle\caches\modules-2\files-2.1\org.lwjgl\lwjgl-glfw\3.2.3\62b044d9b0a057444bef2ab70b9afc288ec09dba\lwjgl-glfw-3.2.3-natives-linux.jar;C:\Users\Acer\.gradle\caches\modules-2\files-2.1\org.lwjgl\lwjgl-glfw\3.2.3\58661272eacb9116336c88b4aadccf1f17c09b\lwjgl-glfw-3.2.3-natives-macos.jar;C:\Users\Acer\.gradle\caches\modules-2\files-2.1\org.lwjgl\lwjgl-nfd\3.2.3\c44fee1043c022cf6614a28872d44cf114ca7737\lwjgl-nfd-3.2.3.jar;C:\Users\Acer\.gradle\caches\modules-2\files-2.1\org.lwjgl\lwjgl-nfd\3.2.3\32782f5f5c57769efb82af864e70b819c77bc89
Launcher Type: SUN_STANDARD

[Global flags]
     intx CICompilerCount                          = 3                                         {product} {ergonomic}
     uint ConcGCThreads                            = 1                                         {product} {ergonomic}
     uint G1ConcRefinementThreads                  = 4                                         {product} {ergonomic}
   size_t G1HeapRegionSize                         = 2097152                                   {product} {ergonomic}
    uintx GCDrainStackTargetSize                   = 64                                        {product} {ergonomic}
   size_t InitialHeapSize                          = 199229440                                 {product} {ergonomic}
   size_t MarkStackSize                            = 4194304                                   {product} {ergonomic}
   size_t MaxHeapSize                              = 3187671040                                {product} {ergonomic}
   size_t MaxNewSize                               = 1912602624                                {product} {ergonomic}
   size_t MinHeapDeltaBytes                        = 2097152                                   {product} {ergonomic}
   size_t MinHeapSize                              = 8388608                                   {product} {ergonomic}
    uintx NonNMethodCodeHeapSize                   = 5832780                                {pd product} {ergonomic}
    uintx NonProfiledCodeHeapSize                  = 122912730                              {pd product} {ergonomic}
    uintx ProfiledCodeHeapSize                     = 122912730                              {pd product} {ergonomic}
    uintx ReservedCodeCacheSize                    = 251658240                              {pd product} {ergonomic}
     bool SegmentedCodeCache                       = true                                      {product} {ergonomic}
   size_t SoftMaxHeapSize                          = 3187671040                             {manageable} {ergonomic}
     bool UseCompressedClassPointers               = true                           {product lp64_product} {ergonomic}
     bool UseCompressedOops                        = true                           {product lp64_product} {ergonomic}
     bool UseG1GC                                  = true                                      {product} {ergonomic}
     bool UseLargePagesIndividualAllocation        = false                                  {pd product} {ergonomic}

Logging:
Log output configuration:
 #0: stdout all=warning uptime,level,tags
 #1: stderr all=off uptime,level,tags

Environment Variables:
JAVA_HOME=C:\Program Files\Java\jdk-11.0.17
PATH=C:\Program Files\PlasticSCM5\server;C:\Program Files\PlasticSCM5\client;C:\Program Files\Common Files\Oracle\Java\javapath;C:\Windows\system32;C:\Windows;C:\Windows\System32\Wbem;C:\Windows\System32\WindowsPowerShell\v1.0\;C:\Windows\System32\OpenSSH\;C:\Program Files\Cloudflare\Cloudflare WARP\;C:\Program Files\Git\cmd;C:\Program Files\dotnet\;C:\Program Files\nodejs\;C:\Program Files\Git LFS;C:\Program Files\Unity\Hub\Editor\2021.3.13f1\Editor\Data\PlaybackEngines\AndroidPlayer\SDK\platform-tools;C:\Program Files\Maven\apache-maven-3.8.7\bin;C:\Program Files (x86)\dotnet\;C:\Users\Acer\AppData\Local\Microsoft\WindowsApps;C:\Users\Acer\AppData\Local\GitHubDesktop\bin;C:\Users\Acer\AppData\Local\Programs\Microsoft VS Code\bin;C:\Users\Acer\.dotnet\tools;C:\Users\Acer\AppData\Roaming\npm;C:\Users\Acer\AppData\Roaming\npm\node_modules\@angular\cli\bin;C:\Program Files\nodejs;C:\Program Files (x86)\Nmap;C:\Program Files\Unity\Hub\Editor\2021.3.13f1\Editor\Data\PlaybackEngines\AndroidPlayer\SDK\platform-tools;C:\Program Files\Java\gradle-7.6\bin;C:\Program Files\Java\jdk-11.0.17\bin;
USERNAME=Acer
OS=Windows_NT
PROCESSOR_IDENTIFIER=Intel64 Family 6 Model 142 Stepping 9, GenuineIntel
TMP=C:\Users\Acer\AppData\Local\Temp
TEMP=C:\Users\Acer\AppData\Local\Temp



---------------  S Y S T E M  ---------------

OS:
 Windows 10 , 64 bit Build 19041 (10.0.19041.2788)
OS uptime: 2 days 9:50 hours

CPU: total 4 (initial active 4) (2 cores per cpu, 2 threads per core) family 6 model 142 stepping 9 microcode 0xb4, cx8, cmov, fxsr, ht, mmx, 3dnowpref, sse, sse2, sse3, ssse3, sse4.1, sse4.2, popcnt, lzcnt, tsc, tscinvbit, avx, avx2, aes, erms, clmul, bmi1, bmi2, adx, fma, vzeroupper, clflush, clflushopt

Memory: 4k page, system-wide physical 12156M (5875M free)
TotalPageFile size 22908M (AvailPageFile size 16352M)
current process WorkingSet (physical memory assigned to process): 50M, peak: 50M
current process commit charge ("private bytes"): 269M, peak: 269M

vm_info: OpenJDK 64-Bit Server VM (17.0.4+7-b469.53) for windows-amd64 JRE (17.0.4+7-b469.53), built on 2022-08-29 by "builduser" with MS VC++ 16.10 / 16.11 (VS2019)

END.
