#
# A fatal error has been detected by the Java Runtime Environment:
#
#  EXCEPTION_ACCESS_VIOLATION (0xc0000005) at pc=0x0000000064a1889e, pid=5628, tid=4400
#
# JRE version: OpenJDK Runtime Environment JBR-17.0.4+7-469.53-jcef (17.0.4+7) (build 17.0.4+7-b469.53)
# Java VM: OpenJDK 64-Bit Server VM JBR-17.0.4+7-469.53-jcef (17.0.4+7-b469.53, mixed mode, tiered, compressed oops, compressed class ptrs, g1 gc, windows-amd64)
# Problematic frame:
# C  [imgui-java64.dll+0x1889e]
#
# No core dump will be written. Minidumps are not enabled by default on client versions of Windows
#
# If you would like to submit a bug report, please visit:
#   https://youtrack.jetbrains.com/issues/JBR
# The crash happened outside the Java Virtual Machine in native code.
# See problematic frame for where to report the bug.
#

---------------  S U M M A R Y ------------

Command Line: -agentlib:jdwp=transport=dt_socket,server=n,suspend=y,address=127.0.0.1:2621 -Dfile.encoding=windows-1252 -Duser.country=US -Duser.language=en -Duser.variant Main

Host: Intel(R) Core(TM) i5-7200U CPU @ 2.50GHz, 4 cores, 11G,  Windows 10 , 64 bit Build 19041 (10.0.19041.2913)
Time: Sat Jun 10 00:48:19 2023 SE Asia Standard Time elapsed time: 3.298713 seconds (0d 0h 0m 3s)

---------------  T H R E A D  ---------------

Current thread (0x0000021868fbca90):  JavaThread "main" [_thread_in_native, id=4400, stack(0x000000e506500000,0x000000e506600000)]

Stack: [0x000000e506500000,0x000000e506600000],  sp=0x000000e5065fe6f8,  free space=1017k
Native frames: (J=compiled Java code, j=interpreted, Vv=VM code, C=native code)
C  [imgui-java64.dll+0x1889e]

Java frames: (J=compiled Java code, j=interpreted, Vv=VM code)
j  imgui.ImGui.getCursorPosX()F+0
v  ~StubRoutines::call_stub
j  system.GameObject.refreshTexture()V+9
j  scenes.Scene.load()V+372
j  system.Window.changeScene(Lscenes/SceneInitializer;)V+36
j  system.Window.init()V+370
j  system.Window.run()V+15
j  Main.main([Ljava/lang/String;)V+5
v  ~StubRoutines::call_stub

siginfo: EXCEPTION_ACCESS_VIOLATION (0xc0000005), reading address 0x0000000000000118


Register to memory mapping:

RIP=0x0000000064a1889e imgui-java64.dll
RAX=0x0 is NULL
RBX={method} {0x000002180e70d0a0} 'getCursorPosX' '()F' in 'imgui/ImGui'
RCX=0x0000021868fbcd38 points into unknown readable memory: 0x000002180f43d870 | 70 d8 43 0f 18 02 00 00
RDX=0x000000e5065fe778 is pointing into the stack for thread: 0x0000021868fbca90
RSP=0x000000e5065fe6f8 is pointing into the stack for thread: 0x0000021868fbca90
RBP=0x000000e5065fe768 is pointing into the stack for thread: 0x0000021868fbca90
RSI=0x000000e5065feb90 is pointing into the stack for thread: 0x0000021868fbca90
RDI=0x0000021868fbca90 is a thread
R8 =0x0000000000000004 is an unknown value
R9 =0x0000000000000004 is an unknown value
R10=0x000002186c721337 is at code_begin+1911 in an Interpreter codelet
method entry point (kind = native)  [0x000002186c720bc0, 0x000002186c721ce0]  4384 bytes
R11=0x000000074d92fd40 is an oop: java.lang.Class 
{0x000000074d92fd40} - klass: 'java/lang/Class'
 - ---- fields (total size 23 words):
 - private volatile transient 'classRedefinedCount' 'I' @12  0
 - private volatile transient 'cachedConstructor' 'Ljava/lang/reflect/Constructor;' @40  NULL (0)
 - private transient 'name' 'Ljava/lang/String;' @44  "imgui.ImGui"{0x000000074d92fe88} (e9b25fd1)
 - private transient 'module' 'Ljava/lang/Module;' @48  a 'java/lang/Module'{0x0000000742093d20} (e84127a4)
 - private final 'classLoader' 'Ljava/lang/ClassLoader;' @52  a 'jdk/internal/loader/ClassLoaders$AppClassLoader'{0x0000000742030200} (e8406040)
 - private transient 'classData' 'Ljava/lang/Object;' @56  NULL (0)
 - private transient 'packageName' 'Ljava/lang/String;' @60  "imgui"{0x000000074cc16f48} (e9982de9)
 - private final 'componentType' 'Ljava/lang/Class;' @64  NULL (0)
 - private volatile transient 'reflectionData' 'Ljava/lang/ref/SoftReference;' @68  NULL (0)
 - private volatile transient 'genericInfo' 'Lsun/reflect/generics/repository/ClassRepository;' @72  NULL (0)
 - private volatile transient 'enumConstants' '[Ljava/lang/Object;' @76  NULL (0)
 - private volatile transient 'enumConstantDirectory' 'Ljava/util/Map;' @80  NULL (0)
 - private volatile transient 'annotationData' 'Ljava/lang/Class$AnnotationData;' @84  NULL (0)
 - private volatile transient 'annotationType' 'Lsun/reflect/annotation/AnnotationType;' @88  NULL (0)
 - transient 'classValueMap' 'Ljava/lang/ClassValue$ClassValueMap;' @92  NULL (0)
 - signature: Limgui/ImGui;
 - fake entry for mirror: 'imgui/ImGui'
 - fake entry for array: NULL
 - fake entry for oop_size: 23
 - fake entry for static_oop_field_count: 18
 - private static final 'LIB_PATH_PROP' 'Ljava/lang/String;' @112  "imgui.library.path"{0x000000074d92fe08} (e9b25fc1)
 - private static final 'LIB_NAME_PROP' 'Ljava/lang/String;' @116  "imgui.library.name"{0x000000074d92fe48} (e9b25fc9)
 - private static final 'LIB_NAME_DEFAULT' 'Ljava/lang/String;' @120  "imgui-java64"{0x000000074d9300c8} (e9b26019)
 - private static final 'LIB_TMP_DIR_PREFIX' 'Ljava/lang/String;' @124  "imgui-java-natives_1686332898312"{0x000000074d9301b0} (e9b26036)
 - private static final 'IMGUI_IO' 'Limgui/ImGuiIO;' @128  a 'imgui/ImGuiIO'{0x000000074d93e500} (e9b27ca0)
 - private static final 'WINDOW_DRAW_LIST' 'Limgui/ImDrawList;' @132  a 'imgui/ImDrawList'{0x000000074d9462c0} (e9b28c58)
 - private static final 'BACKGROUND_DRAW_LIST' 'Limgui/ImDrawList;' @136  a 'imgui/ImDrawList'{0x000000074d9462d8} (e9b28c5b)
 - private static final 'FOREGROUND_DRAW_LIST' 'Limgui/ImDrawList;' @140  a 'imgui/ImDrawList'{0x000000074d9462f0} (e9b28c5e)
 - private static final 'IMGUI_STORAGE' 'Limgui/ImGuiStorage;' @144  a 'imgui/ImGuiStorage'{0x000000074d94bb98} (e9b29773)
 - private static final 'WINDOW_VIEWPORT' 'Limgui/ImGuiViewport;' @148  a 'imgui/ImGuiViewport'{0x000000074d953450} (e9b2a68a)
 - private static final 'FIND_VIEWPORT' 'Limgui/ImGuiViewport;' @152  a 'imgui/ImGuiViewport'{0x000000074d953468} (e9b2a68d)
 - private static 'drawData' 'Limgui/ImDrawData;' @156  NULL (0)
 - private static 'font' 'Limgui/ImFont;' @160  NULL (0)
 - private static 'style' 'Limgui/ImGuiStyle;' @164  NULL (0)
 - private static 'mainViewport' 'Limgui/ImGuiViewport;' @168  a 'imgui/ImGuiViewport'{0x000000074d9a78d0} (e9b34f1a)
 - private static 'platformIO' 'Limgui/ImGuiPlatformIO;' @172  a 'imgui/ImGuiPlatformIO'{0x000000074d996b08} (e9b32d61)
 - private static 'objectPayloadRef' 'Ljava/lang/ref/WeakReference;' @176  NULL (0)
 - private static final 'OBJECT_PAYLOAD_PLACEHOLDER_DATA' '[B' @180  [B{0x000000074d96e978} (e9b2dd2f)
R12=0x0 is NULL
R13={method} {0x000002180e70d0a0} 'getCursorPosX' '()F' in 'imgui/ImGui'
R14=0x000000e5065fe780 is pointing into the stack for thread: 0x0000021868fbca90
R15=0x0000021868fbca90 is a thread


Registers:
RAX=0x0000000000000000, RBX=0x000002180e70d098, RCX=0x0000021868fbcd38, RDX=0x000000e5065fe778
RSP=0x000000e5065fe6f8, RBP=0x000000e5065fe768, RSI=0x000000e5065feb90, RDI=0x0000021868fbca90
R8 =0x0000000000000004, R9 =0x0000000000000004, R10=0x000002186c721337, R11=0x000000074d92fd40
R12=0x0000000000000000, R13=0x000002180e70d098, R14=0x000000e5065fe780, R15=0x0000021868fbca90
RIP=0x0000000064a1889e, EFLAGS=0x0000000000010283

Top of Stack: (sp=0x000000e5065fe6f8)
0x000000e5065fe6f8:   000002186c721366 3ff0000000000000
0x000000e5065fe708:   0000000000000000 0000000000000000
0x000000e5065fe718:   000002186c720c76 000000e5065fe720
0x000000e5065fe728:   000002180e70d098 000000e5065fe780
0x000000e5065fe738:   000002180e7326c8 0000000000000000
0x000000e5065fe748:   000000074d92fd40 000002180e70d098
0x000000e5065fe758:   0000000000000000 000000e5065fe788
0x000000e5065fe768:   000000e5065fe960 000002186c711010
0x000000e5065fe778:   000000074d92fd40 000002186c71d4f9
0x000000e5065fe788:   0000000000000000 0000000000000000
0x000000e5065fe798:   0000000000000000 0000000000000000
0x000000e5065fe7a8:   0000000000000000 0000000000000000
0x000000e5065fe7b8:   0000000000000000 0000000000000000
0x000000e5065fe7c8:   0000000000000000 0000000000000000
0x000000e5065fe7d8:   0000000000000000 0000000000000000
0x000000e5065fe7e8:   0000000000000010 0000021866fdc3f8 

Instructions: (pc=0x0000000064a1889e)
0x0000000064a1879e:   00 00 48 8b 05 e1 f8 2c 00 48 8b 80 e8 1b 00 00
0x0000000064a187ae:   48 8b 80 18 01 00 00 c3 66 2e 0f 1f 84 00 00 00
0x0000000064a187be:   00 00 48 8b 05 c1 f8 2c 00 48 8b 11 48 8b 80 e8
0x0000000064a187ce:   1b 00 00 48 89 90 18 01 00 00 f3 0f 10 90 1c 01
0x0000000064a187de:   00 00 f3 0f 10 80 34 01 00 00 f3 0f 10 98 18 01
0x0000000064a187ee:   00 00 c6 80 d1 00 00 00 01 0f 28 ca f3 0f c2 c8
0x0000000064a187fe:   02 0f 54 c1 0f 55 ca 0f 28 d3 0f 56 c1 f3 0f 10
0x0000000064a1880e:   88 30 01 00 00 f3 0f 11 80 34 01 00 00 f3 0f c2
0x0000000064a1881e:   d1 02 0f 54 ca 0f 55 d3 0f 56 ca f3 0f 11 88 30
0x0000000064a1882e:   01 00 00 c3 66 66 2e 0f 1f 84 00 00 00 00 00 0f
0x0000000064a1883e:   1f 00 48 8b 05 41 f8 2c 00 48 8b 90 e8 1b 00 00
0x0000000064a1884e:   f3 0f 10 82 1c 01 00 00 0f 28 c8 f3 0f 5c 4a 54
0x0000000064a1885e:   f3 0f 58 8a a0 00 00 00 f3 0f 10 82 18 01 00 00
0x0000000064a1886e:   f3 0f 5c 42 50 f3 0f 58 82 9c 00 00 00 66 0f 7e
0x0000000064a1887e:   c8 48 89 c2 48 c1 e2 20 66 0f 7e c0 48 09 d0 c3
0x0000000064a1888e:   66 90 48 8b 05 f1 f7 2c 00 48 8b 80 e8 1b 00 00
0x0000000064a1889e:   f3 0f 10 80 18 01 00 00 f3 0f 5c 40 50 f3 0f 58
0x0000000064a188ae:   80 9c 00 00 00 c3 66 66 2e 0f 1f 84 00 00 00 00
0x0000000064a188be:   00 90 48 8b 05 c1 f7 2c 00 48 8b 80 e8 1b 00 00
0x0000000064a188ce:   f3 0f 10 80 1c 01 00 00 f3 0f 5c 40 54 f3 0f 58
0x0000000064a188de:   80 a0 00 00 00 c3 66 66 2e 0f 1f 84 00 00 00 00
0x0000000064a188ee:   00 90 48 8b 05 91 f7 2c 00 48 8b 80 e8 1b 00 00
0x0000000064a188fe:   f3 0f 10 48 54 f3 0f 5c 88 a0 00 00 00 c6 80 d1
0x0000000064a1890e:   00 00 00 01 f3 0f 58 49 04 f3 0f 10 90 34 01 00
0x0000000064a1891e:   00 f3 0f 10 40 50 f3 0f 5c 80 9c 00 00 00 f3 0f
0x0000000064a1892e:   58 01 0f 28 d9 f3 0f 11 88 1c 01 00 00 f3 0f c2
0x0000000064a1893e:   da 02 f3 0f 11 80 18 01 00 00 0f 54 d3 0f 55 d9
0x0000000064a1894e:   f3 0f 10 88 30 01 00 00 0f 56 d3 0f 28 d8 f3 0f
0x0000000064a1895e:   c2 d9 02 f3 0f 11 90 34 01 00 00 0f 54 cb 0f 55
0x0000000064a1896e:   d8 0f 56 cb f3 0f 11 88 30 01 00 00 c3 0f 1f 44
0x0000000064a1897e:   00 00 48 8b 05 01 f7 2c 00 48 8b 80 e8 1b 00 00
0x0000000064a1898e:   c6 80 d1 00 00 00 01 0f 28 c8 f3 0f 10 40 50 f3 


Stack slot to memory mapping:
stack at sp + 0 slots: 0x000002186c721366 is at code_begin+1958 in an Interpreter codelet
method entry point (kind = native)  [0x000002186c720bc0, 0x000002186c721ce0]  4384 bytes
stack at sp + 1 slots: 0x3ff0000000000000 is an unknown value
stack at sp + 2 slots: 0x0 is NULL
stack at sp + 3 slots: 0x0 is NULL
stack at sp + 4 slots: 0x000002186c720c76 is at code_begin+182 in an Interpreter codelet
method entry point (kind = native)  [0x000002186c720bc0, 0x000002186c721ce0]  4384 bytes
stack at sp + 5 slots: 0x000000e5065fe720 is pointing into the stack for thread: 0x0000021868fbca90
stack at sp + 6 slots: {method} {0x000002180e70d0a0} 'getCursorPosX' '()F' in 'imgui/ImGui'
stack at sp + 7 slots: 0x000000e5065fe780 is pointing into the stack for thread: 0x0000021868fbca90


---------------  P R O C E S S  ---------------

Threads class SMR info:
_java_thread_list=0x000002180f50dcd0, length=17, elements={
0x0000021868fbca90, 0x000002187fd7f820, 0x000002187fd807d0, 0x000002187fd87f60,
0x0000021805846ff0, 0x00000218058479b0, 0x0000021805848360, 0x0000021805849040,
0x000002180584cf30, 0x000002180584d920, 0x00000218059d4c70, 0x00000218059eb120,
0x00000218059eb800, 0x00000218059f0c10, 0x00000218059fe910, 0x0000021806410020,
0x000002180f570cb0
}

Java Threads: ( => current thread )
=>0x0000021868fbca90 JavaThread "main" [_thread_in_native, id=4400, stack(0x000000e506500000,0x000000e506600000)]
  0x000002187fd7f820 JavaThread "Reference Handler" daemon [_thread_blocked, id=5348, stack(0x000000e506c00000,0x000000e506d00000)]
  0x000002187fd807d0 JavaThread "Finalizer" daemon [_thread_blocked, id=17224, stack(0x000000e506d00000,0x000000e506e00000)]
  0x000002187fd87f60 JavaThread "Signal Dispatcher" daemon [_thread_blocked, id=8100, stack(0x000000e506e00000,0x000000e506f00000)]
  0x0000021805846ff0 JavaThread "Attach Listener" daemon [_thread_blocked, id=14528, stack(0x000000e506f00000,0x000000e507000000)]
  0x00000218058479b0 JavaThread "Service Thread" daemon [_thread_blocked, id=14784, stack(0x000000e507000000,0x000000e507100000)]
  0x0000021805848360 JavaThread "Monitor Deflation Thread" daemon [_thread_blocked, id=12488, stack(0x000000e507100000,0x000000e507200000)]
  0x0000021805849040 JavaThread "C2 CompilerThread0" daemon [_thread_blocked, id=16572, stack(0x000000e507200000,0x000000e507300000)]
  0x000002180584cf30 JavaThread "C1 CompilerThread0" daemon [_thread_blocked, id=16576, stack(0x000000e507300000,0x000000e507400000)]
  0x000002180584d920 JavaThread "Sweeper thread" daemon [_thread_blocked, id=7420, stack(0x000000e507400000,0x000000e507500000)]
  0x00000218059d4c70 JavaThread "JDWP Transport Listener: dt_socket" daemon [_thread_blocked, id=6056, stack(0x000000e507500000,0x000000e507600000)]
  0x00000218059eb120 JavaThread "JDWP Event Helper Thread" daemon [_thread_blocked, id=11832, stack(0x000000e507600000,0x000000e507700000)]
  0x00000218059eb800 JavaThread "JDWP Command Reader" daemon [_thread_in_native, id=16780, stack(0x000000e507700000,0x000000e507800000)]
  0x00000218059f0c10 JavaThread "Notification Thread" daemon [_thread_blocked, id=400, stack(0x000000e507800000,0x000000e507900000)]
  0x00000218059fe910 JavaThread "Common-Cleaner" daemon [_thread_blocked, id=1924, stack(0x000000e507a00000,0x000000e507b00000)]
  0x0000021806410020 JavaThread "Java2D Disposer" daemon [_thread_blocked, id=1740, stack(0x000000e508100000,0x000000e508200000)]
  0x000002180f570cb0 JavaThread "C2 CompilerThread1" daemon [_thread_blocked, id=1180, stack(0x000000e508200000,0x000000e508300000)]

Other Threads:
  0x000002187fd7b250 VMThread "VM Thread" [stack: 0x000000e506b00000,0x000000e506c00000] [id=15932]
  0x000002186902e660 WatcherThread [stack: 0x000000e507900000,0x000000e507a00000] [id=1952]
  0x000002186900fae0 GCTaskThread "GC Thread#0" [stack: 0x000000e506600000,0x000000e506700000] [id=13508]
  0x00000218060c7660 GCTaskThread "GC Thread#1" [stack: 0x000000e508300000,0x000000e508400000] [id=12476]
  0x00000218060c6e50 GCTaskThread "GC Thread#2" [stack: 0x000000e508400000,0x000000e508500000] [id=3396]
  0x00000218060c6390 GCTaskThread "GC Thread#3" [stack: 0x000000e508500000,0x000000e508600000] [id=8832]
  0x000002186901c820 ConcurrentGCThread "G1 Main Marker" [stack: 0x000000e506700000,0x000000e506800000] [id=6520]
  0x000002186901e9e0 ConcurrentGCThread "G1 Conc#0" [stack: 0x000000e506800000,0x000000e506900000] [id=14780]
  0x000002186907e0c0 ConcurrentGCThread "G1 Refine#0" [stack: 0x000000e506900000,0x000000e506a00000] [id=6220]
  0x000002186907eae0 ConcurrentGCThread "G1 Service" [stack: 0x000000e506a00000,0x000000e506b00000] [id=2408]

Threads with active compile tasks:

VM state: not at safepoint (normal execution)

VM Mutex/Monitor currently owned by a thread: None

Heap address: 0x0000000742000000, size: 3040 MB, Compressed Oops mode: Zero based, Oop shift amount: 3

CDS archive(s) not mapped
Compressed class space mapped at: 0x0000000800000000-0x0000000840000000, reserved size: 1073741824
Narrow klass base: 0x0000000800000000, Narrow klass shift: 0, Narrow klass range: 0x40000000

GC Precious Log:
 CPUs: 4 total, 4 available
 Memory: 12156M
 Large Page Support: Disabled
 NUMA Support: Disabled
 Compressed Oops: Enabled (Zero based)
 Heap Region Size: 2M
 Heap Min Capacity: 8M
 Heap Initial Capacity: 190M
 Heap Max Capacity: 3040M
 Pre-touch: Disabled
 Parallel Workers: 4
 Concurrent Workers: 1
 Concurrent Refinement Workers: 4
 Periodic GC: Disabled

Heap:
 garbage-first heap   total 194560K, used 84357K [0x0000000742000000, 0x0000000800000000)
  region size 2048K, 38 young (77824K), 1 survivors (2048K)
 Metaspace       used 19400K, committed 19712K, reserved 1073152K
  class space    used 1651K, committed 1792K, reserved 1048576K

Heap Regions: E=young(eden), S=young(survivor), O=old, HS=humongous(starts), HC=humongous(continues), CS=collection set, F=free, OA=open archive, CA=closed archive, TAMS=top-at-mark-start (previous, next)
|   0|0x0000000742000000, 0x000000074216e600, 0x0000000742200000| 71%| O|  |TAMS 0x0000000742000000, 0x0000000742000000| Untracked 
|   1|0x0000000742200000, 0x0000000742400000, 0x0000000742400000|100%|HS|  |TAMS 0x0000000742200000, 0x0000000742200000| Complete 
|   2|0x0000000742400000, 0x0000000742600000, 0x0000000742600000|100%|HC|  |TAMS 0x0000000742400000, 0x0000000742400000| Complete 
|   3|0x0000000742600000, 0x0000000742800000, 0x0000000742800000|100%|HS|  |TAMS 0x0000000742600000, 0x0000000742600000| Complete 
|   4|0x0000000742800000, 0x0000000742a00000, 0x0000000742a00000|100%|HC|  |TAMS 0x0000000742800000, 0x0000000742800000| Complete 
|   5|0x0000000742a00000, 0x0000000742a00000, 0x0000000742c00000|  0%| F|  |TAMS 0x0000000742a00000, 0x0000000742a00000| Untracked 
|   6|0x0000000742c00000, 0x0000000742c00000, 0x0000000742e00000|  0%| F|  |TAMS 0x0000000742c00000, 0x0000000742c00000| Untracked 
|   7|0x0000000742e00000, 0x0000000742e00000, 0x0000000743000000|  0%| F|  |TAMS 0x0000000742e00000, 0x0000000742e00000| Untracked 
|   8|0x0000000743000000, 0x0000000743000000, 0x0000000743200000|  0%| F|  |TAMS 0x0000000743000000, 0x0000000743000000| Untracked 
|   9|0x0000000743200000, 0x0000000743200000, 0x0000000743400000|  0%| F|  |TAMS 0x0000000743200000, 0x0000000743200000| Untracked 
|  10|0x0000000743400000, 0x0000000743400000, 0x0000000743600000|  0%| F|  |TAMS 0x0000000743400000, 0x0000000743400000| Untracked 
|  11|0x0000000743600000, 0x0000000743600000, 0x0000000743800000|  0%| F|  |TAMS 0x0000000743600000, 0x0000000743600000| Untracked 
|  12|0x0000000743800000, 0x0000000743800000, 0x0000000743a00000|  0%| F|  |TAMS 0x0000000743800000, 0x0000000743800000| Untracked 
|  13|0x0000000743a00000, 0x0000000743a00000, 0x0000000743c00000|  0%| F|  |TAMS 0x0000000743a00000, 0x0000000743a00000| Untracked 
|  14|0x0000000743c00000, 0x0000000743c00000, 0x0000000743e00000|  0%| F|  |TAMS 0x0000000743c00000, 0x0000000743c00000| Untracked 
|  15|0x0000000743e00000, 0x0000000743e00000, 0x0000000744000000|  0%| F|  |TAMS 0x0000000743e00000, 0x0000000743e00000| Untracked 
|  16|0x0000000744000000, 0x0000000744000000, 0x0000000744200000|  0%| F|  |TAMS 0x0000000744000000, 0x0000000744000000| Untracked 
|  17|0x0000000744200000, 0x0000000744200000, 0x0000000744400000|  0%| F|  |TAMS 0x0000000744200000, 0x0000000744200000| Untracked 
|  18|0x0000000744400000, 0x0000000744400000, 0x0000000744600000|  0%| F|  |TAMS 0x0000000744400000, 0x0000000744400000| Untracked 
|  19|0x0000000744600000, 0x0000000744600000, 0x0000000744800000|  0%| F|  |TAMS 0x0000000744600000, 0x0000000744600000| Untracked 
|  20|0x0000000744800000, 0x0000000744800000, 0x0000000744a00000|  0%| F|  |TAMS 0x0000000744800000, 0x0000000744800000| Untracked 
|  21|0x0000000744a00000, 0x0000000744a00000, 0x0000000744c00000|  0%| F|  |TAMS 0x0000000744a00000, 0x0000000744a00000| Untracked 
|  22|0x0000000744c00000, 0x0000000744c00000, 0x0000000744e00000|  0%| F|  |TAMS 0x0000000744c00000, 0x0000000744c00000| Untracked 
|  23|0x0000000744e00000, 0x0000000744e00000, 0x0000000745000000|  0%| F|  |TAMS 0x0000000744e00000, 0x0000000744e00000| Untracked 
|  24|0x0000000745000000, 0x0000000745000000, 0x0000000745200000|  0%| F|  |TAMS 0x0000000745000000, 0x0000000745000000| Untracked 
|  25|0x0000000745200000, 0x0000000745200000, 0x0000000745400000|  0%| F|  |TAMS 0x0000000745200000, 0x0000000745200000| Untracked 
|  26|0x0000000745400000, 0x0000000745400000, 0x0000000745600000|  0%| F|  |TAMS 0x0000000745400000, 0x0000000745400000| Untracked 
|  27|0x0000000745600000, 0x0000000745600000, 0x0000000745800000|  0%| F|  |TAMS 0x0000000745600000, 0x0000000745600000| Untracked 
|  28|0x0000000745800000, 0x0000000745800000, 0x0000000745a00000|  0%| F|  |TAMS 0x0000000745800000, 0x0000000745800000| Untracked 
|  29|0x0000000745a00000, 0x0000000745a00000, 0x0000000745c00000|  0%| F|  |TAMS 0x0000000745a00000, 0x0000000745a00000| Untracked 
|  30|0x0000000745c00000, 0x0000000745c00000, 0x0000000745e00000|  0%| F|  |TAMS 0x0000000745c00000, 0x0000000745c00000| Untracked 
|  31|0x0000000745e00000, 0x0000000745e00000, 0x0000000746000000|  0%| F|  |TAMS 0x0000000745e00000, 0x0000000745e00000| Untracked 
|  32|0x0000000746000000, 0x0000000746000000, 0x0000000746200000|  0%| F|  |TAMS 0x0000000746000000, 0x0000000746000000| Untracked 
|  33|0x0000000746200000, 0x0000000746200000, 0x0000000746400000|  0%| F|  |TAMS 0x0000000746200000, 0x0000000746200000| Untracked 
|  34|0x0000000746400000, 0x0000000746400000, 0x0000000746600000|  0%| F|  |TAMS 0x0000000746400000, 0x0000000746400000| Untracked 
|  35|0x0000000746600000, 0x0000000746600000, 0x0000000746800000|  0%| F|  |TAMS 0x0000000746600000, 0x0000000746600000| Untracked 
|  36|0x0000000746800000, 0x0000000746800000, 0x0000000746a00000|  0%| F|  |TAMS 0x0000000746800000, 0x0000000746800000| Untracked 
|  37|0x0000000746a00000, 0x0000000746a00000, 0x0000000746c00000|  0%| F|  |TAMS 0x0000000746a00000, 0x0000000746a00000| Untracked 
|  38|0x0000000746c00000, 0x0000000746c00000, 0x0000000746e00000|  0%| F|  |TAMS 0x0000000746c00000, 0x0000000746c00000| Untracked 
|  39|0x0000000746e00000, 0x0000000746e00000, 0x0000000747000000|  0%| F|  |TAMS 0x0000000746e00000, 0x0000000746e00000| Untracked 
|  40|0x0000000747000000, 0x0000000747000000, 0x0000000747200000|  0%| F|  |TAMS 0x0000000747000000, 0x0000000747000000| Untracked 
|  41|0x0000000747200000, 0x0000000747200000, 0x0000000747400000|  0%| F|  |TAMS 0x0000000747200000, 0x0000000747200000| Untracked 
|  42|0x0000000747400000, 0x0000000747400000, 0x0000000747600000|  0%| F|  |TAMS 0x0000000747400000, 0x0000000747400000| Untracked 
|  43|0x0000000747600000, 0x0000000747600000, 0x0000000747800000|  0%| F|  |TAMS 0x0000000747600000, 0x0000000747600000| Untracked 
|  44|0x0000000747800000, 0x0000000747800000, 0x0000000747a00000|  0%| F|  |TAMS 0x0000000747800000, 0x0000000747800000| Untracked 
|  45|0x0000000747a00000, 0x0000000747a00000, 0x0000000747c00000|  0%| F|  |TAMS 0x0000000747a00000, 0x0000000747a00000| Untracked 
|  46|0x0000000747c00000, 0x0000000747c00000, 0x0000000747e00000|  0%| F|  |TAMS 0x0000000747c00000, 0x0000000747c00000| Untracked 
|  47|0x0000000747e00000, 0x0000000747e00000, 0x0000000748000000|  0%| F|  |TAMS 0x0000000747e00000, 0x0000000747e00000| Untracked 
|  48|0x0000000748000000, 0x0000000748000000, 0x0000000748200000|  0%| F|  |TAMS 0x0000000748000000, 0x0000000748000000| Untracked 
|  49|0x0000000748200000, 0x0000000748200000, 0x0000000748400000|  0%| F|  |TAMS 0x0000000748200000, 0x0000000748200000| Untracked 
|  50|0x0000000748400000, 0x0000000748400000, 0x0000000748600000|  0%| F|  |TAMS 0x0000000748400000, 0x0000000748400000| Untracked 
|  51|0x0000000748600000, 0x0000000748600000, 0x0000000748800000|  0%| F|  |TAMS 0x0000000748600000, 0x0000000748600000| Untracked 
|  52|0x0000000748800000, 0x0000000748800000, 0x0000000748a00000|  0%| F|  |TAMS 0x0000000748800000, 0x0000000748800000| Untracked 
|  53|0x0000000748a00000, 0x0000000748a00000, 0x0000000748c00000|  0%| F|  |TAMS 0x0000000748a00000, 0x0000000748a00000| Untracked 
|  54|0x0000000748c00000, 0x0000000748c00000, 0x0000000748e00000|  0%| F|  |TAMS 0x0000000748c00000, 0x0000000748c00000| Untracked 
|  55|0x0000000748e00000, 0x0000000748e00000, 0x0000000749000000|  0%| F|  |TAMS 0x0000000748e00000, 0x0000000748e00000| Untracked 
|  56|0x0000000749000000, 0x0000000749000000, 0x0000000749200000|  0%| F|  |TAMS 0x0000000749000000, 0x0000000749000000| Untracked 
|  57|0x0000000749200000, 0x0000000749400000, 0x0000000749400000|100%| E|  |TAMS 0x0000000749200000, 0x0000000749200000| Complete 
|  58|0x0000000749400000, 0x0000000749600000, 0x0000000749600000|100%| E|CS|TAMS 0x0000000749400000, 0x0000000749400000| Complete 
|  59|0x0000000749600000, 0x0000000749800000, 0x0000000749800000|100%| E|CS|TAMS 0x0000000749600000, 0x0000000749600000| Complete 
|  60|0x0000000749800000, 0x0000000749a00000, 0x0000000749a00000|100%| E|CS|TAMS 0x0000000749800000, 0x0000000749800000| Complete 
|  61|0x0000000749a00000, 0x0000000749c00000, 0x0000000749c00000|100%| E|CS|TAMS 0x0000000749a00000, 0x0000000749a00000| Complete 
|  62|0x0000000749c00000, 0x0000000749e00000, 0x0000000749e00000|100%| E|CS|TAMS 0x0000000749c00000, 0x0000000749c00000| Complete 
|  63|0x0000000749e00000, 0x000000074a000000, 0x000000074a000000|100%| E|CS|TAMS 0x0000000749e00000, 0x0000000749e00000| Complete 
|  64|0x000000074a000000, 0x000000074a200000, 0x000000074a200000|100%| E|CS|TAMS 0x000000074a000000, 0x000000074a000000| Complete 
|  65|0x000000074a200000, 0x000000074a400000, 0x000000074a400000|100%| E|CS|TAMS 0x000000074a200000, 0x000000074a200000| Complete 
|  66|0x000000074a400000, 0x000000074a600000, 0x000000074a600000|100%| E|CS|TAMS 0x000000074a400000, 0x000000074a400000| Complete 
|  67|0x000000074a600000, 0x000000074a800000, 0x000000074a800000|100%| E|CS|TAMS 0x000000074a600000, 0x000000074a600000| Complete 
|  68|0x000000074a800000, 0x000000074aa00000, 0x000000074aa00000|100%| E|CS|TAMS 0x000000074a800000, 0x000000074a800000| Complete 
|  69|0x000000074aa00000, 0x000000074ac00000, 0x000000074ac00000|100%| E|CS|TAMS 0x000000074aa00000, 0x000000074aa00000| Complete 
|  70|0x000000074ac00000, 0x000000074ae00000, 0x000000074ae00000|100%| E|CS|TAMS 0x000000074ac00000, 0x000000074ac00000| Complete 
|  71|0x000000074ae00000, 0x000000074b000000, 0x000000074b000000|100%| E|CS|TAMS 0x000000074ae00000, 0x000000074ae00000| Complete 
|  72|0x000000074b000000, 0x000000074b200000, 0x000000074b200000|100%| E|CS|TAMS 0x000000074b000000, 0x000000074b000000| Complete 
|  73|0x000000074b200000, 0x000000074b400000, 0x000000074b400000|100%| E|CS|TAMS 0x000000074b200000, 0x000000074b200000| Complete 
|  74|0x000000074b400000, 0x000000074b600000, 0x000000074b600000|100%| E|CS|TAMS 0x000000074b400000, 0x000000074b400000| Complete 
|  75|0x000000074b600000, 0x000000074b800000, 0x000000074b800000|100%| E|CS|TAMS 0x000000074b600000, 0x000000074b600000| Complete 
|  76|0x000000074b800000, 0x000000074ba00000, 0x000000074ba00000|100%| E|CS|TAMS 0x000000074b800000, 0x000000074b800000| Complete 
|  77|0x000000074ba00000, 0x000000074bc00000, 0x000000074bc00000|100%| E|CS|TAMS 0x000000074ba00000, 0x000000074ba00000| Complete 
|  78|0x000000074bc00000, 0x000000074be00000, 0x000000074be00000|100%| E|CS|TAMS 0x000000074bc00000, 0x000000074bc00000| Complete 
|  79|0x000000074be00000, 0x000000074c000000, 0x000000074c000000|100%| E|CS|TAMS 0x000000074be00000, 0x000000074be00000| Complete 
|  80|0x000000074c000000, 0x000000074c200000, 0x000000074c200000|100%| E|CS|TAMS 0x000000074c000000, 0x000000074c000000| Complete 
|  81|0x000000074c200000, 0x000000074c400000, 0x000000074c400000|100%| E|CS|TAMS 0x000000074c200000, 0x000000074c200000| Complete 
|  82|0x000000074c400000, 0x000000074c600000, 0x000000074c600000|100%| E|CS|TAMS 0x000000074c400000, 0x000000074c400000| Complete 
|  83|0x000000074c600000, 0x000000074c800000, 0x000000074c800000|100%| E|CS|TAMS 0x000000074c600000, 0x000000074c600000| Complete 
|  84|0x000000074c800000, 0x000000074ca00000, 0x000000074ca00000|100%| E|CS|TAMS 0x000000074c800000, 0x000000074c800000| Complete 
|  85|0x000000074ca00000, 0x000000074cc00000, 0x000000074cc00000|100%| E|CS|TAMS 0x000000074ca00000, 0x000000074ca00000| Complete 
|  86|0x000000074cc00000, 0x000000074ccf3020, 0x000000074ce00000| 47%| S|CS|TAMS 0x000000074cc00000, 0x000000074cc00000| Complete 
|  87|0x000000074ce00000, 0x000000074d000000, 0x000000074d000000|100%| E|CS|TAMS 0x000000074ce00000, 0x000000074ce00000| Complete 
|  88|0x000000074d000000, 0x000000074d200000, 0x000000074d200000|100%| E|CS|TAMS 0x000000074d000000, 0x000000074d000000| Complete 
|  89|0x000000074d200000, 0x000000074d400000, 0x000000074d400000|100%| E|CS|TAMS 0x000000074d200000, 0x000000074d200000| Complete 
|  90|0x000000074d400000, 0x000000074d600000, 0x000000074d600000|100%| E|CS|TAMS 0x000000074d400000, 0x000000074d400000| Complete 
|  91|0x000000074d600000, 0x000000074d800000, 0x000000074d800000|100%| E|CS|TAMS 0x000000074d600000, 0x000000074d600000| Complete 
|  92|0x000000074d800000, 0x000000074da00000, 0x000000074da00000|100%| E|CS|TAMS 0x000000074d800000, 0x000000074d800000| Complete 
|  93|0x000000074da00000, 0x000000074dc00000, 0x000000074dc00000|100%| E|CS|TAMS 0x000000074da00000, 0x000000074da00000| Complete 
|  94|0x000000074dc00000, 0x000000074de00000, 0x000000074de00000|100%| E|CS|TAMS 0x000000074dc00000, 0x000000074dc00000| Complete 

Card table byte_map: [0x000002187bd00000,0x000002187c2f0000] _byte_map_base: 0x00000218782f0000

Marking Bits (Prev, Next): (CMBitMap*) 0x00000218690100f0, (CMBitMap*) 0x0000021869010130
 Prev Bits: [0x000002187c8e0000, 0x000002187f860000)
 Next Bits: [0x0000021800000000, 0x0000021802f80000)

Polling page: 0x0000021866e60000

Metaspace:

Usage:
  Non-class:     17.33 MB used.
      Class:      1.61 MB used.
       Both:     18.95 MB used.

Virtual space:
  Non-class space:       24.00 MB reserved,      17.50 MB ( 73%) committed,  3 nodes.
      Class space:        1.00 GB reserved,       1.75 MB ( <1%) committed,  1 nodes.
             Both:        1.02 GB reserved,      19.25 MB (  2%) committed. 

Chunk freelists:
   Non-Class:  2.31 MB
       Class:  2.24 MB
        Both:  4.55 MB

MaxMetaspaceSize: unlimited
CompressedClassSpaceSize: 1.00 GB
Initial GC threshold: 21.00 MB
Current GC threshold: 21.00 MB
CDS: off
MetaspaceReclaimPolicy: balanced
 - commit_granule_bytes: 65536.
 - commit_granule_words: 8192.
 - virtual_space_node_default_size: 1048576.
 - enlarge_chunks_in_place: 1.
 - new_chunks_are_fully_committed: 0.
 - uncommit_free_chunks: 1.
 - use_allocation_guard: 0.
 - handle_deallocations: 1.


Internal statistics:

num_allocs_failed_limit: 0.
num_arena_births: 184.
num_arena_deaths: 0.
num_vsnodes_births: 4.
num_vsnodes_deaths: 0.
num_space_committed: 306.
num_space_uncommitted: 0.
num_chunks_returned_to_freelist: 0.
num_chunks_taken_from_freelist: 553.
num_chunk_merges: 0.
num_chunk_splits: 365.
num_chunks_enlarged: 259.
num_purges: 0.
num_inconsistent_stats: 0.

CodeHeap 'non-profiled nmethods': size=120000Kb used=761Kb max_used=761Kb free=119239Kb
 bounds [0x00000218741e0000, 0x0000021874450000, 0x000002187b710000]
CodeHeap 'profiled nmethods': size=120000Kb used=3058Kb max_used=3058Kb free=116941Kb
 bounds [0x000002186ccb0000, 0x000002186cfb0000, 0x00000218741e0000]
CodeHeap 'non-nmethods': size=5760Kb used=1807Kb max_used=1896Kb free=3952Kb
 bounds [0x000002186c710000, 0x000002186c980000, 0x000002186ccb0000]
 total_blobs=2794 nmethods=1582 adapters=1124
 compilation: enabled
              stopped_count=0, restarted_count=0
 full_count=0

Compilation events (20 events):
Event: 3.015 Thread 0x000002180584cf30 1599       2       com.google.gson.internal.Excluder::excludeClassInStrategy (64 bytes)
Event: 3.016 Thread 0x000002180584cf30 nmethod 1599 0x000002186cfac010 code [0x000002186cfac1e0, 0x000002186cfac4f8]
Event: 3.017 Thread 0x000002180584cf30 1600       1       components.Component::getUid (5 bytes)
Event: 3.017 Thread 0x000002180584cf30 nmethod 1600 0x0000021874278290 code [0x0000021874278420, 0x00000218742784f8]
Event: 3.017 Thread 0x000002180584cf30 1601       1       system.GameObject::getUid (5 bytes)
Event: 3.017 Thread 0x000002180584cf30 nmethod 1601 0x0000021874278590 code [0x0000021874278720, 0x00000218742787f8]
Event: 3.017 Thread 0x000002180584cf30 1602       1       system.GameObject::getAllComponents (5 bytes)
Event: 3.018 Thread 0x000002180584cf30 nmethod 1602 0x0000021874278890 code [0x0000021874278a20, 0x0000021874278af8]
Event: 3.018 Thread 0x000002180584cf30 1603       2       scenes.Scene::addGameObjectToScene (33 bytes)
Event: 3.018 Thread 0x000002180584cf30 nmethod 1603 0x000002186cfac690 code [0x000002186cfac840, 0x000002186cfac9f8]
Event: 3.108 Thread 0x000002180f570cb0 nmethod 1581 0x0000021874278b90 code [0x0000021874278e20, 0x000002187427c2c0]
Event: 3.109 Thread 0x000002180f570cb0 1567   !   4       jdk.internal.math.FloatingDecimal::readJavaFormatString (826 bytes)
Event: 3.134 Thread 0x000002180f570cb0 nmethod 1567 0x000002187427df10 code [0x000002187427e100, 0x000002187427eed8]
Event: 3.134 Thread 0x000002180f570cb0 1553       4       com.google.gson.stream.JsonReader::peekNumber (481 bytes)
Event: 3.145 Thread 0x000002180f570cb0 nmethod 1553 0x000002187427fc10 code [0x000002187427fdc0, 0x0000021874280798]
Event: 3.145 Thread 0x000002180f570cb0 1577       4       com.google.gson.stream.JsonReader::peekKeyword (235 bytes)
Event: 3.152 Thread 0x000002180f570cb0 nmethod 1577 0x0000021874280e10 code [0x0000021874280fe0, 0x0000021874281588]
Event: 3.152 Thread 0x000002180f570cb0 1448       4       com.google.gson.internal.bind.JsonTreeReader::expect (55 bytes)
Event: 3.153 Thread 0x000002180f570cb0 nmethod 1448 0x0000021874281990 code [0x0000021874281b20, 0x0000021874281be8]
Event: 3.153 Thread 0x000002180f570cb0 1486       4       com.google.gson.stream.JsonReader::doPeek (744 bytes)

GC Heap History (4 events):
Event: 0.882 GC heap before
{Heap before GC invocations=0 (full 0):
 garbage-first heap   total 194560K, used 12288K [0x0000000742000000, 0x0000000800000000)
  region size 2048K, 6 young (12288K), 0 survivors (0K)
 Metaspace       used 10639K, committed 10880K, reserved 1064960K
  class space    used 914K, committed 1024K, reserved 1048576K
}
Event: 0.885 GC heap after
{Heap after GC invocations=1 (full 0):
 garbage-first heap   total 194560K, used 2240K [0x0000000742000000, 0x0000000800000000)
  region size 2048K, 1 young (2048K), 1 survivors (2048K)
 Metaspace       used 10639K, committed 10880K, reserved 1064960K
  class space    used 914K, committed 1024K, reserved 1048576K
}
Event: 1.631 GC heap before
{Heap before GC invocations=1 (full 0):
 garbage-first heap   total 194560K, used 14528K [0x0000000742000000, 0x0000000800000000)
  region size 2048K, 8 young (16384K), 1 survivors (2048K)
 Metaspace       used 15519K, committed 15680K, reserved 1064960K
  class space    used 1219K, committed 1280K, reserved 1048576K
}
Event: 1.635 GC heap after
{Heap after GC invocations=2 (full 0):
 garbage-first heap   total 194560K, used 2437K [0x0000000742000000, 0x0000000800000000)
  region size 2048K, 1 young (2048K), 1 survivors (2048K)
 Metaspace       used 15519K, committed 15680K, reserved 1064960K
  class space    used 1219K, committed 1280K, reserved 1048576K
}

Deoptimization events (20 events):
Event: 1.952 Thread 0x0000021868fbca90 DEOPT PACKING pc=0x000002186cebdda4 sp=0x000000e5065fe310
Event: 1.952 Thread 0x0000021868fbca90 DEOPT UNPACKING pc=0x000002186c762b43 sp=0x000000e5065fd888 mode 1
Event: 2.416 Thread 0x0000021868fbca90 DEOPT PACKING pc=0x000002186cce0ca2 sp=0x000000e5065fef90
Event: 2.416 Thread 0x0000021868fbca90 DEOPT UNPACKING pc=0x000002186c762b43 sp=0x000000e5065fe470 mode 0
Event: 2.423 Thread 0x0000021868fbca90 Uncommon trap: trap_request=0xffffff45 fr.pc=0x00000218742286e4 relative=0x00000000000002a4
Event: 2.423 Thread 0x0000021868fbca90 Uncommon trap: reason=unstable_if action=reinterpret pc=0x00000218742286e4 method=java.util.HashMap.getNode(Ljava/lang/Object;)Ljava/util/HashMap$Node; @ 66 c2
Event: 2.423 Thread 0x0000021868fbca90 DEOPT PACKING pc=0x00000218742286e4 sp=0x000000e5065fed30
Event: 2.423 Thread 0x0000021868fbca90 DEOPT UNPACKING pc=0x000002186c7623a3 sp=0x000000e5065fec70 mode 2
Event: 2.513 Thread 0x0000021868fbca90 Uncommon trap: trap_request=0xffffff45 fr.pc=0x000002187425cb78 relative=0x0000000000000698
Event: 2.513 Thread 0x0000021868fbca90 Uncommon trap: reason=unstable_if action=reinterpret pc=0x000002187425cb78 method=java.util.concurrent.ConcurrentHashMap.get(Ljava/lang/Object;)Ljava/lang/Object; @ 76 c2
Event: 2.513 Thread 0x0000021868fbca90 DEOPT PACKING pc=0x000002187425cb78 sp=0x000000e5065fe0f0
Event: 2.513 Thread 0x0000021868fbca90 DEOPT UNPACKING pc=0x000002186c7623a3 sp=0x000000e5065fe0d8 mode 2
Event: 2.793 Thread 0x0000021868fbca90 Uncommon trap: trap_request=0xffffff45 fr.pc=0x0000021874270e24 relative=0x0000000000001784
Event: 2.793 Thread 0x0000021868fbca90 Uncommon trap: reason=unstable_if action=reinterpret pc=0x0000021874270e24 method=java.lang.StringLatin1.newString([BII)Ljava/lang/String; @ 1 c2
Event: 2.793 Thread 0x0000021868fbca90 DEOPT PACKING pc=0x0000021874270e24 sp=0x000000e5065fe9b0
Event: 2.793 Thread 0x0000021868fbca90 DEOPT UNPACKING pc=0x000002186c7623a3 sp=0x000000e5065fe8d0 mode 2
Event: 2.916 Thread 0x0000021868fbca90 Uncommon trap: trap_request=0xffffff45 fr.pc=0x0000021874214238 relative=0x0000000000000398
Event: 2.916 Thread 0x0000021868fbca90 Uncommon trap: reason=unstable_if action=reinterpret pc=0x0000021874214238 method=java.lang.StringLatin1.newString([BII)Ljava/lang/String; @ 1 c2
Event: 2.916 Thread 0x0000021868fbca90 DEOPT PACKING pc=0x0000021874214238 sp=0x000000e5065fe8d0
Event: 2.916 Thread 0x0000021868fbca90 DEOPT UNPACKING pc=0x000002186c7623a3 sp=0x000000e5065fe8b8 mode 2

Classes unloaded (0 events):
No events

Classes redefined (0 events):
No events

Internal exceptions (20 events):
Event: 1.555 Thread 0x0000021868fbca90 Exception <a 'java/lang/NoSuchMethodError'{0x000000074cee0058}: 'void java.lang.invoke.DirectMethodHandle$Holder.invokeVirtual(java.lang.Object, java.lang.Object)'> (0x000000074cee0058) 
thrown [s\src\hotspot\share\interpreter\linkResolver.cpp, line 771]
Event: 1.587 Thread 0x0000021868fbca90 Exception <a 'java/lang/IncompatibleClassChangeError'{0x000000074cf33690}: Found class java.lang.Object, but interface was expected> (0x000000074cf33690) 
thrown [s\src\hotspot\share\interpreter\linkResolver.cpp, line 838]
Event: 1.656 Thread 0x0000021868fbca90 Exception <a 'java/lang/NoSuchMethodError'{0x000000074dcb8198}: 'java.lang.Object java.lang.invoke.DirectMethodHandle$Holder.invokeSpecialIFC(java.lang.Object, java.lang.Object, java.lang.Object, java.lang.Object)'> (0x000000074dcb8198) 
thrown [s\src\hotspot\share\interpreter\linkResolver.cpp, line 771]
Event: 1.696 Thread 0x0000021868fbca90 Exception <a 'java/lang/NoSuchMethodError'{0x000000074ddf51b8}: 'int java.lang.invoke.DirectMethodHandle$Holder.invokeInterface(java.lang.Object, java.lang.Object)'> (0x000000074ddf51b8) 
thrown [s\src\hotspot\share\interpreter\linkResolver.cpp, line 771]
Event: 1.701 Thread 0x0000021868fbca90 Exception <a 'java/lang/IncompatibleClassChangeError'{0x000000074ddfe160}: Found class java.lang.Object, but interface was expected> (0x000000074ddfe160) 
thrown [s\src\hotspot\share\interpreter\linkResolver.cpp, line 838]
Event: 1.718 Thread 0x0000021868fbca90 Exception <a 'java/lang/NoSuchMethodError'{0x000000074da506c8}: 'java.lang.Object java.lang.invoke.DirectMethodHandle$Holder.invokeInterface(java.lang.Object, java.lang.Object, java.lang.Object)'> (0x000000074da506c8) 
thrown [s\src\hotspot\share\interpreter\linkResolver.cpp, line 771]
Event: 1.719 Thread 0x0000021868fbca90 Exception <a 'java/lang/IncompatibleClassChangeError'{0x000000074da53da8}: Found class java.lang.Object, but interface was expected> (0x000000074da53da8) 
thrown [s\src\hotspot\share\interpreter\linkResolver.cpp, line 838]
Event: 1.729 Thread 0x0000021868fbca90 Exception <a 'java/lang/IncompatibleClassChangeError'{0x000000074da72728}: Found class java.lang.Object, but interface was expected> (0x000000074da72728) 
thrown [s\src\hotspot\share\interpreter\linkResolver.cpp, line 838]
Event: 1.731 Thread 0x0000021868fbca90 Exception <a 'java/lang/IncompatibleClassChangeError'{0x000000074da7b0e8}: Found class java.lang.Object, but interface was expected> (0x000000074da7b0e8) 
thrown [s\src\hotspot\share\interpreter\linkResolver.cpp, line 838]
Event: 1.732 Thread 0x0000021868fbca90 Exception <a 'java/lang/NoSuchMethodError'{0x000000074da806e0}: 'java.lang.Object java.lang.invoke.DirectMethodHandle$Holder.invokeSpecialIFC(java.lang.Object, java.lang.Object, java.lang.Object, java.lang.Object, java.lang.Object)'> (0x000000074da806e0) 
thrown [s\src\hotspot\share\interpreter\linkResolver.cpp, line 771]
Event: 1.738 Thread 0x0000021868fbca90 Exception <a 'java/lang/NoSuchMethodError'{0x000000074da97e80}: 'java.lang.Object java.lang.invoke.DirectMethodHandle$Holder.invokeSpecialIFC(java.lang.Object, java.lang.Object, java.lang.Object, java.lang.Object, java.lang.Object, java.lang.Object)'> (0x000000074da97e80) 
thrown [s\src\hotspot\share\interpreter\linkResolver.cpp, line 771]
Event: 1.740 Thread 0x0000021868fbca90 Exception <a 'java/lang/NoSuchMethodError'{0x000000074daa03a8}: 'java.lang.Object java.lang.invoke.DirectMethodHandle$Holder.newInvokeSpecial(java.lang.Object, java.lang.Object, java.lang.Object, java.lang.Object, java.lang.Object)'> (0x000000074daa03a8) 
thrown [s\src\hotspot\share\interpreter\linkResolver.cpp, line 771]
Event: 1.924 Thread 0x0000021868fbca90 Exception <a 'java/lang/NullPointerException'{0x000000074d8cf048}> (0x000000074d8cf048) 
thrown [s\src\hotspot\share\interpreter\linkResolver.cpp, line 1362]
Event: 1.924 Thread 0x0000021868fbca90 Exception <a 'java/lang/reflect/InvocationTargetException'{0x000000074d8cf320}> (0x000000074d8cf320) 
thrown [s\src\hotspot\share\runtime\reflection.cpp, line 1127]
Event: 1.928 Thread 0x0000021868fbca90 Exception <a 'java/lang/NullPointerException'{0x000000074d8d6228}> (0x000000074d8d6228) 
thrown [s\src\hotspot\share\interpreter\linkResolver.cpp, line 1362]
Event: 1.928 Thread 0x0000021868fbca90 Exception <a 'java/lang/reflect/InvocationTargetException'{0x000000074d8d6500}> (0x000000074d8d6500) 
thrown [s\src\hotspot\share\runtime\reflection.cpp, line 1127]
Event: 1.952 Thread 0x0000021868fbca90 Exception <a 'sun/nio/fs/WindowsException'{0x000000074d935c38}> (0x000000074d935c38) 
thrown [s\src\hotspot\share\prims\jni.cpp, line 517]
Event: 2.074 Thread 0x0000021868fbca90 Exception <a 'java/lang/NoSuchMethodError'{0x000000074d99dde0}: 'void java.lang.invoke.DirectMethodHandle$Holder.invokeVirtual(java.lang.Object, java.lang.Object, long, int)'> (0x000000074d99dde0) 
thrown [s\src\hotspot\share\interpreter\linkResolver.cpp, line 771]
Event: 2.246 Thread 0x0000021868fbca90 Exception <a 'sun/nio/fs/WindowsException'{0x000000074d43f030}> (0x000000074d43f030) 
thrown [s\src\hotspot\share\prims\jni.cpp, line 517]
Event: 2.246 Thread 0x0000021868fbca90 Exception <a 'sun/nio/fs/WindowsException'{0x000000074d43f3b0}> (0x000000074d43f3b0) 
thrown [s\src\hotspot\share\prims\jni.cpp, line 517]

VM Operations (20 events):
Event: 0.244 Executing VM operation: HandshakeAllThreads
Event: 0.245 Executing VM operation: HandshakeAllThreads done
Event: 0.358 Executing VM operation: HandshakeAllThreads
Event: 0.358 Executing VM operation: HandshakeAllThreads done
Event: 0.672 Executing VM operation: HandshakeAllThreads
Event: 0.672 Executing VM operation: HandshakeAllThreads done
Event: 0.882 Executing VM operation: G1CollectForAllocation
Event: 0.885 Executing VM operation: G1CollectForAllocation done
Event: 1.132 Executing VM operation: HandshakeAllThreads
Event: 1.132 Executing VM operation: HandshakeAllThreads done
Event: 1.631 Executing VM operation: G1CollectForAllocation
Event: 1.635 Executing VM operation: G1CollectForAllocation done
Event: 2.306 Executing VM operation: HandshakeAllThreads
Event: 2.306 Executing VM operation: HandshakeAllThreads done
Event: 2.483 Executing VM operation: ChangeBreakpoints
Event: 2.484 Executing VM operation: ChangeBreakpoints done
Event: 2.496 Executing VM operation: HandshakeAllThreads
Event: 2.497 Executing VM operation: HandshakeAllThreads done
Event: 3.071 Executing VM operation: get/set locals
Event: 3.071 Executing VM operation: get/set locals done

Events (20 events):
Event: 2.546 loading class jdk/internal/reflect/ByteVectorImpl
Event: 2.546 loading class jdk/internal/reflect/ByteVector
Event: 2.546 loading class jdk/internal/reflect/ByteVector done
Event: 2.546 loading class jdk/internal/reflect/ByteVectorImpl done
Event: 2.547 loading class jdk/internal/reflect/ClassFileAssembler
Event: 2.547 loading class jdk/internal/reflect/ClassFileAssembler done
Event: 2.547 loading class jdk/internal/reflect/UTF8
Event: 2.547 loading class jdk/internal/reflect/UTF8 done
Event: 2.548 loading class jdk/internal/reflect/Label
Event: 2.548 loading class jdk/internal/reflect/Label done
Event: 2.548 loading class jdk/internal/reflect/Label$PatchInfo
Event: 2.548 loading class jdk/internal/reflect/Label$PatchInfo done
Event: 2.548 loading class jdk/internal/reflect/MethodAccessorGenerator$1
Event: 2.548 loading class jdk/internal/reflect/MethodAccessorGenerator$1 done
Event: 2.548 loading class jdk/internal/reflect/ClassDefiner
Event: 2.548 loading class jdk/internal/reflect/ClassDefiner done
Event: 2.548 loading class jdk/internal/reflect/ClassDefiner$1
Event: 2.549 loading class jdk/internal/reflect/ClassDefiner$1 done
Event: 2.549 loading class jdk/internal/reflect/BootstrapConstructorAccessorImpl
Event: 2.549 loading class jdk/internal/reflect/BootstrapConstructorAccessorImpl done


Dynamic libraries:
0x00007ff7d6ac0000 - 0x00007ff7d6aca000 	C:\Program Files\JetBrains\IntelliJ IDEA Community Edition 2022.2.2\jbr\bin\java.exe
0x00007ffe394b0000 - 0x00007ffe396a8000 	C:\Windows\SYSTEM32\ntdll.dll
0x00007ffe37920000 - 0x00007ffe379df000 	C:\Windows\System32\KERNEL32.DLL
0x00007ffe36f20000 - 0x00007ffe37216000 	C:\Windows\System32\KERNELBASE.dll
0x00007ffe36d70000 - 0x00007ffe36e70000 	C:\Windows\System32\ucrtbase.dll
0x00007ffe1a580000 - 0x00007ffe1a59b000 	C:\Program Files\JetBrains\IntelliJ IDEA Community Edition 2022.2.2\jbr\bin\VCRUNTIME140.dll
0x00007ffe1a5a0000 - 0x00007ffe1a5b7000 	C:\Program Files\JetBrains\IntelliJ IDEA Community Edition 2022.2.2\jbr\bin\jli.dll
0x00007ffe37510000 - 0x00007ffe376ad000 	C:\Windows\System32\USER32.dll
0x00007ffe36bc0000 - 0x00007ffe36be2000 	C:\Windows\System32\win32u.dll
0x00007ffe1f770000 - 0x00007ffe1fa0a000 	C:\Windows\WinSxS\amd64_microsoft.windows.common-controls_6595b64144ccf1df_6.0.19041.1110_none_60b5254171f9507e\COMCTL32.dll
0x00007ffe377d0000 - 0x00007ffe377fc000 	C:\Windows\System32\GDI32.dll
0x00007ffe37800000 - 0x00007ffe3789e000 	C:\Windows\System32\msvcrt.dll
0x00007ffe37220000 - 0x00007ffe37335000 	C:\Windows\System32\gdi32full.dll
0x00007ffe36bf0000 - 0x00007ffe36c8d000 	C:\Windows\System32\msvcp_win.dll
0x00007ffe37740000 - 0x00007ffe37770000 	C:\Windows\System32\IMM32.DLL
0x00007ffe25e50000 - 0x00007ffe25e5c000 	C:\Program Files\JetBrains\IntelliJ IDEA Community Edition 2022.2.2\jbr\bin\vcruntime140_1.dll
0x00007ffde9400000 - 0x00007ffde948d000 	C:\Program Files\JetBrains\IntelliJ IDEA Community Edition 2022.2.2\jbr\bin\msvcp140.dll
0x00007ffdea7a0000 - 0x00007ffdeb409000 	C:\Program Files\JetBrains\IntelliJ IDEA Community Edition 2022.2.2\jbr\bin\server\jvm.dll
0x00007ffe37f20000 - 0x00007ffe37fcf000 	C:\Windows\System32\ADVAPI32.dll
0x00007ffe37b20000 - 0x00007ffe37bbc000 	C:\Windows\System32\sechost.dll
0x00007ffe389a0000 - 0x00007ffe38ac6000 	C:\Windows\System32\RPCRT4.dll
0x00007ffe37b10000 - 0x00007ffe37b18000 	C:\Windows\System32\PSAPI.DLL
0x00007ffe31590000 - 0x00007ffe31599000 	C:\Windows\SYSTEM32\WSOCK32.dll
0x00007ffe38ad0000 - 0x00007ffe38b3b000 	C:\Windows\System32\WS2_32.dll
0x00007ffe24400000 - 0x00007ffe24427000 	C:\Windows\SYSTEM32\WINMM.dll
0x00007ffe30440000 - 0x00007ffe3044a000 	C:\Windows\SYSTEM32\VERSION.dll
0x00007ffe34970000 - 0x00007ffe34982000 	C:\Windows\SYSTEM32\kernel.appcore.dll
0x00007ffe2fab0000 - 0x00007ffe2faba000 	C:\Program Files\JetBrains\IntelliJ IDEA Community Edition 2022.2.2\jbr\bin\jimage.dll
0x00007ffe1fea0000 - 0x00007ffe20084000 	C:\Windows\SYSTEM32\DBGHELP.DLL
0x00007ffe1fe60000 - 0x00007ffe1fe94000 	C:\Windows\SYSTEM32\dbgcore.DLL
0x00007ffe36c90000 - 0x00007ffe36d12000 	C:\Windows\System32\bcryptPrimitives.dll
0x00007ffe2bd50000 - 0x00007ffe2bd8b000 	C:\Program Files\JetBrains\IntelliJ IDEA Community Edition 2022.2.2\jbr\bin\jdwp.dll
0x00007ffe23a40000 - 0x00007ffe23a65000 	C:\Program Files\JetBrains\IntelliJ IDEA Community Edition 2022.2.2\jbr\bin\java.dll
0x00007ffe2b880000 - 0x00007ffe2b898000 	C:\Program Files\JetBrains\IntelliJ IDEA Community Edition 2022.2.2\jbr\bin\zip.dll
0x00007ffe38b50000 - 0x00007ffe39294000 	C:\Windows\System32\SHELL32.dll
0x00007ffe34c50000 - 0x00007ffe353e3000 	C:\Windows\SYSTEM32\windows.storage.dll
0x00007ffe38570000 - 0x00007ffe388c4000 	C:\Windows\System32\combase.dll
0x00007ffe36510000 - 0x00007ffe3653e000 	C:\Windows\SYSTEM32\Wldp.dll
0x00007ffe388d0000 - 0x00007ffe3897d000 	C:\Windows\System32\SHCORE.dll
0x00007ffe37770000 - 0x00007ffe377c5000 	C:\Windows\System32\shlwapi.dll
0x00007ffe36ad0000 - 0x00007ffe36aef000 	C:\Windows\SYSTEM32\profapi.dll
0x00007ffe30a00000 - 0x00007ffe30a0c000 	C:\Program Files\JetBrains\IntelliJ IDEA Community Edition 2022.2.2\jbr\bin\dt_socket.dll
0x00007ffe35f60000 - 0x00007ffe35f9c000 	C:\Windows\SYSTEM32\IPHLPAPI.DLL
0x00007ffe36270000 - 0x00007ffe362da000 	C:\Windows\system32\mswsock.dll
0x00007ffe2af60000 - 0x00007ffe2af79000 	C:\Program Files\JetBrains\IntelliJ IDEA Community Edition 2022.2.2\jbr\bin\net.dll
0x00007ffe2d5e0000 - 0x00007ffe2d6ea000 	C:\Windows\SYSTEM32\WINHTTP.dll
0x00007ffe23fc0000 - 0x00007ffe23fd6000 	C:\Program Files\JetBrains\IntelliJ IDEA Community Edition 2022.2.2\jbr\bin\nio.dll
0x00007ffe2bd10000 - 0x00007ffe2bd20000 	C:\Program Files\JetBrains\IntelliJ IDEA Community Edition 2022.2.2\jbr\bin\verify.dll
0x00007ffe0c320000 - 0x00007ffe0c384000 	C:\Users\Acer\AppData\Local\Temp\lwjglAcer\3.2.3-build-13\lwjgl.dll
0x00007ffe0ab20000 - 0x00007ffe0ab82000 	C:\Users\Acer\AppData\Local\Temp\lwjglAcer\3.2.3-build-13\glfw.dll
0x00007ffe34580000 - 0x00007ffe3461e000 	C:\Windows\system32\uxtheme.dll
0x00007ffe13c50000 - 0x00007ffe13c95000 	C:\Windows\SYSTEM32\dinput8.dll
0x00007ffe1eaf0000 - 0x00007ffe1eb01000 	C:\Windows\SYSTEM32\xinput1_4.dll
0x00007ffe36d20000 - 0x00007ffe36d6e000 	C:\Windows\System32\cfgmgr32.dll
0x00007ffe366c0000 - 0x00007ffe366ec000 	C:\Windows\SYSTEM32\DEVOBJ.dll
0x00007ffe34940000 - 0x00007ffe3496f000 	C:\Windows\SYSTEM32\dwmapi.dll
0x00007ffe30590000 - 0x00007ffe306e2000 	C:\Windows\SYSTEM32\inputhost.dll
0x00007ffe37ca0000 - 0x00007ffe37d6d000 	C:\Windows\System32\OLEAUT32.dll
0x00007ffe340c0000 - 0x00007ffe341b2000 	C:\Windows\SYSTEM32\CoreMessaging.dll
0x00007ffe33690000 - 0x00007ffe337e4000 	C:\Windows\SYSTEM32\wintypes.dll
0x00007ffe326f0000 - 0x00007ffe327e6000 	C:\Windows\SYSTEM32\PROPSYS.dll
0x00007ffe33d60000 - 0x00007ffe340be000 	C:\Windows\SYSTEM32\CoreUIComponents.dll
0x00007ffe35cb0000 - 0x00007ffe35ce3000 	C:\Windows\SYSTEM32\ntmarta.dll
0x00007ffe39350000 - 0x00007ffe39464000 	C:\Windows\System32\MSCTF.dll
0x00007ffe353f0000 - 0x00007ffe353fd000 	C:\Windows\SYSTEM32\HID.DLL
0x00007ffe38100000 - 0x00007ffe38568000 	C:\Windows\System32\SETUPAPI.DLL
0x00007ffe36b90000 - 0x00007ffe36bb7000 	C:\Windows\System32\bcrypt.dll
0x00007ffe37340000 - 0x00007ffe373a7000 	C:\Windows\System32\WINTRUST.dll
0x00007ffe373b0000 - 0x00007ffe3750e000 	C:\Windows\System32\CRYPT32.dll
0x00007ffe366a0000 - 0x00007ffe366b2000 	C:\Windows\SYSTEM32\MSASN1.dll
0x00007ffe206a0000 - 0x00007ffe207c5000 	C:\Windows\SYSTEM32\opengl32.dll
0x00007ffe2b3d0000 - 0x00007ffe2b3fc000 	C:\Windows\SYSTEM32\GLU32.dll
0x00007ffe392a0000 - 0x00007ffe39349000 	C:\Windows\System32\clbcatq.dll
0x00007ffdff170000 - 0x00007ffe00215000 	C:\Windows\System32\DriverStore\FileRepository\iigd_dch.inf_amd64_51f685305808e3a5\ig9icd64.dll
0x00007ffe37fd0000 - 0x00007ffe380fa000 	C:\Windows\System32\ole32.dll
0x00007ffe35450000 - 0x00007ffe35543000 	C:\Windows\system32\dxgi.dll
0x00007ffe093b0000 - 0x00007ffe094dc000 	C:\Windows\System32\DriverStore\FileRepository\iigd_dch.inf_amd64_51f685305808e3a5\igdml64.dll
0x00007ffe2bdd0000 - 0x00007ffe2c1d9000 	C:\Windows\System32\DriverStore\FileRepository\iigd_dch.inf_amd64_51f685305808e3a5\igdgmm64.dll
0x00007ffe27520000 - 0x00007ffe2acb4000 	C:\Windows\System32\DriverStore\FileRepository\iigd_dch.inf_amd64_51f685305808e3a5\igc64.dll
0x00007ffe36a00000 - 0x00007ffe36a4b000 	C:\Windows\SYSTEM32\powrprof.dll
0x00007ffe369e0000 - 0x00007ffe369f2000 	C:\Windows\SYSTEM32\UMPDC.dll
0x00007ffdf06b0000 - 0x00007ffdf0843000 	C:\Program Files\JetBrains\IntelliJ IDEA Community Edition 2022.2.2\jbr\bin\awt.dll
0x00007ffe34470000 - 0x00007ffe34501000 	C:\Windows\SYSTEM32\apphelp.dll
0x00007ffe319a0000 - 0x00007ffe31a4e000 	C:\Windows\SYSTEM32\mscms.dll
0x00007ffe31de0000 - 0x00007ffe31df1000 	C:\Windows\SYSTEM32\ColorAdapterClient.dll
0x00007ffe36a90000 - 0x00007ffe36abe000 	C:\Windows\SYSTEM32\USERENV.dll
0x00007ffe13bc0000 - 0x00007ffe13c03000 	C:\Windows\SYSTEM32\icm32.dll
0x00007ffe2c340000 - 0x00007ffe2c43a000 	C:\Windows\SYSTEM32\textinputframework.dll
0x00007ffe09110000 - 0x00007ffe0921b000 	C:\Users\Acer\AppData\Local\Temp\lwjglAcer\3.2.3-build-13\OpenAL.dll
0x00007ffe2f590000 - 0x00007ffe2f615000 	C:\Windows\System32\MMDevApi.dll
0x00007ffe2d3b0000 - 0x00007ffe2d532000 	C:\Windows\SYSTEM32\AUDIOSES.DLL
0x00007ffe34640000 - 0x00007ffe34654000 	C:\Windows\SYSTEM32\resourcepolicyclient.dll
0x00007ffe0a840000 - 0x00007ffe0a899000 	C:\Users\Acer\AppData\Local\Temp\lwjglAcer\3.2.3-build-13\lwjgl_opengl.dll
0x0000000064a00000 - 0x0000000064d10000 	C:\Users\Acer\AppData\Local\Temp\imgui-java-natives_1686332898312\imgui-java64.dll
0x00007ffe36470000 - 0x00007ffe36488000 	C:\Windows\SYSTEM32\CRYPTSP.dll
0x00007ffe35b90000 - 0x00007ffe35bc4000 	C:\Windows\system32\rsaenh.dll
0x00007ffe36460000 - 0x00007ffe3646c000 	C:\Windows\SYSTEM32\CRYPTBASE.dll
0x00007ffe08ed0000 - 0x00007ffe08f47000 	C:\Users\Acer\AppData\Local\Temp\lwjglAcer\3.2.3-build-13\lwjgl_stb.dll

dbghelp: loaded successfully - version: 4.0.5 - missing functions: none
symbol engine: initialized successfully - sym options: 0x614 - pdb path: .;C:\Program Files\JetBrains\IntelliJ IDEA Community Edition 2022.2.2\jbr\bin;C:\Windows\SYSTEM32;C:\Windows\WinSxS\amd64_microsoft.windows.common-controls_6595b64144ccf1df_6.0.19041.1110_none_60b5254171f9507e;C:\Program Files\JetBrains\IntelliJ IDEA Community Edition 2022.2.2\jbr\bin\server;C:\Users\Acer\AppData\Local\Temp\lwjglAcer\3.2.3-build-13;C:\Windows\System32\DriverStore\FileRepository\iigd_dch.inf_amd64_51f685305808e3a5;C:\Users\Acer\AppData\Local\Temp\imgui-java-natives_1686332898312

VM Arguments:
jvm_args: -agentlib:jdwp=transport=dt_socket,server=n,suspend=y,address=127.0.0.1:2621 -Dfile.encoding=windows-1252 -Duser.country=US -Duser.language=en -Duser.variant 
java_command: Main
java_class_path (initial): C:\Users\Acer\Documents\GitHub\NiceEngine\NiceEngine\build\classes\java\main;C:\Users\Acer\Documents\GitHub\NiceEngine\NiceEngine\build\resources\main;C:\Users\Acer\Documents\GitHub\NiceEngine\NiceEngine\libs\jbox2d-library.jar;C:\Users\Acer\.gradle\caches\modules-2\files-2.1\com.google.code.gson\gson\2.8.6\9180733b7df8542621dc12e21e87557e8c99b8cb\gson-2.8.6.jar;C:\Users\Acer\.gradle\caches\modules-2\files-2.1\io.github.spair\imgui-java-app\1.81.0\37a0be053a63da53c3628b3d6186ccbd380f7106\imgui-java-app-1.81.0.jar;C:\Users\Acer\.gradle\caches\modules-2\files-2.1\io.github.spair\imgui-java-lwjgl3\1.81.0\6c92680fc6e9951532445ecc35b44f2d4cd82d76\imgui-java-lwjgl3-1.81.0.jar;C:\Users\Acer\.gradle\caches\modules-2\files-2.1\org.reflections\reflections\0.10.2\b638d7ca0e0fe0146b60a0e7ba232ad852a73b31\reflections-0.10.2.jar;C:\Users\Acer\.gradle\caches\modules-2\files-2.1\org.lwjgl\lwjgl-assimp\3.2.3\f62aa07a20afbdd3097efc296c4841e0d29700eb\lwjgl-assimp-3.2.3.jar;C:\Users\Acer\.gradle\caches\modules-2\files-2.1\org.lwjgl\lwjgl-assimp\3.2.3\4e60aeb75f0343c4a9ede4ef8b6b32ca702a00a3\lwjgl-assimp-3.2.3-natives-windows.jar;C:\Users\Acer\.gradle\caches\modules-2\files-2.1\org.lwjgl\lwjgl-glfw\3.2.3\5e520d5c290c8b012545a8d34fa5db5ab051ea53\lwjgl-glfw-3.2.3.jar;C:\Users\Acer\.gradle\caches\modules-2\files-2.1\org.lwjgl\lwjgl-glfw\3.2.3\b4d8a3477cdc2edcf7a5f1e822926be846223f54\lwjgl-glfw-3.2.3-natives-windows.jar;C:\Users\Acer\.gradle\caches\modules-2\files-2.1\org.lwjgl\lwjgl-glfw\3.2.3\62b044d9b0a057444bef2ab70b9afc288ec09dba\lwjgl-glfw-3.2.3-natives-linux.jar;C:\Users\Acer\.gradle\caches\modules-2\files-2.1\org.lwjgl\lwjgl-glfw\3.2.3\58661272eacb9116336c88b4aadccf1f17c09b\lwjgl-glfw-3.2.3-natives-macos.jar;C:\Users\Acer\.gradle\caches\modules-2\files-2.1\org.lwjgl\lwjgl-nfd\3.2.3\c44fee1043c022cf6614a28872d44cf114ca7737\lwjgl-nfd-3.2.3.jar;C:\Users\Acer\.gradle\caches\modules-2\files-2.1\org.lwjgl\lwjgl-nfd\3.2.3\32782f5f5c57769efb82af864e70b819c77bc89
Launcher Type: SUN_STANDARD

[Global flags]
     intx CICompilerCount                          = 3                                         {product} {ergonomic}
     uint ConcGCThreads                            = 1                                         {product} {ergonomic}
     uint G1ConcRefinementThreads                  = 4                                         {product} {ergonomic}
   size_t G1HeapRegionSize                         = 2097152                                   {product} {ergonomic}
    uintx GCDrainStackTargetSize                   = 64                                        {product} {ergonomic}
   size_t InitialHeapSize                          = 199229440                                 {product} {ergonomic}
   size_t MarkStackSize                            = 4194304                                   {product} {ergonomic}
   size_t MaxHeapSize                              = 3187671040                                {product} {ergonomic}
   size_t MaxNewSize                               = 1912602624                                {product} {ergonomic}
   size_t MinHeapDeltaBytes                        = 2097152                                   {product} {ergonomic}
   size_t MinHeapSize                              = 8388608                                   {product} {ergonomic}
    uintx NonNMethodCodeHeapSize                   = 5832780                                {pd product} {ergonomic}
    uintx NonProfiledCodeHeapSize                  = 122912730                              {pd product} {ergonomic}
    uintx ProfiledCodeHeapSize                     = 122912730                              {pd product} {ergonomic}
    uintx ReservedCodeCacheSize                    = 251658240                              {pd product} {ergonomic}
     bool SegmentedCodeCache                       = true                                      {product} {ergonomic}
   size_t SoftMaxHeapSize                          = 3187671040                             {manageable} {ergonomic}
     bool UseCompressedClassPointers               = true                           {product lp64_product} {ergonomic}
     bool UseCompressedOops                        = true                           {product lp64_product} {ergonomic}
     bool UseG1GC                                  = true                                      {product} {ergonomic}
     bool UseLargePagesIndividualAllocation        = false                                  {pd product} {ergonomic}

Logging:
Log output configuration:
 #0: stdout all=warning uptime,level,tags
 #1: stderr all=off uptime,level,tags

Environment Variables:
JAVA_HOME=C:\Program Files\Java\jdk-11.0.17
PATH=C:\Program Files\PlasticSCM5\server;C:\Program Files\PlasticSCM5\client;C:\Program Files\Common Files\Oracle\Java\javapath;C:\Windows\system32;C:\Windows;C:\Windows\System32\Wbem;C:\Windows\System32\WindowsPowerShell\v1.0\;C:\Windows\System32\OpenSSH\;C:\Program Files\Cloudflare\Cloudflare WARP\;C:\Program Files\Git\cmd;C:\Program Files\dotnet\;C:\Program Files\nodejs\;C:\Program Files\Git LFS;C:\Program Files\Unity\Hub\Editor\2021.3.13f1\Editor\Data\PlaybackEngines\AndroidPlayer\SDK\platform-tools;C:\Program Files\Maven\apache-maven-3.8.7\bin;C:\Program Files (x86)\dotnet\;C:\Users\Acer\AppData\Local\Microsoft\WindowsApps;C:\Users\Acer\AppData\Local\GitHubDesktop\bin;C:\Users\Acer\AppData\Local\Programs\Microsoft VS Code\bin;C:\Users\Acer\.dotnet\tools;C:\Users\Acer\AppData\Roaming\npm;C:\Users\Acer\AppData\Roaming\npm\node_modules\@angular\cli\bin;C:\Program Files\nodejs;C:\Program Files (x86)\Nmap;C:\Program Files\Unity\Hub\Editor\2021.3.13f1\Editor\Data\PlaybackEngines\AndroidPlayer\SDK\platform-tools;C:\Program Files\Java\gradle-7.6\bin;C:\Program Files\Java\jdk-11.0.17\bin;
USERNAME=Acer
OS=Windows_NT
PROCESSOR_IDENTIFIER=Intel64 Family 6 Model 142 Stepping 9, GenuineIntel
TMP=C:\Users\Acer\AppData\Local\Temp
TEMP=C:\Users\Acer\AppData\Local\Temp



---------------  S Y S T E M  ---------------

OS:
 Windows 10 , 64 bit Build 19041 (10.0.19041.2913)
OS uptime: 9 days 3:00 hours

CPU: total 4 (initial active 4) (2 cores per cpu, 2 threads per core) family 6 model 142 stepping 9 microcode 0xb4, cx8, cmov, fxsr, ht, mmx, 3dnowpref, sse, sse2, sse3, ssse3, sse4.1, sse4.2, popcnt, lzcnt, tsc, tscinvbit, avx, avx2, aes, erms, clmul, bmi1, bmi2, adx, fma, vzeroupper, clflush, clflushopt

Memory: 4k page, system-wide physical 12156M (2946M free)
TotalPageFile size 15740M (AvailPageFile size 2642M)
current process WorkingSet (physical memory assigned to process): 289M, peak: 296M
current process commit charge ("private bytes"): 397M, peak: 408M

vm_info: OpenJDK 64-Bit Server VM (17.0.4+7-b469.53) for windows-amd64 JRE (17.0.4+7-b469.53), built on 2022-08-29 by "builduser" with MS VC++ 16.10 / 16.11 (VS2019)

END.
