#
# A fatal error has been detected by the Java Runtime Environment:
#
#  EXCEPTION_ACCESS_VIOLATION (0xc0000005) at pc=0x0000000064a8d7ae, pid=3648, tid=14068
#
# JRE version: OpenJDK Runtime Environment JBR-17.0.4+7-469.53-jcef (17.0.4+7) (build 17.0.4+7-b469.53)
# Java VM: OpenJDK 64-Bit Server VM JBR-17.0.4+7-469.53-jcef (17.0.4+7-b469.53, mixed mode, tiered, compressed oops, compressed class ptrs, g1 gc, windows-amd64)
# Problematic frame:
# C  [imgui-java64.dll+0x8d7ae]
#
# No core dump will be written. Minidumps are not enabled by default on client versions of Windows
#
# If you would like to submit a bug report, please visit:
#   https://youtrack.jetbrains.com/issues/JBR
# The crash happened outside the Java Virtual Machine in native code.
# See problematic frame for where to report the bug.
#

---------------  S U M M A R Y ------------

Command Line: -Dfile.encoding=windows-1252 -Duser.country=US -Duser.language=en -Duser.variant Main

Host: Intel(R) Core(TM) i5-7200U CPU @ 2.50GHz, 4 cores, 11G,  Windows 10 , 64 bit Build 19041 (10.0.19041.2913)
Time: Thu May 11 16:20:33 2023 SE Asia Standard Time elapsed time: 4.706359 seconds (0d 0h 0m 4s)

---------------  T H R E A D  ---------------

Current thread (0x0000021218fd5590):  JavaThread "main" [_thread_in_native, id=14068, stack(0x000000c234900000,0x000000c234a00000)]

Stack: [0x000000c234900000,0x000000c234a00000],  sp=0x000000c2349fea70,  free space=1018k
Native frames: (J=compiled Java code, j=interpreted, Vv=VM code, C=native code)
C  [imgui-java64.dll+0x8d7ae]

Java frames: (J=compiled Java code, j=interpreted, Vv=VM code)
j  imgui.ImDrawList.nAddText(JFFFILjava/lang/String;F)V+0
j  imgui.ImDrawList.addText(Limgui/ImFont;FFFILjava/lang/String;F)V+15
J 1538 c1 editor.uihelper.NiceImGui.ShowFileDialogForReference()V (245 bytes) @ 0x000002121e700c14 [0x000002121e7003a0+0x0000000000000874]
J 1459 c1 editor.uihelper.NiceImGui.Reference(Ljava/lang/String;)V (61 bytes) @ 0x000002121e6edfc4 [0x000002121e6ede00+0x00000000000001c4]
j  editor.ConsoleWindow.imgui()V+28
j  system.ImGuiLayer.update(FLscenes/Scene;)V+34
j  system.Window.loop()V+205
j  system.Window.run()V+19
j  Main.main([Ljava/lang/String;)V+5
v  ~StubRoutines::call_stub

siginfo: EXCEPTION_ACCESS_VIOLATION (0xc0000005), reading address 0x0000000000000008


Register to memory mapping:

RIP=0x0000000064a8d7ae imgui-java64.dll
RAX=0x0 is NULL
RBX=0x0 is NULL
RCX=0xfffffdedbe52faf0 is an unknown value
RDX=0x0000000000000004 is an unknown value
RSP=0x000000c2349fea70 is pointing into the stack for thread: 0x0000021218fd5590
RBP=0x000000c2349feb78 is pointing into the stack for thread: 0x0000021218fd5590
RSI=0x0000021241ad0510 points into unknown readable memory: 0x6c756765722d6166 | 66 61 2d 72 65 67 75 6c
RDI=0x00000000ff0000ff is an unknown value
R8 =0x7efefefefefefeff is an unknown value
R9 =0x7f1f332f2cff6573 is an unknown value
R10=0x00007ffdb6596750 jvm.dll
R11=0x8101010101010100 is an unknown value
R12=0x0000021238d94358 points into unknown readable memory: 0x0000000800000003 | 03 00 00 00 08 00 00 00
R13=0x0000021238d77ef0 points into unknown readable memory: 0x0000000000000000 | 00 00 00 00 00 00 00 00
R14=0x0000021241ad0522 points into unknown readable memory: 00 2e 30 34 20 00
R15=0x000000c2349fecd0 is pointing into the stack for thread: 0x0000021218fd5590


Registers:
RAX=0x0000000000000000, RBX=0x0000000000000000, RCX=0xfffffdedbe52faf0, RDX=0x0000000000000004
RSP=0x000000c2349fea70, RBP=0x000000c2349feb78, RSI=0x0000021241ad0510, RDI=0x00000000ff0000ff
R8 =0x7efefefefefefeff, R9 =0x7f1f332f2cff6573, R10=0x00007ffdb6596750, R11=0x8101010101010100
R12=0x0000021238d94358, R13=0x0000021238d77ef0, R14=0x0000021241ad0522, R15=0x000000c2349fecd0
RIP=0x0000000064a8d7ae, EFLAGS=0x0000000000010202

Top of Stack: (sp=0x000000c2349fea70)
0x000000c2349fea70:   0000000000000400 000000c2349fea80
0x000000c2349fea80:   000000074cd62888 00007ffdb5dcca99
0x000000c2349fea90:   0000021241ad0510 0000021218fd5590
0x000000c2349feaa0:   0000000000000000 0000000000000000
0x000000c2349feab0:   0000021218fd5590 0000000000000000
0x000000c2349feac0:   0000000000000000 0000000000000000
0x000000c2349fead0:   0000021241ad0510 00000000ff0000ff
0x000000c2349feae0:   000000074cd62888 000000c2349feca8
0x000000c2349feaf0:   0000021218fd5838 0000021238d77ef0
0x000000c2349feb00:   000000c2349fed08 0000000064a449b0
0x000000c2349feb10:   000000c2349feca8 000000c2349fed08
0x000000c2349feb20:   000000c241a00000 0000021200000008
0x000000c2349feb30:   00000212ff0000ff 0000021241ad0510
0x000000c2349feb40:   0000000000000000 000000c243fa0000
0x000000c2349feb50:   0000000000000000 000000074cd62888
0x000000c2349feb60:   000000074ce8ab30 41a000004022b610 

Instructions: (pc=0x0000000064a8d7ae)
0x0000000064a8d6ae:   ff ff 48 89 c7 31 c0 4c 39 e7 0f 94 c0 48 01 c7
0x0000000064a8d6be:   4c 39 e7 0f 87 fa fd ff ff 66 0f 1f 84 00 00 00
0x0000000064a8d6ce:   00 00 f3 44 0f 58 cf 49 39 dc 72 0f eb 34 0f 1f
0x0000000064a8d6de:   40 00 49 83 c4 01 49 39 dc 74 27 41 0f b6 04 24
0x0000000064a8d6ee:   3c 20 74 ee 3c 09 74 ea 31 ff 3c 0a 45 0f 28 c4
0x0000000064a8d6fe:   0f 94 c0 0f b6 c0 49 01 c4 e9 98 fd ff ff 0f 1f
0x0000000064a8d70e:   40 00 45 0f 28 c4 31 ff e9 89 fd ff ff 48 89 d8
0x0000000064a8d71e:   49 89 cc 45 0f 28 c8 48 29 c8 e9 b4 f9 ff ff 90
0x0000000064a8d72e:   66 90 41 56 41 55 41 54 55 57 56 53 48 83 ec 60
0x0000000064a8d73e:   8b bc 24 c0 00 00 00 48 8b b4 24 c8 00 00 00 4c
0x0000000064a8d74e:   8b b4 24 d0 00 00 00 48 8b 9c 24 e0 00 00 00 49
0x0000000064a8d75e:   89 cc 49 89 d5 4c 89 cd f7 c7 00 00 00 ff 0f 84
0x0000000064a8d76e:   2a 01 00 00 4d 85 f6 0f 84 35 01 00 00 49 39 f6
0x0000000064a8d77e:   0f 84 18 01 00 00 4d 85 ed 0f 84 4b 01 00 00 0f
0x0000000064a8d78e:   2e 15 3c 87 1d 00 7a 0c 75 0a 49 8b 44 24 38 f3
0x0000000064a8d79e:   0f 10 50 10 49 8b 45 40 49 8b 94 24 98 00 00 00
0x0000000064a8d7ae:   48 39 50 08 74 2c f3 0f 11 94 24 b0 00 00 00 41
0x0000000064a8d7be:   b8 80 05 00 00 48 8d 15 16 19 1d 00 48 8d 0d 47
0x0000000064a8d7ce:   20 1d 00 ff 15 15 c0 27 00 f3 0f 10 94 24 b0 00
0x0000000064a8d7de:   00 00 f3 41 0f 6f a4 24 88 00 00 00 0f 29 64 24
0x0000000064a8d7ee:   50 48 85 db 74 65 f3 0f 10 1b f3 0f 10 44 24 50
0x0000000064a8d7fe:   0f 28 cb f3 0f c2 c8 02 0f 54 c1 0f 55 cb f3 0f
0x0000000064a8d80e:   10 5b 04 0f 56 c1 f3 0f 11 44 24 50 f3 0f 10 44
0x0000000064a8d81e:   24 54 0f 28 cb f3 0f c2 c8 02 0f 54 c1 0f 55 cb
0x0000000064a8d82e:   0f 56 c1 f3 0f 11 44 24 54 f3 0f 10 44 24 58 f3
0x0000000064a8d83e:   0f 5d 43 08 f3 0f 11 44 24 58 f3 0f 10 44 24 5c
0x0000000064a8d84e:   f3 0f 5d 43 0c f3 0f 11 44 24 5c 31 c0 48 85 db
0x0000000064a8d85e:   4c 89 74 24 38 4c 8b 4d 00 0f 95 c0 48 89 74 24
0x0000000064a8d86e:   30 4c 89 e2 4c 89 e9 f3 0f 10 84 24 d8 00 00 00
0x0000000064a8d87e:   89 44 24 48 48 8d 44 24 50 48 89 44 24 28 89 7c
0x0000000064a8d88e:   24 20 f3 0f 11 44 24 40 e8 45 f7 ff ff 90 48 83
0x0000000064a8d89e:   c4 60 5b 5e 5f 5d 41 5c 41 5d 41 5e c3 0f 1f 44 


Stack slot to memory mapping:
stack at sp + 0 slots: 1024 is a compressed pointer to class: 0x0000000800000400
scenes.SceneInitializer {0x0000000800000408}
 - instance size:     2
 - klass size:        72
 - access:            public synchronized abstract 
 - state:             fully_initialized
 - name:              'scenes/SceneInitializer'
 - super:             'java/lang/Object'
 - sub:               'scenes/LevelSceneInitializer'   'scenes/LevelEditorSceneInitializer'   
 - arrays:            NULL
 - methods:           Array<T>(0x0000021237403560)
 - method ordering:   Array<T>(0x0000021237000018)
 - default_methods:   Array<T>(0x0000000000000000)
 - local interfaces:  Array<T>(0x0000021237000058)
 - trans. interfaces: Array<T>(0x0000021237000058)
 - constants:         constant pool [20] {0x0000021237403458} for 'scenes/SceneInitializer' cache=0x0000021240252f68
 - class loader data:  loader data: 0x00000212378df410 for instance a 'jdk/internal/loader/ClassLoaders$AppClassLoader'{0x000000074202b200}
 - source file:       'SceneInitializer.java'
 - class annotations:       Array<T>(0x0000000000000000)
 - class type annotations:  Array<T>(0x0000000000000000)
 - field annotations:       Array<T>(0x0000000000000000)
 - field type annotations:  Array<T>(0x0000000000000000)
 - inner classes:     Array<T>(0x0000021237000028)
 - nest members:     Array<T>(0x0000021237000028)
 - permitted subclasses:     Array<T>(0x0000021237000028)
 - java mirror:       a 'java/lang/Class'{0x000000074217dd60} = 'scenes/SceneInitializer'
 - vtable length      8  (start addr: 0x00000008000005f0)
 - itable length      2 (start addr: 0x0000000800000630)
 - ---- static fields (0 words):
 - ---- non-static fields (0 words):
 - non-static oop maps: 
stack at sp + 1 slots: 0x000000c2349fea80 is pointing into the stack for thread: 0x0000021218fd5590
stack at sp + 2 slots: 0x000000074cd62888 is an oop: java.lang.String 
{0x000000074cd62888} - klass: 'java/lang/String'
 - string: "fa-regular-400.ttf"
stack at sp + 3 slots: 0x00007ffdb5dcca99 jvm.dll
stack at sp + 4 slots: 0x0000021241ad0510 points into unknown readable memory: 0x6c756765722d6166 | 66 61 2d 72 65 67 75 6c
stack at sp + 5 slots: 0x0000021218fd5590 is a thread
stack at sp + 6 slots: 0x0 is NULL
stack at sp + 7 slots: 0x0 is NULL


---------------  P R O C E S S  ---------------

Threads class SMR info:
_java_thread_list=0x0000021241b3ceb0, length=13, elements={
0x0000021218fd5590, 0x0000021236c5b530, 0x0000021236c5c620, 0x0000021237858ad0,
0x0000021237859680, 0x000002123784e820, 0x0000021237852c30, 0x00000212378535d0,
0x0000021237853c80, 0x00000212378941c0, 0x00000212379f3140, 0x00000212379f6240,
0x000002123822a5c0
}

Java Threads: ( => current thread )
=>0x0000021218fd5590 JavaThread "main" [_thread_in_native, id=14068, stack(0x000000c234900000,0x000000c234a00000)]
  0x0000021236c5b530 JavaThread "Reference Handler" daemon [_thread_blocked, id=5236, stack(0x000000c235000000,0x000000c235100000)]
  0x0000021236c5c620 JavaThread "Finalizer" daemon [_thread_blocked, id=7964, stack(0x000000c235100000,0x000000c235200000)]
  0x0000021237858ad0 JavaThread "Signal Dispatcher" daemon [_thread_blocked, id=12832, stack(0x000000c235200000,0x000000c235300000)]
  0x0000021237859680 JavaThread "Attach Listener" daemon [_thread_blocked, id=8944, stack(0x000000c235300000,0x000000c235400000)]
  0x000002123784e820 JavaThread "Service Thread" daemon [_thread_blocked, id=11244, stack(0x000000c235400000,0x000000c235500000)]
  0x0000021237852c30 JavaThread "Monitor Deflation Thread" daemon [_thread_blocked, id=9820, stack(0x000000c235500000,0x000000c235600000)]
  0x00000212378535d0 JavaThread "C2 CompilerThread0" daemon [_thread_blocked, id=6312, stack(0x000000c235600000,0x000000c235700000)]
  0x0000021237853c80 JavaThread "C1 CompilerThread0" daemon [_thread_blocked, id=13640, stack(0x000000c235700000,0x000000c235800000)]
  0x00000212378941c0 JavaThread "Sweeper thread" daemon [_thread_blocked, id=14084, stack(0x000000c235800000,0x000000c235900000)]
  0x00000212379f3140 JavaThread "Notification Thread" daemon [_thread_blocked, id=7776, stack(0x000000c235900000,0x000000c235a00000)]
  0x00000212379f6240 JavaThread "Common-Cleaner" daemon [_thread_blocked, id=244, stack(0x000000c235b00000,0x000000c235c00000)]
  0x000002123822a5c0 JavaThread "Java2D Disposer" daemon [_thread_blocked, id=232, stack(0x000000c236200000,0x000000c236300000)]

Other Threads:
  0x0000021236c56c50 VMThread "VM Thread" [stack: 0x000000c234f00000,0x000000c235000000] [id=9392]
  0x0000021237952a10 WatcherThread [stack: 0x000000c235a00000,0x000000c235b00000] [id=5860]
  0x000002121902c930 GCTaskThread "GC Thread#0" [stack: 0x000000c234a00000,0x000000c234b00000] [id=1508]
  0x0000021237c31050 GCTaskThread "GC Thread#1" [stack: 0x000000c236400000,0x000000c236500000] [id=11872]
  0x000002123825ed50 GCTaskThread "GC Thread#2" [stack: 0x000000c236500000,0x000000c236600000] [id=10884]
  0x000002123825f000 GCTaskThread "GC Thread#3" [stack: 0x000000c236600000,0x000000c236700000] [id=5280]
  0x0000021219039670 ConcurrentGCThread "G1 Main Marker" [stack: 0x000000c234b00000,0x000000c234c00000] [id=13976]
  0x000002121903a820 ConcurrentGCThread "G1 Conc#0" [stack: 0x000000c234c00000,0x000000c234d00000] [id=2228]
  0x000002121909d020 ConcurrentGCThread "G1 Refine#0" [stack: 0x000000c234d00000,0x000000c234e00000] [id=16200]
  0x000002121909da40 ConcurrentGCThread "G1 Service" [stack: 0x000000c234e00000,0x000000c234f00000] [id=16260]

Threads with active compile tasks:

VM state: not at safepoint (normal execution)

VM Mutex/Monitor currently owned by a thread: None

Heap address: 0x0000000742000000, size: 3040 MB, Compressed Oops mode: Zero based, Oop shift amount: 3

CDS archive(s) not mapped
Compressed class space mapped at: 0x0000000800000000-0x0000000840000000, reserved size: 1073741824
Narrow klass base: 0x0000000800000000, Narrow klass shift: 0, Narrow klass range: 0x40000000

GC Precious Log:
 CPUs: 4 total, 4 available
 Memory: 12156M
 Large Page Support: Disabled
 NUMA Support: Disabled
 Compressed Oops: Enabled (Zero based)
 Heap Region Size: 2M
 Heap Min Capacity: 8M
 Heap Initial Capacity: 190M
 Heap Max Capacity: 3040M
 Pre-touch: Disabled
 Parallel Workers: 4
 Concurrent Workers: 1
 Concurrent Refinement Workers: 4
 Periodic GC: Disabled

Heap:
 garbage-first heap   total 194560K, used 21505K [0x0000000742000000, 0x0000000800000000)
  region size 2048K, 9 young (18432K), 1 survivors (2048K)
 Metaspace       used 20226K, committed 20416K, reserved 1073152K
  class space    used 1528K, committed 1600K, reserved 1048576K

Heap Regions: E=young(eden), S=young(survivor), O=old, HS=humongous(starts), HC=humongous(continues), CS=collection set, F=free, OA=open archive, CA=closed archive, TAMS=top-at-mark-start (previous, next)
|   0|0x0000000742000000, 0x0000000742200000, 0x0000000742200000|100%| O|  |TAMS 0x0000000742000000, 0x0000000742000000| Untracked 
|   1|0x0000000742200000, 0x0000000742229800, 0x0000000742400000|  8%| O|  |TAMS 0x0000000742200000, 0x0000000742200000| Untracked 
|   2|0x0000000742400000, 0x0000000742600000, 0x0000000742600000|100%|HS|  |TAMS 0x0000000742400000, 0x0000000742400000| Complete 
|   3|0x0000000742600000, 0x0000000742800000, 0x0000000742800000|100%|HS|  |TAMS 0x0000000742600000, 0x0000000742600000| Complete 
|   4|0x0000000742800000, 0x0000000742800000, 0x0000000742a00000|  0%| F|  |TAMS 0x0000000742800000, 0x0000000742800000| Untracked 
|   5|0x0000000742a00000, 0x0000000742a00000, 0x0000000742c00000|  0%| F|  |TAMS 0x0000000742a00000, 0x0000000742a00000| Untracked 
|   6|0x0000000742c00000, 0x0000000742c00000, 0x0000000742e00000|  0%| F|  |TAMS 0x0000000742c00000, 0x0000000742c00000| Untracked 
|   7|0x0000000742e00000, 0x0000000742e00000, 0x0000000743000000|  0%| F|  |TAMS 0x0000000742e00000, 0x0000000742e00000| Untracked 
|   8|0x0000000743000000, 0x0000000743000000, 0x0000000743200000|  0%| F|  |TAMS 0x0000000743000000, 0x0000000743000000| Untracked 
|   9|0x0000000743200000, 0x0000000743200000, 0x0000000743400000|  0%| F|  |TAMS 0x0000000743200000, 0x0000000743200000| Untracked 
|  10|0x0000000743400000, 0x0000000743400000, 0x0000000743600000|  0%| F|  |TAMS 0x0000000743400000, 0x0000000743400000| Untracked 
|  11|0x0000000743600000, 0x0000000743600000, 0x0000000743800000|  0%| F|  |TAMS 0x0000000743600000, 0x0000000743600000| Untracked 
|  12|0x0000000743800000, 0x0000000743800000, 0x0000000743a00000|  0%| F|  |TAMS 0x0000000743800000, 0x0000000743800000| Untracked 
|  13|0x0000000743a00000, 0x0000000743a00000, 0x0000000743c00000|  0%| F|  |TAMS 0x0000000743a00000, 0x0000000743a00000| Untracked 
|  14|0x0000000743c00000, 0x0000000743c00000, 0x0000000743e00000|  0%| F|  |TAMS 0x0000000743c00000, 0x0000000743c00000| Untracked 
|  15|0x0000000743e00000, 0x0000000743e00000, 0x0000000744000000|  0%| F|  |TAMS 0x0000000743e00000, 0x0000000743e00000| Untracked 
|  16|0x0000000744000000, 0x0000000744000000, 0x0000000744200000|  0%| F|  |TAMS 0x0000000744000000, 0x0000000744000000| Untracked 
|  17|0x0000000744200000, 0x0000000744200000, 0x0000000744400000|  0%| F|  |TAMS 0x0000000744200000, 0x0000000744200000| Untracked 
|  18|0x0000000744400000, 0x0000000744400000, 0x0000000744600000|  0%| F|  |TAMS 0x0000000744400000, 0x0000000744400000| Untracked 
|  19|0x0000000744600000, 0x0000000744600000, 0x0000000744800000|  0%| F|  |TAMS 0x0000000744600000, 0x0000000744600000| Untracked 
|  20|0x0000000744800000, 0x0000000744800000, 0x0000000744a00000|  0%| F|  |TAMS 0x0000000744800000, 0x0000000744800000| Untracked 
|  21|0x0000000744a00000, 0x0000000744a00000, 0x0000000744c00000|  0%| F|  |TAMS 0x0000000744a00000, 0x0000000744a00000| Untracked 
|  22|0x0000000744c00000, 0x0000000744c00000, 0x0000000744e00000|  0%| F|  |TAMS 0x0000000744c00000, 0x0000000744c00000| Untracked 
|  23|0x0000000744e00000, 0x0000000744e00000, 0x0000000745000000|  0%| F|  |TAMS 0x0000000744e00000, 0x0000000744e00000| Untracked 
|  24|0x0000000745000000, 0x0000000745000000, 0x0000000745200000|  0%| F|  |TAMS 0x0000000745000000, 0x0000000745000000| Untracked 
|  25|0x0000000745200000, 0x0000000745200000, 0x0000000745400000|  0%| F|  |TAMS 0x0000000745200000, 0x0000000745200000| Untracked 
|  26|0x0000000745400000, 0x0000000745400000, 0x0000000745600000|  0%| F|  |TAMS 0x0000000745400000, 0x0000000745400000| Untracked 
|  27|0x0000000745600000, 0x0000000745600000, 0x0000000745800000|  0%| F|  |TAMS 0x0000000745600000, 0x0000000745600000| Untracked 
|  28|0x0000000745800000, 0x0000000745800000, 0x0000000745a00000|  0%| F|  |TAMS 0x0000000745800000, 0x0000000745800000| Untracked 
|  29|0x0000000745a00000, 0x0000000745a00000, 0x0000000745c00000|  0%| F|  |TAMS 0x0000000745a00000, 0x0000000745a00000| Untracked 
|  30|0x0000000745c00000, 0x0000000745c00000, 0x0000000745e00000|  0%| F|  |TAMS 0x0000000745c00000, 0x0000000745c00000| Untracked 
|  31|0x0000000745e00000, 0x0000000745e00000, 0x0000000746000000|  0%| F|  |TAMS 0x0000000745e00000, 0x0000000745e00000| Untracked 
|  32|0x0000000746000000, 0x0000000746000000, 0x0000000746200000|  0%| F|  |TAMS 0x0000000746000000, 0x0000000746000000| Untracked 
|  33|0x0000000746200000, 0x0000000746200000, 0x0000000746400000|  0%| F|  |TAMS 0x0000000746200000, 0x0000000746200000| Untracked 
|  34|0x0000000746400000, 0x0000000746400000, 0x0000000746600000|  0%| F|  |TAMS 0x0000000746400000, 0x0000000746400000| Untracked 
|  35|0x0000000746600000, 0x0000000746600000, 0x0000000746800000|  0%| F|  |TAMS 0x0000000746600000, 0x0000000746600000| Untracked 
|  36|0x0000000746800000, 0x0000000746800000, 0x0000000746a00000|  0%| F|  |TAMS 0x0000000746800000, 0x0000000746800000| Untracked 
|  37|0x0000000746a00000, 0x0000000746a00000, 0x0000000746c00000|  0%| F|  |TAMS 0x0000000746a00000, 0x0000000746a00000| Untracked 
|  38|0x0000000746c00000, 0x0000000746c00000, 0x0000000746e00000|  0%| F|  |TAMS 0x0000000746c00000, 0x0000000746c00000| Untracked 
|  39|0x0000000746e00000, 0x0000000746e00000, 0x0000000747000000|  0%| F|  |TAMS 0x0000000746e00000, 0x0000000746e00000| Untracked 
|  40|0x0000000747000000, 0x0000000747000000, 0x0000000747200000|  0%| F|  |TAMS 0x0000000747000000, 0x0000000747000000| Untracked 
|  41|0x0000000747200000, 0x0000000747200000, 0x0000000747400000|  0%| F|  |TAMS 0x0000000747200000, 0x0000000747200000| Untracked 
|  42|0x0000000747400000, 0x0000000747400000, 0x0000000747600000|  0%| F|  |TAMS 0x0000000747400000, 0x0000000747400000| Untracked 
|  43|0x0000000747600000, 0x0000000747600000, 0x0000000747800000|  0%| F|  |TAMS 0x0000000747600000, 0x0000000747600000| Untracked 
|  44|0x0000000747800000, 0x0000000747800000, 0x0000000747a00000|  0%| F|  |TAMS 0x0000000747800000, 0x0000000747800000| Untracked 
|  45|0x0000000747a00000, 0x0000000747a00000, 0x0000000747c00000|  0%| F|  |TAMS 0x0000000747a00000, 0x0000000747a00000| Untracked 
|  46|0x0000000747c00000, 0x0000000747c00000, 0x0000000747e00000|  0%| F|  |TAMS 0x0000000747c00000, 0x0000000747c00000| Untracked 
|  47|0x0000000747e00000, 0x0000000747e00000, 0x0000000748000000|  0%| F|  |TAMS 0x0000000747e00000, 0x0000000747e00000| Untracked 
|  48|0x0000000748000000, 0x0000000748000000, 0x0000000748200000|  0%| F|  |TAMS 0x0000000748000000, 0x0000000748000000| Untracked 
|  49|0x0000000748200000, 0x0000000748200000, 0x0000000748400000|  0%| F|  |TAMS 0x0000000748200000, 0x0000000748200000| Untracked 
|  50|0x0000000748400000, 0x0000000748400000, 0x0000000748600000|  0%| F|  |TAMS 0x0000000748400000, 0x0000000748400000| Untracked 
|  51|0x0000000748600000, 0x0000000748600000, 0x0000000748800000|  0%| F|  |TAMS 0x0000000748600000, 0x0000000748600000| Untracked 
|  52|0x0000000748800000, 0x0000000748800000, 0x0000000748a00000|  0%| F|  |TAMS 0x0000000748800000, 0x0000000748800000| Untracked 
|  53|0x0000000748a00000, 0x0000000748a00000, 0x0000000748c00000|  0%| F|  |TAMS 0x0000000748a00000, 0x0000000748a00000| Untracked 
|  54|0x0000000748c00000, 0x0000000748c00000, 0x0000000748e00000|  0%| F|  |TAMS 0x0000000748c00000, 0x0000000748c00000| Untracked 
|  55|0x0000000748e00000, 0x0000000748e00000, 0x0000000749000000|  0%| F|  |TAMS 0x0000000748e00000, 0x0000000748e00000| Untracked 
|  56|0x0000000749000000, 0x0000000749000000, 0x0000000749200000|  0%| F|  |TAMS 0x0000000749000000, 0x0000000749000000| Untracked 
|  57|0x0000000749200000, 0x0000000749200000, 0x0000000749400000|  0%| F|  |TAMS 0x0000000749200000, 0x0000000749200000| Untracked 
|  58|0x0000000749400000, 0x0000000749400000, 0x0000000749600000|  0%| F|  |TAMS 0x0000000749400000, 0x0000000749400000| Untracked 
|  59|0x0000000749600000, 0x0000000749600000, 0x0000000749800000|  0%| F|  |TAMS 0x0000000749600000, 0x0000000749600000| Untracked 
|  60|0x0000000749800000, 0x0000000749800000, 0x0000000749a00000|  0%| F|  |TAMS 0x0000000749800000, 0x0000000749800000| Untracked 
|  61|0x0000000749a00000, 0x0000000749a00000, 0x0000000749c00000|  0%| F|  |TAMS 0x0000000749a00000, 0x0000000749a00000| Untracked 
|  62|0x0000000749c00000, 0x0000000749c00000, 0x0000000749e00000|  0%| F|  |TAMS 0x0000000749c00000, 0x0000000749c00000| Untracked 
|  63|0x0000000749e00000, 0x0000000749e00000, 0x000000074a000000|  0%| F|  |TAMS 0x0000000749e00000, 0x0000000749e00000| Untracked 
|  64|0x000000074a000000, 0x000000074a000000, 0x000000074a200000|  0%| F|  |TAMS 0x000000074a000000, 0x000000074a000000| Untracked 
|  65|0x000000074a200000, 0x000000074a200000, 0x000000074a400000|  0%| F|  |TAMS 0x000000074a200000, 0x000000074a200000| Untracked 
|  66|0x000000074a400000, 0x000000074a400000, 0x000000074a600000|  0%| F|  |TAMS 0x000000074a400000, 0x000000074a400000| Untracked 
|  67|0x000000074a600000, 0x000000074a600000, 0x000000074a800000|  0%| F|  |TAMS 0x000000074a600000, 0x000000074a600000| Untracked 
|  68|0x000000074a800000, 0x000000074a800000, 0x000000074aa00000|  0%| F|  |TAMS 0x000000074a800000, 0x000000074a800000| Untracked 
|  69|0x000000074aa00000, 0x000000074aa00000, 0x000000074ac00000|  0%| F|  |TAMS 0x000000074aa00000, 0x000000074aa00000| Untracked 
|  70|0x000000074ac00000, 0x000000074ac00000, 0x000000074ae00000|  0%| F|  |TAMS 0x000000074ac00000, 0x000000074ac00000| Untracked 
|  71|0x000000074ae00000, 0x000000074ae00000, 0x000000074b000000|  0%| F|  |TAMS 0x000000074ae00000, 0x000000074ae00000| Untracked 
|  72|0x000000074b000000, 0x000000074b000000, 0x000000074b200000|  0%| F|  |TAMS 0x000000074b000000, 0x000000074b000000| Untracked 
|  73|0x000000074b200000, 0x000000074b200000, 0x000000074b400000|  0%| F|  |TAMS 0x000000074b200000, 0x000000074b200000| Untracked 
|  74|0x000000074b400000, 0x000000074b400000, 0x000000074b600000|  0%| F|  |TAMS 0x000000074b400000, 0x000000074b400000| Untracked 
|  75|0x000000074b600000, 0x000000074b600000, 0x000000074b800000|  0%| F|  |TAMS 0x000000074b600000, 0x000000074b600000| Untracked 
|  76|0x000000074b800000, 0x000000074b800000, 0x000000074ba00000|  0%| F|  |TAMS 0x000000074b800000, 0x000000074b800000| Untracked 
|  77|0x000000074ba00000, 0x000000074ba00000, 0x000000074bc00000|  0%| F|  |TAMS 0x000000074ba00000, 0x000000074ba00000| Untracked 
|  78|0x000000074bc00000, 0x000000074bc00000, 0x000000074be00000|  0%| F|  |TAMS 0x000000074bc00000, 0x000000074bc00000| Untracked 
|  79|0x000000074be00000, 0x000000074be00000, 0x000000074c000000|  0%| F|  |TAMS 0x000000074be00000, 0x000000074be00000| Untracked 
|  80|0x000000074c000000, 0x000000074c000000, 0x000000074c200000|  0%| F|  |TAMS 0x000000074c000000, 0x000000074c000000| Untracked 
|  81|0x000000074c200000, 0x000000074c200000, 0x000000074c400000|  0%| F|  |TAMS 0x000000074c200000, 0x000000074c200000| Untracked 
|  82|0x000000074c400000, 0x000000074c400000, 0x000000074c600000|  0%| F|  |TAMS 0x000000074c400000, 0x000000074c400000| Untracked 
|  83|0x000000074c600000, 0x000000074c600000, 0x000000074c800000|  0%| F|  |TAMS 0x000000074c600000, 0x000000074c600000| Untracked 
|  84|0x000000074c800000, 0x000000074c800000, 0x000000074ca00000|  0%| F|  |TAMS 0x000000074c800000, 0x000000074c800000| Untracked 
|  85|0x000000074ca00000, 0x000000074ca00000, 0x000000074cc00000|  0%| F|  |TAMS 0x000000074ca00000, 0x000000074ca00000| Untracked 
|  86|0x000000074cc00000, 0x000000074ce00000, 0x000000074ce00000|100%| E|  |TAMS 0x000000074cc00000, 0x000000074cc00000| Complete 
|  87|0x000000074ce00000, 0x000000074ced6f28, 0x000000074d000000| 41%| S|CS|TAMS 0x000000074ce00000, 0x000000074ce00000| Complete 
|  88|0x000000074d000000, 0x000000074d200000, 0x000000074d200000|100%| E|CS|TAMS 0x000000074d000000, 0x000000074d000000| Complete 
|  89|0x000000074d200000, 0x000000074d400000, 0x000000074d400000|100%| E|CS|TAMS 0x000000074d200000, 0x000000074d200000| Complete 
|  90|0x000000074d400000, 0x000000074d600000, 0x000000074d600000|100%| E|CS|TAMS 0x000000074d400000, 0x000000074d400000| Complete 
|  91|0x000000074d600000, 0x000000074d800000, 0x000000074d800000|100%| E|CS|TAMS 0x000000074d600000, 0x000000074d600000| Complete 
|  92|0x000000074d800000, 0x000000074da00000, 0x000000074da00000|100%| E|CS|TAMS 0x000000074d800000, 0x000000074d800000| Complete 
|  93|0x000000074da00000, 0x000000074dc00000, 0x000000074dc00000|100%| E|CS|TAMS 0x000000074da00000, 0x000000074da00000| Complete 
|  94|0x000000074dc00000, 0x000000074de00000, 0x000000074de00000|100%| E|CS|TAMS 0x000000074dc00000, 0x000000074dc00000| Complete 

Card table byte_map: [0x000002122db00000,0x000002122e0f0000] _byte_map_base: 0x000002122a0f0000

Marking Bits (Prev, Next): (CMBitMap*) 0x000002121902cf40, (CMBitMap*) 0x000002121902cf80
 Prev Bits: [0x000002122e6e0000, 0x0000021231660000)
 Next Bits: [0x0000021231660000, 0x00000212345e0000)

Polling page: 0x0000021218db0000

Metaspace:

Usage:
  Non-class:     18.26 MB used.
      Class:      1.49 MB used.
       Both:     19.75 MB used.

Virtual space:
  Non-class space:       24.00 MB reserved,      18.38 MB ( 77%) committed,  3 nodes.
      Class space:        1.00 GB reserved,       1.56 MB ( <1%) committed,  1 nodes.
             Both:        1.02 GB reserved,      19.94 MB (  2%) committed. 

Chunk freelists:
   Non-Class:  784.00 KB
       Class:  2.45 MB
        Both:  3.22 MB

MaxMetaspaceSize: unlimited
CompressedClassSpaceSize: 1.00 GB
Initial GC threshold: 21.00 MB
Current GC threshold: 21.00 MB
CDS: off
MetaspaceReclaimPolicy: balanced
 - commit_granule_bytes: 65536.
 - commit_granule_words: 8192.
 - virtual_space_node_default_size: 1048576.
 - enlarge_chunks_in_place: 1.
 - new_chunks_are_fully_committed: 0.
 - uncommit_free_chunks: 1.
 - use_allocation_guard: 0.
 - handle_deallocations: 1.


Internal statistics:

num_allocs_failed_limit: 0.
num_arena_births: 140.
num_arena_deaths: 0.
num_vsnodes_births: 4.
num_vsnodes_deaths: 0.
num_space_committed: 317.
num_space_uncommitted: 0.
num_chunks_returned_to_freelist: 0.
num_chunks_taken_from_freelist: 509.
num_chunk_merges: 0.
num_chunk_splits: 366.
num_chunks_enlarged: 290.
num_purges: 0.
num_inconsistent_stats: 0.

CodeHeap 'non-profiled nmethods': size=120000Kb used=589Kb max_used=589Kb free=119410Kb
 bounds [0x00000212259c0000, 0x0000021225c30000, 0x000002122cef0000]
CodeHeap 'profiled nmethods': size=120000Kb used=2602Kb max_used=2602Kb free=117397Kb
 bounds [0x000002121e490000, 0x000002121e720000, 0x00000212259c0000]
CodeHeap 'non-nmethods': size=5760Kb used=1796Kb max_used=1819Kb free=3964Kb
 bounds [0x000002121def0000, 0x000002121e160000, 0x000002121e490000]
 total_blobs=2871 nmethods=1584 adapters=1200
 compilation: enabled
              stopped_count=0, restarted_count=0
 full_count=0

Compilation events (20 events):
Event: 4.479 Thread 0x0000021237853c80 1574       3       imgui.ImGui::inputText (11 bytes)
Event: 4.479 Thread 0x0000021237853c80 nmethod 1574 0x000002121e716d90 code [0x000002121e716f20, 0x000002121e717068]
Event: 4.479 Thread 0x0000021237853c80 1576       3       editor.uihelper.ButtonColor::<init> (27 bytes)
Event: 4.479 Thread 0x0000021237853c80 nmethod 1576 0x000002121e717110 code [0x000002121e7172c0, 0x000002121e7175d8]
Event: 4.528 Thread 0x00000212378535d0 1577       4       org.lwjgl.system.MemoryStack::getPointerAddress (15 bytes)
Event: 4.528 Thread 0x00000212378535d0 nmethod 1577 0x0000021225a53190 code [0x0000021225a53300, 0x0000021225a53378]
Event: 4.592 Thread 0x00000212378535d0 1578       4       org.lwjgl.system.MemoryUtil::address (11 bytes)
Event: 4.592 Thread 0x00000212378535d0 nmethod 1578 0x0000021225a53490 code [0x0000021225a53600, 0x0000021225a53678]
Event: 4.627 Thread 0x0000021237853c80 1579       3       org.joml.Matrix4f::rotate (75 bytes)
Event: 4.628 Thread 0x0000021237853c80 nmethod 1579 0x000002121e717690 code [0x000002121e717880, 0x000002121e717bb8]
Event: 4.628 Thread 0x0000021237853c80 1580       3       org.joml.Matrix4f::rotateTranslation (145 bytes)
Event: 4.628 Thread 0x0000021237853c80 nmethod 1580 0x000002121e717d10 code [0x000002121e717fe0, 0x000002121e718f78]
Event: 4.628 Thread 0x0000021237853c80 1581       3       org.joml.Matrix4f::rotationZ (51 bytes)
Event: 4.629 Thread 0x0000021237853c80 nmethod 1581 0x000002121e719410 code [0x000002121e719620, 0x000002121e719bf8]
Event: 4.629 Thread 0x0000021237853c80 1582       3       org.joml.Math::sin (31 bytes)
Event: 4.629 Thread 0x0000021237853c80 nmethod 1582 0x000002121e719e10 code [0x000002121e719fa0, 0x000002121e71a0b8]
Event: 4.629 Thread 0x0000021237853c80 1583       3       org.joml.Math::cosFromSin (20 bytes)
Event: 4.629 Thread 0x0000021237853c80 nmethod 1583 0x000002121e71a190 code [0x000002121e71a320, 0x000002121e71a448]
Event: 4.630 Thread 0x0000021237853c80 1584       3       imgui.ImVec2::<init> (5 bytes)
Event: 4.630 Thread 0x0000021237853c80 nmethod 1584 0x000002121e71a510 code [0x000002121e71a6a0, 0x000002121e71a7f8]

GC Heap History (4 events):
Event: 0.820 GC heap before
{Heap before GC invocations=0 (full 0):
 garbage-first heap   total 194560K, used 12288K [0x0000000742000000, 0x0000000800000000)
  region size 2048K, 6 young (12288K), 0 survivors (0K)
 Metaspace       used 10516K, committed 10688K, reserved 1064960K
  class space    used 910K, committed 1024K, reserved 1048576K
}
Event: 0.825 GC heap after
{Heap after GC invocations=1 (full 0):
 garbage-first heap   total 194560K, used 2220K [0x0000000742000000, 0x0000000800000000)
  region size 2048K, 1 young (2048K), 1 survivors (2048K)
 Metaspace       used 10516K, committed 10688K, reserved 1064960K
  class space    used 910K, committed 1024K, reserved 1048576K
}
Event: 1.435 GC heap before
{Heap before GC invocations=1 (full 0):
 garbage-first heap   total 194560K, used 12460K [0x0000000742000000, 0x0000000800000000)
  region size 2048K, 7 young (14336K), 1 survivors (2048K)
 Metaspace       used 14627K, committed 14848K, reserved 1064960K
  class space    used 1077K, committed 1152K, reserved 1048576K
}
Event: 1.438 GC heap after
{Heap after GC invocations=2 (full 0):
 garbage-first heap   total 194560K, used 3073K [0x0000000742000000, 0x0000000800000000)
  region size 2048K, 1 young (2048K), 1 survivors (2048K)
 Metaspace       used 14627K, committed 14848K, reserved 1064960K
  class space    used 1077K, committed 1152K, reserved 1048576K
}

Deoptimization events (20 events):
Event: 2.878 Thread 0x0000021218fd5590 Uncommon trap: trap_request=0xffffff45 fr.pc=0x00000212259f9f34 relative=0x0000000000000414
Event: 2.878 Thread 0x0000021218fd5590 Uncommon trap: reason=unstable_if action=reinterpret pc=0x00000212259f9f34 method=java.lang.StringLatin1.newString([BII)Ljava/lang/String; @ 1 c2
Event: 2.878 Thread 0x0000021218fd5590 DEOPT PACKING pc=0x00000212259f9f34 sp=0x000000c2349fd0d0
Event: 2.878 Thread 0x0000021218fd5590 DEOPT UNPACKING pc=0x000002121df423a3 sp=0x000000c2349fd0b0 mode 2
Event: 3.280 Thread 0x0000021218fd5590 Uncommon trap: trap_request=0xffffffde fr.pc=0x0000021225a331c8 relative=0x0000000000000128
Event: 3.280 Thread 0x0000021218fd5590 Uncommon trap: reason=class_check action=maybe_recompile pc=0x0000021225a331c8 method=jdk.internal.misc.Unsafe.allocateUninitializedArray(Ljava/lang/Class;I)Ljava/lang/Object; @ 51 c2
Event: 3.280 Thread 0x0000021218fd5590 DEOPT PACKING pc=0x0000021225a331c8 sp=0x000000c2349feaa0
Event: 3.280 Thread 0x0000021218fd5590 DEOPT UNPACKING pc=0x000002121df423a3 sp=0x000000c2349fea28 mode 2
Event: 3.280 Thread 0x0000021218fd5590 Uncommon trap: trap_request=0xffffffde fr.pc=0x0000021225a331c8 relative=0x0000000000000128
Event: 3.280 Thread 0x0000021218fd5590 Uncommon trap: reason=class_check action=maybe_recompile pc=0x0000021225a331c8 method=jdk.internal.misc.Unsafe.allocateUninitializedArray(Ljava/lang/Class;I)Ljava/lang/Object; @ 51 c2
Event: 3.280 Thread 0x0000021218fd5590 DEOPT PACKING pc=0x0000021225a331c8 sp=0x000000c2349fecc0
Event: 3.280 Thread 0x0000021218fd5590 DEOPT UNPACKING pc=0x000002121df423a3 sp=0x000000c2349fec48 mode 2
Event: 3.281 Thread 0x0000021218fd5590 Uncommon trap: trap_request=0xffffffde fr.pc=0x0000021225a331c8 relative=0x0000000000000128
Event: 3.281 Thread 0x0000021218fd5590 Uncommon trap: reason=class_check action=maybe_recompile pc=0x0000021225a331c8 method=jdk.internal.misc.Unsafe.allocateUninitializedArray(Ljava/lang/Class;I)Ljava/lang/Object; @ 51 c2
Event: 3.281 Thread 0x0000021218fd5590 DEOPT PACKING pc=0x0000021225a331c8 sp=0x000000c2349fecc0
Event: 3.281 Thread 0x0000021218fd5590 DEOPT UNPACKING pc=0x000002121df423a3 sp=0x000000c2349fec48 mode 2
Event: 3.281 Thread 0x0000021218fd5590 Uncommon trap: trap_request=0xffffffde fr.pc=0x0000021225a331c8 relative=0x0000000000000128
Event: 3.281 Thread 0x0000021218fd5590 Uncommon trap: reason=class_check action=maybe_recompile pc=0x0000021225a331c8 method=jdk.internal.misc.Unsafe.allocateUninitializedArray(Ljava/lang/Class;I)Ljava/lang/Object; @ 51 c2
Event: 3.281 Thread 0x0000021218fd5590 DEOPT PACKING pc=0x0000021225a331c8 sp=0x000000c2349fecc0
Event: 3.281 Thread 0x0000021218fd5590 DEOPT UNPACKING pc=0x000002121df423a3 sp=0x000000c2349fec48 mode 2

Classes unloaded (0 events):
No events

Classes redefined (0 events):
No events

Internal exceptions (20 events):
Event: 0.454 Thread 0x0000021218fd5590 Exception <a 'sun/nio/fs/WindowsException'{0x000000074d934e28}> (0x000000074d934e28) 
thrown [s\src\hotspot\share\prims\jni.cpp, line 517]
Event: 0.454 Thread 0x0000021218fd5590 Exception <a 'sun/nio/fs/WindowsException'{0x000000074d935188}> (0x000000074d935188) 
thrown [s\src\hotspot\share\prims\jni.cpp, line 517]
Event: 0.649 Thread 0x0000021218fd5590 Exception <a 'java/lang/ClassNotFoundException'{0x000000074d990558}: sun/awt/resources/spi/awtProvider> (0x000000074d990558) 
thrown [s\src\hotspot\share\classfile\systemDictionary.cpp, line 256]
Event: 0.671 Thread 0x0000021218fd5590 Exception <a 'java/io/FileNotFoundException'{0x000000074d9cbed8}> (0x000000074d9cbed8) 
thrown [s\src\hotspot\share\prims\jni.cpp, line 517]
Event: 0.686 Thread 0x0000021218fd5590 Exception <a 'java/io/FileNotFoundException'{0x000000074d9f8ef8}> (0x000000074d9f8ef8) 
thrown [s\src\hotspot\share\prims\jni.cpp, line 517]
Event: 0.854 Thread 0x0000021218fd5590 Exception <a 'java/lang/NoSuchMethodError'{0x000000074ddf8010}: 'void java.lang.invoke.DirectMethodHandle$Holder.invokeStaticInit(java.lang.Object, long, double, double)'> (0x000000074ddf8010) 
thrown [s\src\hotspot\share\interpreter\linkResolver.cpp, line 771]
Event: 0.858 Thread 0x0000021218fd5590 Exception <a 'java/lang/NoSuchMethodError'{0x000000074da085f0}: 'void java.lang.invoke.DirectMethodHandle$Holder.invokeStaticInit(java.lang.Object, long, int, int, int)'> (0x000000074da085f0) 
thrown [s\src\hotspot\share\interpreter\linkResolver.cpp, line 771]
Event: 0.864 Thread 0x0000021218fd5590 Exception <a 'java/lang/NoSuchMethodError'{0x000000074da220a8}: 'void java.lang.invoke.DirectMethodHandle$Holder.invokeStaticInit(java.lang.Object, long, int, int, int, int)'> (0x000000074da220a8) 
thrown [s\src\hotspot\share\interpreter\linkResolver.cpp, line 771]
Event: 0.866 Thread 0x0000021218fd5590 Exception <a 'java/lang/NoSuchMethodError'{0x000000074da2e4c0}: 'void java.lang.invoke.DirectMethodHandle$Holder.invokeStatic(java.lang.Object, long, int, int)'> (0x000000074da2e4c0) 
thrown [s\src\hotspot\share\interpreter\linkResolver.cpp, line 771]
Event: 0.870 Thread 0x0000021218fd5590 Exception <a 'java/lang/NoSuchMethodError'{0x000000074da3e158}: 'void java.lang.invoke.DirectMethodHandle$Holder.invokeStaticInit(java.lang.Object, long, int, long)'> (0x000000074da3e158) 
thrown [s\src\hotspot\share\interpreter\linkResolver.cpp, line 771]
Event: 0.918 Thread 0x0000021218fd5590 Exception <a 'sun/nio/fs/WindowsException'{0x000000074da71f50}> (0x000000074da71f50) 
thrown [s\src\hotspot\share\prims\jni.cpp, line 517]
Event: 0.918 Thread 0x0000021218fd5590 Exception <a 'sun/nio/fs/WindowsException'{0x000000074da722d0}> (0x000000074da722d0) 
thrown [s\src\hotspot\share\prims\jni.cpp, line 517]
Event: 1.039 Thread 0x0000021218fd5590 Exception <a 'sun/nio/fs/WindowsException'{0x000000074db746d8}> (0x000000074db746d8) 
thrown [s\src\hotspot\share\prims\jni.cpp, line 517]
Event: 1.039 Thread 0x0000021218fd5590 Exception <a 'sun/nio/fs/WindowsException'{0x000000074db74a78}> (0x000000074db74a78) 
thrown [s\src\hotspot\share\prims\jni.cpp, line 517]
Event: 1.046 Thread 0x0000021218fd5590 Exception <a 'sun/nio/fs/WindowsException'{0x000000074db7d100}> (0x000000074db7d100) 
thrown [s\src\hotspot\share\prims\jni.cpp, line 517]
Event: 1.047 Thread 0x0000021218fd5590 Exception <a 'sun/nio/fs/WindowsException'{0x000000074db7d3d0}> (0x000000074db7d3d0) 
thrown [s\src\hotspot\share\prims\jni.cpp, line 517]
Event: 1.375 Thread 0x0000021218fd5590 Exception <a 'sun/nio/fs/WindowsException'{0x000000074d3df2d8}> (0x000000074d3df2d8) 
thrown [s\src\hotspot\share\prims\jni.cpp, line 517]
Event: 1.459 Thread 0x0000021218fd5590 Exception <a 'java/lang/NoSuchMethodError'{0x000000074dc5a0e0}: 'void java.lang.invoke.DirectMethodHandle$Holder.invokeVirtual(java.lang.Object, java.lang.Object, long, int)'> (0x000000074dc5a0e0) 
thrown [s\src\hotspot\share\interpreter\linkResolver.cpp, line 771]
Event: 1.932 Thread 0x0000021218fd5590 Exception <a 'sun/nio/fs/WindowsException'{0x000000074d6df4c0}> (0x000000074d6df4c0) 
thrown [s\src\hotspot\share\prims\jni.cpp, line 517]
Event: 1.932 Thread 0x0000021218fd5590 Exception <a 'sun/nio/fs/WindowsException'{0x000000074d6df840}> (0x000000074d6df840) 
thrown [s\src\hotspot\share\prims\jni.cpp, line 517]

VM Operations (16 events):
Event: 0.195 Executing VM operation: HandshakeAllThreads
Event: 0.195 Executing VM operation: HandshakeAllThreads done
Event: 0.631 Executing VM operation: HandshakeAllThreads
Event: 0.631 Executing VM operation: HandshakeAllThreads done
Event: 0.820 Executing VM operation: G1CollectForAllocation
Event: 0.825 Executing VM operation: G1CollectForAllocation done
Event: 1.435 Executing VM operation: G1CollectForAllocation
Event: 1.439 Executing VM operation: G1CollectForAllocation done
Event: 1.688 Executing VM operation: HandshakeAllThreads
Event: 1.688 Executing VM operation: HandshakeAllThreads done
Event: 2.693 Executing VM operation: Cleanup
Event: 2.693 Executing VM operation: Cleanup done
Event: 2.877 Executing VM operation: HandshakeAllThreads
Event: 2.877 Executing VM operation: HandshakeAllThreads done
Event: 3.887 Executing VM operation: Cleanup
Event: 3.887 Executing VM operation: Cleanup done

Events (20 events):
Event: 2.874 loading class java/util/stream/FindOps$FindOp
Event: 2.874 loading class java/util/stream/TerminalOp
Event: 2.874 loading class java/util/stream/TerminalOp done
Event: 2.874 loading class java/util/stream/FindOps$FindOp done
Event: 2.874 loading class java/util/OptionalInt
Event: 2.874 loading class java/util/OptionalInt done
Event: 2.874 loading class java/util/function/Predicate
Event: 2.874 loading class java/util/function/Predicate done
Event: 2.876 loading class java/util/stream/IntPipeline$10$1
Event: 2.876 loading class java/util/stream/Sink$ChainedInt
Event: 2.876 loading class java/util/stream/Sink$ChainedInt done
Event: 2.876 loading class java/util/stream/IntPipeline$10$1 done
Event: 2.876 loading class java/lang/StringUTF16$CharsSpliterator
Event: 2.876 loading class java/lang/StringUTF16$CharsSpliterator done
Event: 2.876 loading class java/lang/CharacterData00
Event: 2.877 loading class java/lang/CharacterData00 done
Event: 2.892 loading class jdk/internal/access/foreign/MemorySegmentProxy
Event: 2.892 loading class jdk/internal/access/foreign/MemorySegmentProxy done
Event: 3.995 Thread 0x0000021241b46020 Thread added: 0x0000021241b46020
Event: 4.178 Thread 0x0000021241b46020 Thread exited: 0x0000021241b46020


Dynamic libraries:
0x00007ff6951a0000 - 0x00007ff6951aa000 	C:\Program Files\JetBrains\IntelliJ IDEA Community Edition 2022.2.2\jbr\bin\java.exe
0x00007ffdefa30000 - 0x00007ffdefc28000 	C:\Windows\SYSTEM32\ntdll.dll
0x00007ffdeed30000 - 0x00007ffdeedef000 	C:\Windows\System32\KERNEL32.DLL
0x00007ffded1e0000 - 0x00007ffded4d6000 	C:\Windows\System32\KERNELBASE.dll
0x00007ffded6b0000 - 0x00007ffded7b0000 	C:\Windows\System32\ucrtbase.dll
0x00007ffde7d40000 - 0x00007ffde7d57000 	C:\Program Files\JetBrains\IntelliJ IDEA Community Edition 2022.2.2\jbr\bin\jli.dll
0x00007ffde7d70000 - 0x00007ffde7d8b000 	C:\Program Files\JetBrains\IntelliJ IDEA Community Edition 2022.2.2\jbr\bin\VCRUNTIME140.dll
0x00007ffdeeb30000 - 0x00007ffdeeccd000 	C:\Windows\System32\USER32.dll
0x00007ffded110000 - 0x00007ffded132000 	C:\Windows\System32\win32u.dll
0x00007ffdde230000 - 0x00007ffdde4ca000 	C:\Windows\WinSxS\amd64_microsoft.windows.common-controls_6595b64144ccf1df_6.0.19041.1110_none_60b5254171f9507e\COMCTL32.dll
0x00007ffdee9f0000 - 0x00007ffdeea1c000 	C:\Windows\System32\GDI32.dll
0x00007ffdeea30000 - 0x00007ffdeeace000 	C:\Windows\System32\msvcrt.dll
0x00007ffded970000 - 0x00007ffdeda85000 	C:\Windows\System32\gdi32full.dll
0x00007ffded140000 - 0x00007ffded1dd000 	C:\Windows\System32\msvcp_win.dll
0x00007ffdee9c0000 - 0x00007ffdee9f0000 	C:\Windows\System32\IMM32.DLL
0x00007ffde7cb0000 - 0x00007ffde7cbc000 	C:\Program Files\JetBrains\IntelliJ IDEA Community Edition 2022.2.2\jbr\bin\vcruntime140_1.dll
0x00007ffdbced0000 - 0x00007ffdbcf5d000 	C:\Program Files\JetBrains\IntelliJ IDEA Community Edition 2022.2.2\jbr\bin\msvcp140.dll
0x00007ffdb59f0000 - 0x00007ffdb6659000 	C:\Program Files\JetBrains\IntelliJ IDEA Community Edition 2022.2.2\jbr\bin\server\jvm.dll
0x00007ffdef3d0000 - 0x00007ffdef47f000 	C:\Windows\System32\ADVAPI32.dll
0x00007ffdee8b0000 - 0x00007ffdee94c000 	C:\Windows\System32\sechost.dll
0x00007ffdef480000 - 0x00007ffdef5a6000 	C:\Windows\System32\RPCRT4.dll
0x00007ffdef5b0000 - 0x00007ffdef5b8000 	C:\Windows\System32\PSAPI.DLL
0x00007ffde8cb0000 - 0x00007ffde8cb9000 	C:\Windows\SYSTEM32\WSOCK32.dll
0x00007ffdee950000 - 0x00007ffdee9bb000 	C:\Windows\System32\WS2_32.dll
0x00007ffde49b0000 - 0x00007ffde49d7000 	C:\Windows\SYSTEM32\WINMM.dll
0x00007ffde8040000 - 0x00007ffde804a000 	C:\Windows\SYSTEM32\VERSION.dll
0x00007ffdeaef0000 - 0x00007ffdeaf02000 	C:\Windows\SYSTEM32\kernel.appcore.dll
0x00007ffde83d0000 - 0x00007ffde83da000 	C:\Program Files\JetBrains\IntelliJ IDEA Community Edition 2022.2.2\jbr\bin\jimage.dll
0x00007ffde62b0000 - 0x00007ffde6494000 	C:\Windows\SYSTEM32\DBGHELP.DLL
0x00007ffde6140000 - 0x00007ffde6174000 	C:\Windows\SYSTEM32\dbgcore.DLL
0x00007ffded890000 - 0x00007ffded912000 	C:\Windows\System32\bcryptPrimitives.dll
0x00007ffde7c80000 - 0x00007ffde7ca5000 	C:\Program Files\JetBrains\IntelliJ IDEA Community Edition 2022.2.2\jbr\bin\java.dll
0x00007ffde7bf0000 - 0x00007ffde7c08000 	C:\Program Files\JetBrains\IntelliJ IDEA Community Edition 2022.2.2\jbr\bin\zip.dll
0x00007ffdedbb0000 - 0x00007ffdee2f4000 	C:\Windows\System32\SHELL32.dll
0x00007ffdeb1d0000 - 0x00007ffdeb963000 	C:\Windows\SYSTEM32\windows.storage.dll
0x00007ffdeedf0000 - 0x00007ffdef144000 	C:\Windows\System32\combase.dll
0x00007ffdeca90000 - 0x00007ffdecabe000 	C:\Windows\SYSTEM32\Wldp.dll
0x00007ffdef870000 - 0x00007ffdef91d000 	C:\Windows\System32\SHCORE.dll
0x00007ffdeecd0000 - 0x00007ffdeed25000 	C:\Windows\System32\shlwapi.dll
0x00007ffded050000 - 0x00007ffded06f000 	C:\Windows\SYSTEM32\profapi.dll
0x00007ffde7bd0000 - 0x00007ffde7be9000 	C:\Program Files\JetBrains\IntelliJ IDEA Community Edition 2022.2.2\jbr\bin\net.dll
0x00007ffde59b0000 - 0x00007ffde5aba000 	C:\Windows\SYSTEM32\WINHTTP.dll
0x00007ffdec7f0000 - 0x00007ffdec85a000 	C:\Windows\system32\mswsock.dll
0x00007ffde7bb0000 - 0x00007ffde7bc6000 	C:\Program Files\JetBrains\IntelliJ IDEA Community Edition 2022.2.2\jbr\bin\nio.dll
0x00007ffdca4c0000 - 0x00007ffdca524000 	C:\Users\Acer\AppData\Local\Temp\lwjglAcer\3.2.3-build-13\lwjgl.dll
0x00007ffdbce60000 - 0x00007ffdbcec2000 	C:\Users\Acer\AppData\Local\Temp\lwjglAcer\3.2.3-build-13\glfw.dll
0x00007ffdeab00000 - 0x00007ffdeab9e000 	C:\Windows\system32\uxtheme.dll
0x00007ffdc3370000 - 0x00007ffdc33b5000 	C:\Windows\SYSTEM32\dinput8.dll
0x00007ffde7ae0000 - 0x00007ffde7af1000 	C:\Windows\SYSTEM32\xinput1_4.dll
0x00007ffded920000 - 0x00007ffded96e000 	C:\Windows\System32\cfgmgr32.dll
0x00007ffdece50000 - 0x00007ffdece7c000 	C:\Windows\SYSTEM32\DEVOBJ.dll
0x00007ffdeaec0000 - 0x00007ffdeaeef000 	C:\Windows\SYSTEM32\dwmapi.dll
0x00007ffddd070000 - 0x00007ffddd1c2000 	C:\Windows\SYSTEM32\inputhost.dll
0x00007ffdea7a0000 - 0x00007ffdea892000 	C:\Windows\SYSTEM32\CoreMessaging.dll
0x00007ffdef920000 - 0x00007ffdef9ed000 	C:\Windows\System32\OLEAUT32.dll
0x00007ffde89f0000 - 0x00007ffde8ae6000 	C:\Windows\SYSTEM32\PROPSYS.dll
0x00007ffde9760000 - 0x00007ffde98b4000 	C:\Windows\SYSTEM32\wintypes.dll
0x00007ffdea440000 - 0x00007ffdea79e000 	C:\Windows\SYSTEM32\CoreUIComponents.dll
0x00007ffdec230000 - 0x00007ffdec263000 	C:\Windows\SYSTEM32\ntmarta.dll
0x00007ffdef5c0000 - 0x00007ffdef6d4000 	C:\Windows\System32\MSCTF.dll
0x00007ffdeb970000 - 0x00007ffdeb97d000 	C:\Windows\SYSTEM32\HID.DLL
0x00007ffdee3e0000 - 0x00007ffdee848000 	C:\Windows\System32\SETUPAPI.DLL
0x00007ffded7b0000 - 0x00007ffded7d7000 	C:\Windows\System32\bcrypt.dll
0x00007ffded640000 - 0x00007ffded6a7000 	C:\Windows\System32\WINTRUST.dll
0x00007ffded4e0000 - 0x00007ffded63e000 	C:\Windows\System32\CRYPT32.dll
0x00007ffdecc90000 - 0x00007ffdecca2000 	C:\Windows\SYSTEM32\MSASN1.dll
0x00007ffdc2b90000 - 0x00007ffdc2cb5000 	C:\Windows\SYSTEM32\opengl32.dll
0x00007ffdc2b60000 - 0x00007ffdc2b8c000 	C:\Windows\SYSTEM32\GLU32.dll
0x00007ffdef170000 - 0x00007ffdef219000 	C:\Windows\System32\clbcatq.dll
0x00007ffdae410000 - 0x00007ffdaf4b5000 	C:\Windows\System32\DriverStore\FileRepository\iigd_dch.inf_amd64_51f685305808e3a5\ig9icd64.dll
0x00007ffdef740000 - 0x00007ffdef86a000 	C:\Windows\System32\ole32.dll
0x00007ffdeb9d0000 - 0x00007ffdebac3000 	C:\Windows\system32\dxgi.dll
0x00007ffdbbb20000 - 0x00007ffdbbc4c000 	C:\Windows\System32\DriverStore\FileRepository\iigd_dch.inf_amd64_51f685305808e3a5\igdml64.dll
0x00007ffdd9af0000 - 0x00007ffdd9ef9000 	C:\Windows\System32\DriverStore\FileRepository\iigd_dch.inf_amd64_51f685305808e3a5\igdgmm64.dll
0x00007ffdd5830000 - 0x00007ffdd8fc4000 	C:\Windows\System32\DriverStore\FileRepository\iigd_dch.inf_amd64_51f685305808e3a5\igc64.dll
0x00007ffdecf80000 - 0x00007ffdecfcb000 	C:\Windows\SYSTEM32\powrprof.dll
0x00007ffdecf60000 - 0x00007ffdecf72000 	C:\Windows\SYSTEM32\UMPDC.dll
0x00007ffdb73a0000 - 0x00007ffdb7533000 	C:\Program Files\JetBrains\IntelliJ IDEA Community Edition 2022.2.2\jbr\bin\awt.dll
0x00007ffdea9d0000 - 0x00007ffdeaa61000 	C:\Windows\SYSTEM32\apphelp.dll
0x00007ffde8b90000 - 0x00007ffde8c3e000 	C:\Windows\SYSTEM32\mscms.dll
0x00007ffded010000 - 0x00007ffded03e000 	C:\Windows\SYSTEM32\USERENV.dll
0x00007ffde8720000 - 0x00007ffde8731000 	C:\Windows\SYSTEM32\ColorAdapterClient.dll
0x00007ffdbf190000 - 0x00007ffdbf1d3000 	C:\Windows\SYSTEM32\icm32.dll
0x00007ffddd1d0000 - 0x00007ffddd2ca000 	C:\Windows\SYSTEM32\textinputframework.dll
0x00007ffdbb090000 - 0x00007ffdbb19b000 	C:\Users\Acer\AppData\Local\Temp\lwjglAcer\3.2.3-build-13\OpenAL.dll
0x00007ffde77f0000 - 0x00007ffde7875000 	C:\Windows\System32\MMDevApi.dll
0x00007ffde78e0000 - 0x00007ffde7a62000 	C:\Windows\SYSTEM32\AUDIOSES.DLL
0x00007ffdeabc0000 - 0x00007ffdeabd4000 	C:\Windows\SYSTEM32\resourcepolicyclient.dll
0x00007ffdbdb40000 - 0x00007ffdbdb99000 	C:\Users\Acer\AppData\Local\Temp\lwjglAcer\3.2.3-build-13\lwjgl_opengl.dll
0x00007ffde7ba0000 - 0x00007ffde7bb0000 	C:\Program Files\JetBrains\IntelliJ IDEA Community Edition 2022.2.2\jbr\bin\verify.dll
0x0000000064a00000 - 0x0000000064d10000 	C:\Users\Acer\AppData\Local\Temp\imgui-java-natives_1683796830503\imgui-java64.dll
0x00007ffdec9e0000 - 0x00007ffdec9f8000 	C:\Windows\SYSTEM32\CRYPTSP.dll
0x00007ffdec110000 - 0x00007ffdec144000 	C:\Windows\system32\rsaenh.dll
0x00007ffdeca00000 - 0x00007ffdeca0c000 	C:\Windows\SYSTEM32\CRYPTBASE.dll
0x00007ffdbc330000 - 0x00007ffdbc3a7000 	C:\Users\Acer\AppData\Local\Temp\lwjglAcer\3.2.3-build-13\lwjgl_stb.dll

dbghelp: loaded successfully - version: 4.0.5 - missing functions: none
symbol engine: initialized successfully - sym options: 0x614 - pdb path: .;C:\Program Files\JetBrains\IntelliJ IDEA Community Edition 2022.2.2\jbr\bin;C:\Windows\SYSTEM32;C:\Windows\WinSxS\amd64_microsoft.windows.common-controls_6595b64144ccf1df_6.0.19041.1110_none_60b5254171f9507e;C:\Program Files\JetBrains\IntelliJ IDEA Community Edition 2022.2.2\jbr\bin\server;C:\Users\Acer\AppData\Local\Temp\lwjglAcer\3.2.3-build-13;C:\Windows\System32\DriverStore\FileRepository\iigd_dch.inf_amd64_51f685305808e3a5;C:\Users\Acer\AppData\Local\Temp\imgui-java-natives_1683796830503

VM Arguments:
jvm_args: -Dfile.encoding=windows-1252 -Duser.country=US -Duser.language=en -Duser.variant 
java_command: Main
java_class_path (initial): C:\Users\Acer\Documents\GitHub\NiceEngine\NiceEngine\build\classes\java\main;C:\Users\Acer\Documents\GitHub\NiceEngine\NiceEngine\build\resources\main;C:\Users\Acer\Documents\GitHub\NiceEngine\NiceEngine\libs\jbox2d-library.jar;C:\Users\Acer\.gradle\caches\modules-2\files-2.1\com.google.code.gson\gson\2.8.6\9180733b7df8542621dc12e21e87557e8c99b8cb\gson-2.8.6.jar;C:\Users\Acer\.gradle\caches\modules-2\files-2.1\io.github.spair\imgui-java-app\1.81.0\37a0be053a63da53c3628b3d6186ccbd380f7106\imgui-java-app-1.81.0.jar;C:\Users\Acer\.gradle\caches\modules-2\files-2.1\io.github.spair\imgui-java-lwjgl3\1.81.0\6c92680fc6e9951532445ecc35b44f2d4cd82d76\imgui-java-lwjgl3-1.81.0.jar;C:\Users\Acer\.gradle\caches\modules-2\files-2.1\org.reflections\reflections\0.10.2\b638d7ca0e0fe0146b60a0e7ba232ad852a73b31\reflections-0.10.2.jar;C:\Users\Acer\.gradle\caches\modules-2\files-2.1\org.lwjgl\lwjgl-assimp\3.2.3\f62aa07a20afbdd3097efc296c4841e0d29700eb\lwjgl-assimp-3.2.3.jar;C:\Users\Acer\.gradle\caches\modules-2\files-2.1\org.lwjgl\lwjgl-assimp\3.2.3\4e60aeb75f0343c4a9ede4ef8b6b32ca702a00a3\lwjgl-assimp-3.2.3-natives-windows.jar;C:\Users\Acer\.gradle\caches\modules-2\files-2.1\org.lwjgl\lwjgl-glfw\3.2.3\5e520d5c290c8b012545a8d34fa5db5ab051ea53\lwjgl-glfw-3.2.3.jar;C:\Users\Acer\.gradle\caches\modules-2\files-2.1\org.lwjgl\lwjgl-glfw\3.2.3\b4d8a3477cdc2edcf7a5f1e822926be846223f54\lwjgl-glfw-3.2.3-natives-windows.jar;C:\Users\Acer\.gradle\caches\modules-2\files-2.1\org.lwjgl\lwjgl-glfw\3.2.3\62b044d9b0a057444bef2ab70b9afc288ec09dba\lwjgl-glfw-3.2.3-natives-linux.jar;C:\Users\Acer\.gradle\caches\modules-2\files-2.1\org.lwjgl\lwjgl-glfw\3.2.3\58661272eacb9116336c88b4aadccf1f17c09b\lwjgl-glfw-3.2.3-natives-macos.jar;C:\Users\Acer\.gradle\caches\modules-2\files-2.1\org.lwjgl\lwjgl-nfd\3.2.3\c44fee1043c022cf6614a28872d44cf114ca7737\lwjgl-nfd-3.2.3.jar;C:\Users\Acer\.gradle\caches\modules-2\files-2.1\org.lwjgl\lwjgl-nfd\3.2.3\32782f5f5c57769efb82af864e70b819c77bc89
Launcher Type: SUN_STANDARD

[Global flags]
     intx CICompilerCount                          = 3                                         {product} {ergonomic}
     uint ConcGCThreads                            = 1                                         {product} {ergonomic}
     uint G1ConcRefinementThreads                  = 4                                         {product} {ergonomic}
   size_t G1HeapRegionSize                         = 2097152                                   {product} {ergonomic}
    uintx GCDrainStackTargetSize                   = 64                                        {product} {ergonomic}
   size_t InitialHeapSize                          = 199229440                                 {product} {ergonomic}
   size_t MarkStackSize                            = 4194304                                   {product} {ergonomic}
   size_t MaxHeapSize                              = 3187671040                                {product} {ergonomic}
   size_t MaxNewSize                               = 1912602624                                {product} {ergonomic}
   size_t MinHeapDeltaBytes                        = 2097152                                   {product} {ergonomic}
   size_t MinHeapSize                              = 8388608                                   {product} {ergonomic}
    uintx NonNMethodCodeHeapSize                   = 5832780                                {pd product} {ergonomic}
    uintx NonProfiledCodeHeapSize                  = 122912730                              {pd product} {ergonomic}
    uintx ProfiledCodeHeapSize                     = 122912730                              {pd product} {ergonomic}
    uintx ReservedCodeCacheSize                    = 251658240                              {pd product} {ergonomic}
     bool SegmentedCodeCache                       = true                                      {product} {ergonomic}
   size_t SoftMaxHeapSize                          = 3187671040                             {manageable} {ergonomic}
     bool UseCompressedClassPointers               = true                           {product lp64_product} {ergonomic}
     bool UseCompressedOops                        = true                           {product lp64_product} {ergonomic}
     bool UseG1GC                                  = true                                      {product} {ergonomic}
     bool UseLargePagesIndividualAllocation        = false                                  {pd product} {ergonomic}

Logging:
Log output configuration:
 #0: stdout all=warning uptime,level,tags
 #1: stderr all=off uptime,level,tags

Environment Variables:
JAVA_HOME=C:\Program Files\Java\jdk-11.0.17
PATH=C:\Program Files\PlasticSCM5\server;C:\Program Files\PlasticSCM5\client;C:\Program Files\Common Files\Oracle\Java\javapath;C:\Windows\system32;C:\Windows;C:\Windows\System32\Wbem;C:\Windows\System32\WindowsPowerShell\v1.0\;C:\Windows\System32\OpenSSH\;C:\Program Files\Cloudflare\Cloudflare WARP\;C:\Program Files\Git\cmd;C:\Program Files\dotnet\;C:\Program Files\nodejs\;C:\Program Files\Git LFS;C:\Program Files\Unity\Hub\Editor\2021.3.13f1\Editor\Data\PlaybackEngines\AndroidPlayer\SDK\platform-tools;C:\Program Files\Maven\apache-maven-3.8.7\bin;C:\Program Files (x86)\dotnet\;C:\Users\Acer\AppData\Local\Microsoft\WindowsApps;C:\Users\Acer\AppData\Local\GitHubDesktop\bin;C:\Users\Acer\AppData\Local\Programs\Microsoft VS Code\bin;C:\Users\Acer\.dotnet\tools;C:\Users\Acer\AppData\Roaming\npm;C:\Users\Acer\AppData\Roaming\npm\node_modules\@angular\cli\bin;C:\Program Files\nodejs;C:\Program Files (x86)\Nmap;C:\Program Files\Unity\Hub\Editor\2021.3.13f1\Editor\Data\PlaybackEngines\AndroidPlayer\SDK\platform-tools;C:\Program Files\Java\gradle-7.6\bin;C:\Program Files\Java\jdk-11.0.17\bin;
USERNAME=Acer
OS=Windows_NT
PROCESSOR_IDENTIFIER=Intel64 Family 6 Model 142 Stepping 9, GenuineIntel
TMP=C:\Users\Acer\AppData\Local\Temp
TEMP=C:\Users\Acer\AppData\Local\Temp



---------------  S Y S T E M  ---------------

OS:
 Windows 10 , 64 bit Build 19041 (10.0.19041.2913)
OS uptime: 1 days 3:56 hours

CPU: total 4 (initial active 4) (2 cores per cpu, 2 threads per core) family 6 model 142 stepping 9 microcode 0xb4, cx8, cmov, fxsr, ht, mmx, 3dnowpref, sse, sse2, sse3, ssse3, sse4.1, sse4.2, popcnt, lzcnt, tsc, tscinvbit, avx, avx2, aes, erms, clmul, bmi1, bmi2, adx, fma, vzeroupper, clflush, clflushopt

Memory: 4k page, system-wide physical 12156M (3866M free)
TotalPageFile size 18812M (AvailPageFile size 7414M)
current process WorkingSet (physical memory assigned to process): 292M, peak: 293M
current process commit charge ("private bytes"): 425M, peak: 435M

vm_info: OpenJDK 64-Bit Server VM (17.0.4+7-b469.53) for windows-amd64 JRE (17.0.4+7-b469.53), built on 2022-08-29 by "builduser" with MS VC++ 16.10 / 16.11 (VS2019)

END.
