#
# A fatal error has been detected by the Java Runtime Environment:
#
#  EXCEPTION_ACCESS_VIOLATION (0xc0000005) at pc=0x00007ffd7b1c537b, pid=6936, tid=6212
#
# JRE version: OpenJDK Runtime Environment JBR-17.0.4+7-469.53-jcef (17.0.4+7) (build 17.0.4+7-b469.53)
# Java VM: OpenJDK 64-Bit Server VM JBR-17.0.4+7-469.53-jcef (17.0.4+7-b469.53, mixed mode, tiered, compressed oops, compressed class ptrs, g1 gc, windows-amd64)
# Problematic frame:
# C  [ig9icd64.dll+0x7537b]
#
# No core dump will be written. Minidumps are not enabled by default on client versions of Windows
#
# If you would like to submit a bug report, please visit:
#   https://youtrack.jetbrains.com/issues/JBR
# The crash happened outside the Java Virtual Machine in native code.
# See problematic frame for where to report the bug.
#

---------------  S U M M A R Y ------------

Command Line: -Dfile.encoding=windows-1252 -Duser.country=US -Duser.language=en -Duser.variant Main

Host: Intel(R) Core(TM) i5-7200U CPU @ 2.50GHz, 4 cores, 11G,  Windows 10 , 64 bit Build 19041 (10.0.19041.3031)
Time: Mon Jun 19 14:17:42 2023 SE Asia Standard Time elapsed time: 8.405006 seconds (0d 0h 0m 8s)

---------------  T H R E A D  ---------------

Current thread (0x0000019361255510):  JavaThread "main" [_thread_in_native, id=6212, stack(0x0000000b9a600000,0x0000000b9a700000)]

Stack: [0x0000000b9a600000,0x0000000b9a700000],  sp=0x0000000b9a6fe360,  free space=1016k
Native frames: (J=compiled Java code, j=interpreted, Vv=VM code, C=native code)
C  [ig9icd64.dll+0x7537b]

Java frames: (J=compiled Java code, j=interpreted, Vv=VM code)
j  org.lwjgl.opengl.GL11C.nglTexImage2D(IIIIIIIIJ)V+0
j  org.lwjgl.opengl.GL11C.glTexImage2D(IIIIIIIILjava/nio/ByteBuffer;)V+17
j  org.lwjgl.opengl.GL11.glTexImage2D(IIIIIIIILjava/nio/ByteBuffer;)V+14
j  renderer.Texture.init(Ljava/lang/String;)V+165
J 1811 c1 util.AssetPool.getTexture(Ljava/lang/String;)Lrenderer/Texture; (72 bytes) @ 0x0000019365285dcc [0x00000193652858c0+0x000000000000050c]
j  util.FileUtils.getIconByFile(Ljava/io/File;)Lcomponents/Sprite;+31
j  editor.windows.FileDialog.drawAnItem(Ljava/lang/Object;F)I+47
j  editor.windows.FileDialog.render()V+193
J 2087 c1 system.ImGuiLayer.update(FLscenes/Scene;)V (81 bytes) @ 0x00000193652f74c4 [0x00000193652f6880+0x0000000000000c44]
j  system.Window.loop()V+205
j  system.Window.run()V+19
j  Main.main([Ljava/lang/String;)V+5
v  ~StubRoutines::call_stub

siginfo: EXCEPTION_ACCESS_VIOLATION (0xc0000005), reading address 0x0000019324903000


Register to memory mapping:

RIP=0x00007ffd7b1c537b ig9icd64.dll
RAX=0x000000000000000b is an unknown value
RBX=0x000001932882f900 points into unknown readable memory: 0xffffffffffffffff | ff ff ff ff ff ff ff ff
RCX=0x0 is NULL
RDX=0x0000019324902fb0 points into unknown readable memory: 0x0000000000000000 | 00 00 00 00 00 00 00 00
RSP=0x0000000b9a6fe360 is pointing into the stack for thread: 0x0000019361255510
RBP=0x0000000b9a6fe490 is pointing into the stack for thread: 0x0000019361255510
RSI=0x0000000000003891 is an unknown value
RDI=0x000001932882fe80 points into unknown readable memory: 0x0000000000000000 | 00 00 00 00 00 00 00 00
R8 =0x0000000000003891 is an unknown value
R9 =0x0000000000000071 is an unknown value
R10=0x000000000000000c is an unknown value
R11=0x0 is NULL
R12=0x00000000000001c1 is an unknown value
R13=0x0000019324910000 points into unknown readable memory: 0xffffffffffffffff | ff ff ff ff ff ff ff ff
R14=0x0 is NULL
R15=0x0000000b9a6fe740 is pointing into the stack for thread: 0x0000019361255510


Registers:
RAX=0x000000000000000b, RBX=0x000001932882f900, RCX=0x0000000000000000, RDX=0x0000019324902fb0
RSP=0x0000000b9a6fe360, RBP=0x0000000b9a6fe490, RSI=0x0000000000003891, RDI=0x000001932882fe80
R8 =0x0000000000003891, R9 =0x0000000000000071, R10=0x000000000000000c, R11=0x0000000000000000
R12=0x00000000000001c1, R13=0x0000019324910000, R14=0x0000000000000000, R15=0x0000000b9a6fe740
RIP=0x00007ffd7b1c537b, EFLAGS=0x0000000000010207

Top of Stack: (sp=0x0000000b9a6fe360)
0x0000000b9a6fe360:   0000000000000000 0000000000000000
0x0000000b9a6fe370:   8000000000000000 0000000000000000
0x0000000b9a6fe380:   0000019324902a30 00007ffd7bb8d673
0x0000000b9a6fe390:   0000000000000001 0000000b9a6fe490
0x0000000b9a6fe3a0:   000000000000002a 0000019320a14040
0x0000000b9a6fe3b0:   000000000000002a 0000000000000001
0x0000000b9a6fe3c0:   0000019320a14040 0000000000000000
0x0000000b9a6fe3d0:   0000000000000001 0000000000000001
0x0000000b9a6fe3e0:   000001937dfafac0 00007ffd7bb9f21a
0x0000000b9a6fe3f0:   0000000000000000 00007ffd7c10a9a0
0x0000000b9a6fe400:   0000000000000000 0000048000000000
0x0000000b9a6fe410:   0000000b9a6fe6e8 000001935f100c01
0x0000000b9a6fe420:   0000000b9a6fe4f0 00000000000012db
0x0000000b9a6fe430:   00000000000011cd 0000000000000001
0x0000000b9a6fe440:   0000000000000001 0000000000000020
0x0000000b9a6fe450:   0000019300000001 0000000b00000001 

Instructions: (pc=0x00007ffd7b1c537b)
0x00007ffd7b1c527b:   c1 49 03 f9 41 8b c1 44 8b d1 4c 2b c0 0f 29 74
0x00007ffd7b1c528b:   24 10 4d 8b c8 0f 29 3c 24 49 c1 e9 07 f6 c2 0f
0x00007ffd7b1c529b:   0f 84 af 00 00 00 4d 85 c9 74 6b 66 66 0f 1f 84
0x00007ffd7b1c52ab:   00 00 00 00 00 f3 0f 6f 02 41 ff c2 f3 0f 6f 4a
0x00007ffd7b1c52bb:   10 41 8b c2 f3 0f 6f 52 20 f3 0f 6f 5a 30 f3 0f
0x00007ffd7b1c52cb:   6f 62 40 f3 0f 6f 6a 50 f3 0f 6f 72 60 f3 0f 6f
0x00007ffd7b1c52db:   7a 70 66 0f e7 07 66 0f e7 4f 10 66 0f e7 57 20
0x00007ffd7b1c52eb:   66 0f e7 5f 30 66 0f e7 67 40 66 0f e7 6f 50 66
0x00007ffd7b1c52fb:   0f e7 77 60 66 0f e7 7f 70 48 83 ef 80 48 83 ea
0x00007ffd7b1c530b:   80 49 3b c1 72 9f 41 83 e0 7f 0f 84 e0 00 00 00
0x00007ffd7b1c531b:   45 8b d0 44 8b c9 49 c1 ea 04 4d 85 d2 0f 84 cd
0x00007ffd7b1c532b:   00 00 00 66 90 f3 0f 6f 02 41 ff c1 48 83 c2 10
0x00007ffd7b1c533b:   41 8b c1 66 0f e7 07 48 83 c7 10 49 3b c2 72 e5
0x00007ffd7b1c534b:   e9 ab 00 00 00 4d 85 c9 74 6c 66 66 66 0f 1f 84
0x00007ffd7b1c535b:   00 00 00 00 00 f3 0f 6f 02 41 ff c2 f3 0f 6f 4a
0x00007ffd7b1c536b:   10 f3 0f 6f 52 20 f3 0f 6f 5a 30 f3 0f 6f 62 40
0x00007ffd7b1c537b:   f3 0f 6f 6a 50 f3 0f 6f 72 60 f3 0f 6f 7a 70 48
0x00007ffd7b1c538b:   83 ea 80 66 0f e7 07 66 0f e7 4f 10 66 0f e7 57
0x00007ffd7b1c539b:   20 66 0f e7 5f 30 66 0f e7 67 40 66 0f e7 6f 50
0x00007ffd7b1c53ab:   66 0f e7 77 60 66 0f e7 7f 70 48 83 ef 80 41 8b
0x00007ffd7b1c53bb:   c2 49 3b c1 72 9f 41 83 e0 7f 74 34 45 8b d0 44
0x00007ffd7b1c53cb:   8b c9 49 c1 ea 04 4d 85 d2 74 25 66 66 0f 1f 84
0x00007ffd7b1c53db:   00 00 00 00 00 f3 0f 6f 02 41 ff c1 66 0f e7 07
0x00007ffd7b1c53eb:   48 83 c7 10 41 8b c1 48 83 c2 10 49 3b c2 72 e5
0x00007ffd7b1c53fb:   0f 28 74 24 10 0f 28 3c 24 41 83 e0 0f 74 49 45
0x00007ffd7b1c540b:   8b d0 44 8b c9 49 c1 ea 02 4d 85 d2 74 1e 0f 1f
0x00007ffd7b1c541b:   80 00 00 00 00 8b 02 41 ff c1 89 07 48 83 c2 04
0x00007ffd7b1c542b:   48 83 c7 04 41 8b c1 49 3b c2 72 e9 41 83 e0 03
0x00007ffd7b1c543b:   76 16 48 2b d7 0f b6 04 3a ff c1 88 07 48 8d 7f
0x00007ffd7b1c544b:   01 8b c1 49 3b c0 72 ed 48 83 c4 20 5f c3 cc cc
0x00007ffd7b1c545b:   cc cc cc cc cc 48 83 ec 28 4c 8b c1 b8 01 00 00
0x00007ffd7b1c546b:   00 f0 0f c1 05 10 fd f5 00 ff c0 83 f8 ff 75 2a 


Stack slot to memory mapping:
stack at sp + 0 slots: 0x0 is NULL
stack at sp + 1 slots: 0x0 is NULL
stack at sp + 2 slots: 0x8000000000000000 is an unknown value
stack at sp + 3 slots: 0x0 is NULL
stack at sp + 4 slots: 0x0000019324902a30 points into unknown readable memory: 0xffffffffffffffff | ff ff ff ff ff ff ff ff
stack at sp + 5 slots: 0x00007ffd7bb8d673 ig9icd64.dll
stack at sp + 6 slots: 0x0000000000000001 is an unknown value
stack at sp + 7 slots: 0x0000000b9a6fe490 is pointing into the stack for thread: 0x0000019361255510


---------------  P R O C E S S  ---------------

Threads class SMR info:
_java_thread_list=0x000001930919e160, length=13, elements={
0x0000019361255510, 0x000001937cf9d060, 0x000001937cf9e010, 0x000001937d859390,
0x000001937d859f40, 0x000001937d85a9f0, 0x000001937d8526e0, 0x000001937d853470,
0x000001937d853f10, 0x000001937d862530, 0x000001937d9c3840, 0x000001937d9d9010,
0x000001937e309be0
}

Java Threads: ( => current thread )
=>0x0000019361255510 JavaThread "main" [_thread_in_native, id=6212, stack(0x0000000b9a600000,0x0000000b9a700000)]
  0x000001937cf9d060 JavaThread "Reference Handler" daemon [_thread_blocked, id=10756, stack(0x0000000b9ad00000,0x0000000b9ae00000)]
  0x000001937cf9e010 JavaThread "Finalizer" daemon [_thread_blocked, id=10632, stack(0x0000000b9ae00000,0x0000000b9af00000)]
  0x000001937d859390 JavaThread "Signal Dispatcher" daemon [_thread_blocked, id=6160, stack(0x0000000b9af00000,0x0000000b9b000000)]
  0x000001937d859f40 JavaThread "Attach Listener" daemon [_thread_blocked, id=13604, stack(0x0000000b9b000000,0x0000000b9b100000)]
  0x000001937d85a9f0 JavaThread "Service Thread" daemon [_thread_blocked, id=5912, stack(0x0000000b9b100000,0x0000000b9b200000)]
  0x000001937d8526e0 JavaThread "Monitor Deflation Thread" daemon [_thread_blocked, id=15156, stack(0x0000000b9b200000,0x0000000b9b300000)]
  0x000001937d853470 JavaThread "C2 CompilerThread0" daemon [_thread_blocked, id=8712, stack(0x0000000b9b300000,0x0000000b9b400000)]
  0x000001937d853f10 JavaThread "C1 CompilerThread0" daemon [_thread_blocked, id=5804, stack(0x0000000b9b400000,0x0000000b9b500000)]
  0x000001937d862530 JavaThread "Sweeper thread" daemon [_thread_blocked, id=7596, stack(0x0000000b9b500000,0x0000000b9b600000)]
  0x000001937d9c3840 JavaThread "Notification Thread" daemon [_thread_blocked, id=14804, stack(0x0000000b9b600000,0x0000000b9b700000)]
  0x000001937d9d9010 JavaThread "Common-Cleaner" daemon [_thread_blocked, id=2896, stack(0x0000000b9b800000,0x0000000b9b900000)]
  0x000001937e309be0 JavaThread "Java2D Disposer" daemon [_thread_blocked, id=15072, stack(0x0000000b9bf00000,0x0000000b9c000000)]

Other Threads:
  0x000001937cf97f70 VMThread "VM Thread" [stack: 0x0000000b9ac00000,0x0000000b9ad00000] [id=4052]
  0x00000193612bf8a0 WatcherThread [stack: 0x0000000b9b700000,0x0000000b9b800000] [id=2360]
  0x00000193612ac8b0 GCTaskThread "GC Thread#0" [stack: 0x0000000b9a700000,0x0000000b9a800000] [id=5444]
  0x000001937e3c3c20 GCTaskThread "GC Thread#1" [stack: 0x0000000b9c100000,0x0000000b9c200000] [id=5512]
  0x000001937e3c3ed0 GCTaskThread "GC Thread#2" [stack: 0x0000000b9c200000,0x0000000b9c300000] [id=9280]
  0x000001937e3c4590 GCTaskThread "GC Thread#3" [stack: 0x0000000b9c300000,0x0000000b9c400000] [id=12112]
  0x00000193612b95f0 ConcurrentGCThread "G1 Main Marker" [stack: 0x0000000b9a800000,0x0000000b9a900000] [id=12516]
  0x00000193612ba000 ConcurrentGCThread "G1 Conc#0" [stack: 0x0000000b9a900000,0x0000000b9aa00000] [id=9640]
  0x000001936131d980 ConcurrentGCThread "G1 Refine#0" [stack: 0x0000000b9aa00000,0x0000000b9ab00000] [id=8644]
  0x000001936131e3a0 ConcurrentGCThread "G1 Service" [stack: 0x0000000b9ab00000,0x0000000b9ac00000] [id=8072]

Threads with active compile tasks:

VM state: not at safepoint (normal execution)

VM Mutex/Monitor currently owned by a thread: None

Heap address: 0x0000000742000000, size: 3040 MB, Compressed Oops mode: Zero based, Oop shift amount: 3

CDS archive(s) not mapped
Compressed class space mapped at: 0x0000000800000000-0x0000000840000000, reserved size: 1073741824
Narrow klass base: 0x0000000800000000, Narrow klass shift: 0, Narrow klass range: 0x40000000

GC Precious Log:
 CPUs: 4 total, 4 available
 Memory: 12156M
 Large Page Support: Disabled
 NUMA Support: Disabled
 Compressed Oops: Enabled (Zero based)
 Heap Region Size: 2M
 Heap Min Capacity: 8M
 Heap Initial Capacity: 190M
 Heap Max Capacity: 3040M
 Pre-touch: Disabled
 Parallel Workers: 4
 Concurrent Workers: 1
 Concurrent Refinement Workers: 4
 Periodic GC: Disabled

Heap:
 garbage-first heap   total 34816K, used 14239K [0x0000000742000000, 0x0000000800000000)
  region size 2048K, 6 young (12288K), 2 survivors (4096K)
 Metaspace       used 22070K, committed 22400K, reserved 1073152K
  class space    used 1772K, committed 1920K, reserved 1048576K

Heap Regions: E=young(eden), S=young(survivor), O=old, HS=humongous(starts), HC=humongous(continues), CS=collection set, F=free, OA=open archive, CA=closed archive, TAMS=top-at-mark-start (previous, next)
|   0|0x0000000742000000, 0x000000074216ee00, 0x0000000742200000| 71%| O|  |TAMS 0x000000074216ee00, 0x0000000742000000| Complete 
|   1|0x0000000742200000, 0x0000000742400000, 0x0000000742400000|100%|HS|  |TAMS 0x0000000742400000, 0x0000000742200000| Complete 
|   2|0x0000000742400000, 0x0000000742600000, 0x0000000742600000|100%|HS|  |TAMS 0x0000000742400000, 0x0000000742400000| Complete 
|   3|0x0000000742600000, 0x0000000742600000, 0x0000000742800000|  0%| F|  |TAMS 0x0000000742600000, 0x0000000742600000| Untracked 
|   4|0x0000000742800000, 0x0000000742800000, 0x0000000742a00000|  0%| F|  |TAMS 0x0000000742800000, 0x0000000742800000| Untracked 
|   5|0x0000000742a00000, 0x0000000742a00000, 0x0000000742c00000|  0%| F|  |TAMS 0x0000000742a00000, 0x0000000742a00000| Untracked 
|   6|0x0000000742c00000, 0x0000000742c00000, 0x0000000742e00000|  0%| F|  |TAMS 0x0000000742c00000, 0x0000000742c00000| Untracked 
|   7|0x0000000742e00000, 0x0000000742e00000, 0x0000000743000000|  0%| F|  |TAMS 0x0000000742e00000, 0x0000000742e00000| Untracked 
|   8|0x0000000743000000, 0x0000000743000000, 0x0000000743200000|  0%| F|  |TAMS 0x0000000743000000, 0x0000000743000000| Untracked 
|   9|0x0000000743200000, 0x0000000743200000, 0x0000000743400000|  0%| F|  |TAMS 0x0000000743200000, 0x0000000743200000| Untracked 
|  10|0x0000000743400000, 0x0000000743400000, 0x0000000743600000|  0%| F|  |TAMS 0x0000000743400000, 0x0000000743400000| Untracked 
|  11|0x0000000743600000, 0x0000000743800000, 0x0000000743800000|100%| E|  |TAMS 0x0000000743600000, 0x0000000743600000| Complete 
|  12|0x0000000743800000, 0x0000000743a00000, 0x0000000743a00000|100%| E|CS|TAMS 0x0000000743800000, 0x0000000743800000| Complete 
|  13|0x0000000743a00000, 0x0000000743c00000, 0x0000000743c00000|100%| E|CS|TAMS 0x0000000743a00000, 0x0000000743a00000| Complete 
|  80|0x000000074c000000, 0x000000074c0790e0, 0x000000074c200000| 23%| S|CS|TAMS 0x000000074c000000, 0x000000074c000000| Complete 
|  81|0x000000074c200000, 0x000000074c400000, 0x000000074c400000|100%| S|CS|TAMS 0x000000074c200000, 0x000000074c200000| Complete 
|  94|0x000000074dc00000, 0x000000074de00000, 0x000000074de00000|100%| E|CS|TAMS 0x000000074dc00000, 0x000000074dc00000| Complete 

Card table byte_map: [0x0000019373fa0000,0x0000019374590000] _byte_map_base: 0x0000019370590000

Marking Bits (Prev, Next): (CMBitMap*) 0x00000193612acf00, (CMBitMap*) 0x00000193612acec0
 Prev Bits: [0x0000019377b00000, 0x000001937aa80000)
 Next Bits: [0x0000019374b80000, 0x0000019377b00000)

Polling page: 0x0000019360a20000

Metaspace:

Usage:
  Non-class:     19.82 MB used.
      Class:      1.73 MB used.
       Both:     21.55 MB used.

Virtual space:
  Non-class space:       24.00 MB reserved,      20.00 MB ( 83%) committed,  3 nodes.
      Class space:        1.00 GB reserved,       1.88 MB ( <1%) committed,  1 nodes.
             Both:        1.02 GB reserved,      21.88 MB (  2%) committed. 

Chunk freelists:
   Non-Class:  4.00 MB
       Class:  2.16 MB
        Both:  6.16 MB

MaxMetaspaceSize: unlimited
CompressedClassSpaceSize: 1.00 GB
Initial GC threshold: 21.00 MB
Current GC threshold: 35.12 MB
CDS: off
MetaspaceReclaimPolicy: balanced
 - commit_granule_bytes: 65536.
 - commit_granule_words: 8192.
 - virtual_space_node_default_size: 1048576.
 - enlarge_chunks_in_place: 1.
 - new_chunks_are_fully_committed: 0.
 - uncommit_free_chunks: 1.
 - use_allocation_guard: 0.
 - handle_deallocations: 1.


Internal statistics:

num_allocs_failed_limit: 3.
num_arena_births: 232.
num_arena_deaths: 0.
num_vsnodes_births: 4.
num_vsnodes_deaths: 0.
num_space_committed: 348.
num_space_uncommitted: 0.
num_chunks_returned_to_freelist: 3.
num_chunks_taken_from_freelist: 674.
num_chunk_merges: 3.
num_chunk_splits: 461.
num_chunks_enlarged: 348.
num_purges: 0.
num_inconsistent_stats: 0.

CodeHeap 'non-profiled nmethods': size=120000Kb used=906Kb max_used=906Kb free=119093Kb
 bounds [0x000001936c480000, 0x000001936c6f0000, 0x00000193739b0000]
CodeHeap 'profiled nmethods': size=120000Kb used=3761Kb max_used=3761Kb free=116238Kb
 bounds [0x0000019364f50000, 0x0000019365300000, 0x000001936c480000]
CodeHeap 'non-nmethods': size=5760Kb used=1799Kb max_used=1897Kb free=3960Kb
 bounds [0x00000193649b0000, 0x0000019364c20000, 0x0000019364f50000]
 total_blobs=3394 nmethods=2103 adapters=1204
 compilation: enabled
              stopped_count=0, restarted_count=0
 full_count=0

Compilation events (20 events):
Event: 7.492 Thread 0x000001937d853f10 2096       3       system.KeyListener::keyBeginPress (9 bytes)
Event: 7.492 Thread 0x000001937d853f10 nmethod 2096 0x00000193652f9190 code [0x00000193652f9340, 0x00000193652f9628]
Event: 7.495 Thread 0x000001937d853f10 2097       3       org.lwjgl.glfw.GLFWWindowFocusCallback::create (32 bytes)
Event: 7.501 Thread 0x000001937d853f10 nmethod 2097 0x00000193652f9790 code [0x00000193652f99e0, 0x00000193652fa5f8]
Event: 7.501 Thread 0x000001937d853f10 2098       3       org.lwjgl.glfw.GLFWWindowFocusCallback$Container::<init> (11 bytes)
Event: 7.502 Thread 0x000001937d853f10 nmethod 2098 0x00000193652fa990 code [0x00000193652fab60, 0x00000193652faf88]
Event: 7.565 Thread 0x000001937d853f10 2099       3       java.util.ImmutableCollections$ListItr::hasNext (17 bytes)
Event: 7.565 Thread 0x000001937d853f10 nmethod 2099 0x00000193652fb110 code [0x00000193652fb2a0, 0x00000193652fb418]
Event: 7.568 Thread 0x000001937d853470 2100       4       java.util.ImmutableCollections$ListN::get (7 bytes)
Event: 7.569 Thread 0x000001937d853470 nmethod 2100 0x000001936c561c10 code [0x000001936c561d80, 0x000001936c561e38]
Event: 7.571 Thread 0x000001937d853f10 2101       3       java.lang.invoke.LambdaFormEditor$TransformKey::bval (26 bytes)
Event: 7.571 Thread 0x000001937d853f10 nmethod 2101 0x00000193652fb490 code [0x00000193652fb620, 0x00000193652fb718]
Event: 7.573 Thread 0x000001937d853f10 2102       3       java.lang.invoke.LambdaForm::useCount (61 bytes)
Event: 7.574 Thread 0x000001937d853470 2104       4       jdk.internal.org.objectweb.asm.SymbolTable$Entry::<init> (17 bytes)
Event: 7.574 Thread 0x000001937d853f10 nmethod 2102 0x00000193652fb790 code [0x00000193652fb960, 0x00000193652fbcc8]
Event: 7.574 Thread 0x000001937d853f10 2103       3       java.lang.invoke.InvokerBytecodeGenerator::emitStoreInsn (21 bytes)
Event: 7.574 Thread 0x000001937d853f10 nmethod 2103 0x00000193652fbe90 code [0x00000193652fc040, 0x00000193652fc298]
Event: 7.574 Thread 0x000001937d853f10 2105       3       java.lang.invoke.MethodHandleNatives::refKindIsGetter (32 bytes)
Event: 7.575 Thread 0x000001937d853f10 nmethod 2105 0x00000193652fc410 code [0x00000193652fc5a0, 0x00000193652fc6f8]
Event: 7.576 Thread 0x000001937d853470 nmethod 2104 0x000001936c562510 code [0x000001936c562680, 0x000001936c5628d8]

GC Heap History (6 events):
Event: 0.916 GC heap before
{Heap before GC invocations=0 (full 0):
 garbage-first heap   total 194560K, used 12288K [0x0000000742000000, 0x0000000800000000)
  region size 2048K, 6 young (12288K), 0 survivors (0K)
 Metaspace       used 10539K, committed 10752K, reserved 1064960K
  class space    used 913K, committed 1024K, reserved 1048576K
}
Event: 0.920 GC heap after
{Heap after GC invocations=1 (full 0):
 garbage-first heap   total 194560K, used 2229K [0x0000000742000000, 0x0000000800000000)
  region size 2048K, 1 young (2048K), 1 survivors (2048K)
 Metaspace       used 10539K, committed 10752K, reserved 1064960K
  class space    used 913K, committed 1024K, reserved 1048576K
}
Event: 1.618 GC heap before
{Heap before GC invocations=1 (full 0):
 garbage-first heap   total 194560K, used 12469K [0x0000000742000000, 0x0000000800000000)
  region size 2048K, 7 young (14336K), 1 survivors (2048K)
 Metaspace       used 14420K, committed 14592K, reserved 1064960K
  class space    used 1083K, committed 1152K, reserved 1048576K
}
Event: 1.621 GC heap after
{Heap after GC invocations=2 (full 0):
 garbage-first heap   total 194560K, used 2316K [0x0000000742000000, 0x0000000800000000)
  region size 2048K, 1 young (2048K), 1 survivors (2048K)
 Metaspace       used 14420K, committed 14592K, reserved 1064960K
  class space    used 1083K, committed 1152K, reserved 1048576K
}
Event: 2.696 GC heap before
{Heap before GC invocations=2 (full 0):
 garbage-first heap   total 194560K, used 24844K [0x0000000742000000, 0x0000000800000000)
  region size 2048K, 13 young (26624K), 1 survivors (2048K)
 Metaspace       used 21290K, committed 21504K, reserved 1073152K
  class space    used 1732K, committed 1856K, reserved 1048576K
}
Event: 2.700 GC heap after
{Heap after GC invocations=3 (full 0):
 garbage-first heap   total 194560K, used 6047K [0x0000000742000000, 0x0000000800000000)
  region size 2048K, 2 young (4096K), 2 survivors (4096K)
 Metaspace       used 21290K, committed 21504K, reserved 1073152K
  class space    used 1732K, committed 1856K, reserved 1048576K
}

Deoptimization events (20 events):
Event: 2.502 Thread 0x0000019361255510 Uncommon trap: trap_request=0xffffff45 fr.pc=0x000001936c4c3d9c relative=0x000000000000025c
Event: 2.502 Thread 0x0000019361255510 Uncommon trap: reason=unstable_if action=reinterpret pc=0x000001936c4c3d9c method=java.util.HashMap.getNode(Ljava/lang/Object;)Ljava/util/HashMap$Node; @ 66 c2
Event: 2.502 Thread 0x0000019361255510 DEOPT PACKING pc=0x000001936c4c3d9c sp=0x0000000b9a6fefb0
Event: 2.502 Thread 0x0000019361255510 DEOPT UNPACKING pc=0x0000019364a023a3 sp=0x0000000b9a6fef30 mode 2
Event: 2.542 Thread 0x0000019361255510 Uncommon trap: trap_request=0xffffff45 fr.pc=0x000001936c4c5008 relative=0x00000000000004e8
Event: 2.542 Thread 0x0000019361255510 Uncommon trap: reason=unstable_if action=reinterpret pc=0x000001936c4c5008 method=java.lang.StringLatin1.newString([BII)Ljava/lang/String; @ 1 c2
Event: 2.542 Thread 0x0000019361255510 DEOPT PACKING pc=0x000001936c4c5008 sp=0x0000000b9a6ff170
Event: 2.542 Thread 0x0000019361255510 DEOPT UNPACKING pc=0x0000019364a023a3 sp=0x0000000b9a6ff0d0 mode 2
Event: 2.602 Thread 0x0000019361255510 Uncommon trap: trap_request=0xffffff45 fr.pc=0x000001936c4ecd48 relative=0x0000000000000048
Event: 2.602 Thread 0x0000019361255510 Uncommon trap: reason=unstable_if action=reinterpret pc=0x000001936c4ecd48 method=java.lang.CharacterData.of(I)Ljava/lang/CharacterData; @ 4 c2
Event: 2.602 Thread 0x0000019361255510 DEOPT PACKING pc=0x000001936c4ecd48 sp=0x0000000b9a6fd1f0
Event: 2.602 Thread 0x0000019361255510 DEOPT UNPACKING pc=0x0000019364a023a3 sp=0x0000000b9a6fd190 mode 2
Event: 2.603 Thread 0x0000019361255510 Uncommon trap: trap_request=0xffffff45 fr.pc=0x000001936c4bdc34 relative=0x0000000000000414
Event: 2.603 Thread 0x0000019361255510 Uncommon trap: reason=unstable_if action=reinterpret pc=0x000001936c4bdc34 method=java.lang.StringLatin1.newString([BII)Ljava/lang/String; @ 1 c2
Event: 2.603 Thread 0x0000019361255510 DEOPT PACKING pc=0x000001936c4bdc34 sp=0x0000000b9a6fd760
Event: 2.603 Thread 0x0000019361255510 DEOPT UNPACKING pc=0x0000019364a023a3 sp=0x0000000b9a6fd740 mode 2
Event: 4.668 Thread 0x0000019361255510 DEOPT PACKING pc=0x0000019365281646 sp=0x0000000b9a6ff590
Event: 4.668 Thread 0x0000019361255510 DEOPT UNPACKING pc=0x0000019364a02b43 sp=0x0000000b9a6fea28 mode 0
Event: 6.504 Thread 0x0000019361255510 DEOPT PACKING pc=0x000001936528380c sp=0x0000000b9a6ff4a0
Event: 6.504 Thread 0x0000019361255510 DEOPT UNPACKING pc=0x0000019364a02b43 sp=0x0000000b9a6fe9c8 mode 0

Classes unloaded (0 events):
No events

Classes redefined (0 events):
No events

Internal exceptions (20 events):
Event: 1.628 Thread 0x0000019361255510 Exception <a 'java/lang/NoSuchMethodError'{0x000000074dc26e18}: 'int java.lang.invoke.DirectMethodHandle$Holder.invokeStaticInit(java.lang.Object, java.lang.Object)'> (0x000000074dc26e18) 
thrown [s\src\hotspot\share\interpreter\linkResolver.cpp, line 771]
Event: 1.653 Thread 0x0000019361255510 Exception <a 'java/lang/NoSuchMethodError'{0x000000074dc4fd10}: 'java.lang.Object java.lang.invoke.DirectMethodHandle$Holder.invokeInterface(java.lang.Object, java.lang.Object)'> (0x000000074dc4fd10) 
thrown [s\src\hotspot\share\interpreter\linkResolver.cpp, line 771]
Event: 1.654 Thread 0x0000019361255510 Exception <a 'java/lang/IncompatibleClassChangeError'{0x000000074dc53260}: Found class java.lang.Object, but interface was expected> (0x000000074dc53260) 
thrown [s\src\hotspot\share\interpreter\linkResolver.cpp, line 838]
Event: 1.691 Thread 0x0000019361255510 Exception <a 'java/lang/NoSuchMethodError'{0x000000074dc97ee8}: 'void java.lang.invoke.DirectMethodHandle$Holder.invokeVirtual(java.lang.Object, java.lang.Object)'> (0x000000074dc97ee8) 
thrown [s\src\hotspot\share\interpreter\linkResolver.cpp, line 771]
Event: 1.727 Thread 0x0000019361255510 Exception <a 'java/lang/IncompatibleClassChangeError'{0x000000074dd135a0}: Found class java.lang.Object, but interface was expected> (0x000000074dd135a0) 
thrown [s\src\hotspot\share\interpreter\linkResolver.cpp, line 838]
Event: 1.769 Thread 0x0000019361255510 Exception <a 'java/lang/NoSuchMethodError'{0x000000074da970c0}: 'java.lang.Object java.lang.invoke.DirectMethodHandle$Holder.invokeSpecialIFC(java.lang.Object, java.lang.Object, java.lang.Object, java.lang.Object)'> (0x000000074da970c0) 
thrown [s\src\hotspot\share\interpreter\linkResolver.cpp, line 771]
Event: 1.808 Thread 0x0000019361255510 Exception <a 'java/lang/NoSuchMethodError'{0x000000074db220a8}: 'int java.lang.invoke.DirectMethodHandle$Holder.invokeInterface(java.lang.Object, java.lang.Object)'> (0x000000074db220a8) 
thrown [s\src\hotspot\share\interpreter\linkResolver.cpp, line 771]
Event: 1.811 Thread 0x0000019361255510 Exception <a 'java/lang/IncompatibleClassChangeError'{0x000000074db2b050}: Found class java.lang.Object, but interface was expected> (0x000000074db2b050) 
thrown [s\src\hotspot\share\interpreter\linkResolver.cpp, line 838]
Event: 1.840 Thread 0x0000019361255510 Exception <a 'java/lang/NoSuchMethodError'{0x000000074db7e1a0}: 'java.lang.Object java.lang.invoke.DirectMethodHandle$Holder.invokeInterface(java.lang.Object, java.lang.Object, java.lang.Object)'> (0x000000074db7e1a0) 
thrown [s\src\hotspot\share\interpreter\linkResolver.cpp, line 771]
Event: 1.840 Thread 0x0000019361255510 Exception <a 'java/lang/IncompatibleClassChangeError'{0x000000074db81880}: Found class java.lang.Object, but interface was expected> (0x000000074db81880) 
thrown [s\src\hotspot\share\interpreter\linkResolver.cpp, line 838]
Event: 1.847 Thread 0x0000019361255510 Exception <a 'java/lang/IncompatibleClassChangeError'{0x000000074dba01e0}: Found class java.lang.Object, but interface was expected> (0x000000074dba01e0) 
thrown [s\src\hotspot\share\interpreter\linkResolver.cpp, line 838]
Event: 1.850 Thread 0x0000019361255510 Exception <a 'java/lang/IncompatibleClassChangeError'{0x000000074dba8ba0}: Found class java.lang.Object, but interface was expected> (0x000000074dba8ba0) 
thrown [s\src\hotspot\share\interpreter\linkResolver.cpp, line 838]
Event: 1.853 Thread 0x0000019361255510 Exception <a 'java/lang/NoSuchMethodError'{0x000000074dbae198}: 'java.lang.Object java.lang.invoke.DirectMethodHandle$Holder.invokeSpecialIFC(java.lang.Object, java.lang.Object, java.lang.Object, java.lang.Object, java.lang.Object)'> (0x000000074dbae198) 
thrown [s\src\hotspot\share\interpreter\linkResolver.cpp, line 771]
Event: 1.857 Thread 0x0000019361255510 Exception <a 'java/lang/NoSuchMethodError'{0x000000074dbc5a40}: 'java.lang.Object java.lang.invoke.DirectMethodHandle$Holder.invokeSpecialIFC(java.lang.Object, java.lang.Object, java.lang.Object, java.lang.Object, java.lang.Object, java.lang.Object)'> (0x000000074dbc5a40) 
thrown [s\src\hotspot\share\interpreter\linkResolver.cpp, line 771]
Event: 1.858 Thread 0x0000019361255510 Exception <a 'java/lang/NoSuchMethodError'{0x000000074dbcdf68}: 'java.lang.Object java.lang.invoke.DirectMethodHandle$Holder.newInvokeSpecial(java.lang.Object, java.lang.Object, java.lang.Object, java.lang.Object, java.lang.Object)'> (0x000000074dbcdf68) 
thrown [s\src\hotspot\share\interpreter\linkResolver.cpp, line 771]
Event: 1.972 Thread 0x0000019361255510 Exception <a 'sun/nio/fs/WindowsException'{0x000000074d9425e0}> (0x000000074d9425e0) 
thrown [s\src\hotspot\share\prims\jni.cpp, line 517]
Event: 2.087 Thread 0x0000019361255510 Exception <a 'java/lang/NoSuchMethodError'{0x000000074d9aa9b8}: 'void java.lang.invoke.DirectMethodHandle$Holder.invokeVirtual(java.lang.Object, java.lang.Object, long, int)'> (0x000000074d9aa9b8) 
thrown [s\src\hotspot\share\interpreter\linkResolver.cpp, line 771]
Event: 2.196 Thread 0x0000019361255510 Exception <a 'sun/nio/fs/WindowsException'{0x000000074d44df38}> (0x000000074d44df38) 
thrown [s\src\hotspot\share\prims\jni.cpp, line 517]
Event: 2.196 Thread 0x0000019361255510 Exception <a 'sun/nio/fs/WindowsException'{0x000000074d44e2b8}> (0x000000074d44e2b8) 
thrown [s\src\hotspot\share\prims\jni.cpp, line 517]
Event: 2.852 Thread 0x0000019361255510 Exception <a 'java/lang/NoSuchMethodError'{0x0000000743a06df8}: 'void java.lang.invoke.DirectMethodHandle$Holder.invokeStatic(java.lang.Object, long, int)'> (0x0000000743a06df8) 
thrown [s\src\hotspot\share\interpreter\linkResolver.cpp, line 771]

VM Operations (20 events):
Event: 2.405 Executing VM operation: HandshakeAllThreads
Event: 2.405 Executing VM operation: HandshakeAllThreads done
Event: 2.451 Executing VM operation: ICBufferFull
Event: 2.451 Executing VM operation: ICBufferFull done
Event: 2.602 Executing VM operation: HandshakeAllThreads
Event: 2.602 Executing VM operation: HandshakeAllThreads done
Event: 2.696 Executing VM operation: CollectForMetadataAllocation
Event: 2.700 Executing VM operation: CollectForMetadataAllocation done
Event: 2.707 Executing VM operation: G1Concurrent
Event: 2.709 Executing VM operation: G1Concurrent done
Event: 2.713 Executing VM operation: G1Concurrent
Event: 2.714 Executing VM operation: G1Concurrent done
Event: 3.728 Executing VM operation: Cleanup
Event: 3.728 Executing VM operation: Cleanup done
Event: 5.746 Executing VM operation: Cleanup
Event: 5.746 Executing VM operation: Cleanup done
Event: 6.755 Executing VM operation: Cleanup
Event: 6.755 Executing VM operation: Cleanup done
Event: 7.755 Executing VM operation: Cleanup
Event: 7.755 Executing VM operation: Cleanup done

Events (20 events):
Event: 2.600 loading class java/util/stream/IntPipeline$10 done
Event: 2.600 loading class java/util/stream/FindOps$FindSink$OfInt
Event: 2.600 loading class java/util/stream/Sink$OfInt
Event: 2.600 loading class java/util/function/IntConsumer
Event: 2.600 loading class java/util/function/IntConsumer done
Event: 2.600 loading class java/util/stream/Sink$OfInt done
Event: 2.600 loading class java/util/stream/FindOps$FindSink$OfInt done
Event: 2.600 loading class java/util/OptionalInt
Event: 2.600 loading class java/util/OptionalInt done
Event: 2.601 loading class java/util/stream/IntPipeline$10$1
Event: 2.601 loading class java/util/stream/Sink$ChainedInt
Event: 2.601 loading class java/util/stream/Sink$ChainedInt done
Event: 2.601 loading class java/util/stream/IntPipeline$10$1 done
Event: 2.601 loading class java/lang/StringUTF16$CharsSpliterator
Event: 2.602 loading class java/lang/StringUTF16$CharsSpliterator done
Event: 2.602 loading class java/lang/CharacterData00
Event: 2.602 loading class java/lang/CharacterData00 done
Event: 2.623 loading class jdk/internal/access/foreign/MemorySegmentProxy
Event: 2.623 loading class jdk/internal/access/foreign/MemorySegmentProxy done
Event: 3.404 Thread 0x0000019308ab3640 Thread exited: 0x0000019308ab3640


Dynamic libraries:
0x00007ff7163a0000 - 0x00007ff7163aa000 	C:\Program Files\JetBrains\IntelliJ IDEA Community Edition 2022.2.2\jbr\bin\java.exe
0x00007ffdc84b0000 - 0x00007ffdc86a8000 	C:\Windows\SYSTEM32\ntdll.dll
0x00007ffdc6aa0000 - 0x00007ffdc6b5f000 	C:\Windows\System32\KERNEL32.DLL
0x00007ffdc5e60000 - 0x00007ffdc6156000 	C:\Windows\System32\KERNELBASE.dll
0x00007ffdc63a0000 - 0x00007ffdc64a0000 	C:\Windows\System32\ucrtbase.dll
0x00007ffda7940000 - 0x00007ffda795b000 	C:\Program Files\JetBrains\IntelliJ IDEA Community Edition 2022.2.2\jbr\bin\VCRUNTIME140.dll
0x00007ffda7860000 - 0x00007ffda7877000 	C:\Program Files\JetBrains\IntelliJ IDEA Community Edition 2022.2.2\jbr\bin\jli.dll
0x00007ffdc7370000 - 0x00007ffdc750d000 	C:\Windows\System32\USER32.dll
0x00007ffdc62d0000 - 0x00007ffdc62f2000 	C:\Windows\System32\win32u.dll
0x00007ffdba250000 - 0x00007ffdba4ea000 	C:\Windows\WinSxS\amd64_microsoft.windows.common-controls_6595b64144ccf1df_6.0.19041.1110_none_60b5254171f9507e\COMCTL32.dll
0x00007ffdc6510000 - 0x00007ffdc653c000 	C:\Windows\System32\GDI32.dll
0x00007ffdc6780000 - 0x00007ffdc681e000 	C:\Windows\System32\msvcrt.dll
0x00007ffdc61b0000 - 0x00007ffdc62c5000 	C:\Windows\System32\gdi32full.dll
0x00007ffdc6300000 - 0x00007ffdc639d000 	C:\Windows\System32\msvcp_win.dll
0x00007ffdc6820000 - 0x00007ffdc6850000 	C:\Windows\System32\IMM32.DLL
0x00007ffdbb380000 - 0x00007ffdbb38c000 	C:\Program Files\JetBrains\IntelliJ IDEA Community Edition 2022.2.2\jbr\bin\vcruntime140_1.dll
0x00007ffd894f0000 - 0x00007ffd8957d000 	C:\Program Files\JetBrains\IntelliJ IDEA Community Edition 2022.2.2\jbr\bin\msvcp140.dll
0x00007ffd8aee0000 - 0x00007ffd8bb49000 	C:\Program Files\JetBrains\IntelliJ IDEA Community Edition 2022.2.2\jbr\bin\server\jvm.dll
0x00007ffdc66d0000 - 0x00007ffdc677f000 	C:\Windows\System32\ADVAPI32.dll
0x00007ffdc6850000 - 0x00007ffdc68ec000 	C:\Windows\System32\sechost.dll
0x00007ffdc6540000 - 0x00007ffdc6666000 	C:\Windows\System32\RPCRT4.dll
0x00007ffdc7980000 - 0x00007ffdc7988000 	C:\Windows\System32\PSAPI.DLL
0x00007ffdbe3b0000 - 0x00007ffdbe3b9000 	C:\Windows\SYSTEM32\WSOCK32.dll
0x00007ffda0d60000 - 0x00007ffda0d87000 	C:\Windows\SYSTEM32\WINMM.dll
0x00007ffdc8210000 - 0x00007ffdc827b000 	C:\Windows\System32\WS2_32.dll
0x00007ffdc0b80000 - 0x00007ffdc0b8a000 	C:\Windows\SYSTEM32\VERSION.dll
0x00007ffdc3960000 - 0x00007ffdc3972000 	C:\Windows\SYSTEM32\kernel.appcore.dll
0x00007ffdc12c0000 - 0x00007ffdc12ca000 	C:\Program Files\JetBrains\IntelliJ IDEA Community Edition 2022.2.2\jbr\bin\jimage.dll
0x00007ffdbf2b0000 - 0x00007ffdbf494000 	C:\Windows\SYSTEM32\DBGHELP.DLL
0x00007ffdbf050000 - 0x00007ffdbf084000 	C:\Windows\SYSTEM32\dbgcore.DLL
0x00007ffdc5b90000 - 0x00007ffdc5c12000 	C:\Windows\System32\bcryptPrimitives.dll
0x00007ffdbfca0000 - 0x00007ffdbfcc5000 	C:\Program Files\JetBrains\IntelliJ IDEA Community Edition 2022.2.2\jbr\bin\java.dll
0x00007ffdbfc80000 - 0x00007ffdbfc98000 	C:\Program Files\JetBrains\IntelliJ IDEA Community Edition 2022.2.2\jbr\bin\zip.dll
0x00007ffdc7ac0000 - 0x00007ffdc8204000 	C:\Windows\System32\SHELL32.dll
0x00007ffdc3c40000 - 0x00007ffdc43d3000 	C:\Windows\SYSTEM32\windows.storage.dll
0x00007ffdc6db0000 - 0x00007ffdc7104000 	C:\Windows\System32\combase.dll
0x00007ffdc5500000 - 0x00007ffdc552e000 	C:\Windows\SYSTEM32\Wldp.dll
0x00007ffdc7110000 - 0x00007ffdc71bd000 	C:\Windows\System32\SHCORE.dll
0x00007ffdc8410000 - 0x00007ffdc8465000 	C:\Windows\System32\shlwapi.dll
0x00007ffdc5ad0000 - 0x00007ffdc5aef000 	C:\Windows\SYSTEM32\profapi.dll
0x00007ffdbfc60000 - 0x00007ffdbfc79000 	C:\Program Files\JetBrains\IntelliJ IDEA Community Edition 2022.2.2\jbr\bin\net.dll
0x00007ffdbd690000 - 0x00007ffdbd79a000 	C:\Windows\SYSTEM32\WINHTTP.dll
0x00007ffdc5260000 - 0x00007ffdc52ca000 	C:\Windows\system32\mswsock.dll
0x00007ffdbfc40000 - 0x00007ffdbfc56000 	C:\Program Files\JetBrains\IntelliJ IDEA Community Edition 2022.2.2\jbr\bin\nio.dll
0x00007ffdc1120000 - 0x00007ffdc1130000 	C:\Program Files\JetBrains\IntelliJ IDEA Community Edition 2022.2.2\jbr\bin\verify.dll
0x00007ffd8c910000 - 0x00007ffd8c974000 	C:\Users\Acer\AppData\Local\Temp\lwjglAcer\3.2.3-build-13\lwjgl.dll
0x00007ffd8c8a0000 - 0x00007ffd8c902000 	C:\Users\Acer\AppData\Local\Temp\lwjglAcer\3.2.3-build-13\glfw.dll
0x00007ffdc3570000 - 0x00007ffdc360e000 	C:\Windows\system32\uxtheme.dll
0x00007ffd81500000 - 0x00007ffd81545000 	C:\Windows\SYSTEM32\dinput8.dll
0x00007ffd8c880000 - 0x00007ffd8c891000 	C:\Windows\SYSTEM32\xinput1_4.dll
0x00007ffdc6160000 - 0x00007ffdc61ae000 	C:\Windows\System32\cfgmgr32.dll
0x00007ffdc5860000 - 0x00007ffdc588c000 	C:\Windows\SYSTEM32\DEVOBJ.dll
0x00007ffdc3930000 - 0x00007ffdc395f000 	C:\Windows\SYSTEM32\dwmapi.dll
0x00007ffdc03c0000 - 0x00007ffdc0512000 	C:\Windows\SYSTEM32\inputhost.dll
0x00007ffdc8280000 - 0x00007ffdc834d000 	C:\Windows\System32\OLEAUT32.dll
0x00007ffdc3240000 - 0x00007ffdc3332000 	C:\Windows\SYSTEM32\CoreMessaging.dll
0x00007ffdc1550000 - 0x00007ffdc1646000 	C:\Windows\SYSTEM32\PROPSYS.dll
0x00007ffdc27d0000 - 0x00007ffdc2924000 	C:\Windows\SYSTEM32\wintypes.dll
0x00007ffdc2ee0000 - 0x00007ffdc323e000 	C:\Windows\SYSTEM32\CoreUIComponents.dll
0x00007ffdc4ca0000 - 0x00007ffdc4cd3000 	C:\Windows\SYSTEM32\ntmarta.dll
0x00007ffdc6900000 - 0x00007ffdc6a14000 	C:\Windows\System32\MSCTF.dll
0x00007ffdc43e0000 - 0x00007ffdc43ed000 	C:\Windows\SYSTEM32\HID.DLL
0x00007ffdc7510000 - 0x00007ffdc7978000 	C:\Windows\System32\SETUPAPI.DLL
0x00007ffdc5e30000 - 0x00007ffdc5e57000 	C:\Windows\System32\bcrypt.dll
0x00007ffdc64a0000 - 0x00007ffdc6507000 	C:\Windows\System32\WINTRUST.dll
0x00007ffdc5cd0000 - 0x00007ffdc5e2e000 	C:\Windows\System32\CRYPT32.dll
0x00007ffdc5690000 - 0x00007ffdc56a2000 	C:\Windows\SYSTEM32\MSASN1.dll
0x00007ffdb0b10000 - 0x00007ffdb0c35000 	C:\Windows\SYSTEM32\opengl32.dll
0x00007ffdb9d70000 - 0x00007ffdb9d9c000 	C:\Windows\SYSTEM32\GLU32.dll
0x00007ffdc6b60000 - 0x00007ffdc6c09000 	C:\Windows\System32\clbcatq.dll
0x00007ffd7b150000 - 0x00007ffd7c1f5000 	C:\Windows\System32\DriverStore\FileRepository\iigd_dch.inf_amd64_51f685305808e3a5\ig9icd64.dll
0x00007ffdc7990000 - 0x00007ffdc7aba000 	C:\Windows\System32\ole32.dll
0x00007ffdc4440000 - 0x00007ffdc4533000 	C:\Windows\system32\dxgi.dll
0x00007ffd7b020000 - 0x00007ffd7b14c000 	C:\Windows\System32\DriverStore\FileRepository\iigd_dch.inf_amd64_51f685305808e3a5\igdml64.dll
0x00007ffdb5bd0000 - 0x00007ffdb5fd9000 	C:\Windows\System32\DriverStore\FileRepository\iigd_dch.inf_amd64_51f685305808e3a5\igdgmm64.dll
0x00007ffdb1540000 - 0x00007ffdb4cd4000 	C:\Windows\System32\DriverStore\FileRepository\iigd_dch.inf_amd64_51f685305808e3a5\igc64.dll
0x00007ffdc5a00000 - 0x00007ffdc5a4b000 	C:\Windows\SYSTEM32\powrprof.dll
0x00007ffdc59e0000 - 0x00007ffdc59f2000 	C:\Windows\SYSTEM32\UMPDC.dll
0x00007ffda5a50000 - 0x00007ffda5be3000 	C:\Program Files\JetBrains\IntelliJ IDEA Community Edition 2022.2.2\jbr\bin\awt.dll
0x00007ffdc3490000 - 0x00007ffdc3521000 	C:\Windows\SYSTEM32\apphelp.dll
0x00007ffdc1800000 - 0x00007ffdc18ae000 	C:\Windows\SYSTEM32\mscms.dll
0x00007ffdc5a90000 - 0x00007ffdc5abe000 	C:\Windows\SYSTEM32\USERENV.dll
0x00007ffdc1790000 - 0x00007ffdc17a1000 	C:\Windows\SYSTEM32\ColorAdapterClient.dll
0x00007ffda3980000 - 0x00007ffda39c3000 	C:\Windows\SYSTEM32\icm32.dll
0x00007ffdb9350000 - 0x00007ffdb9449000 	C:\Windows\SYSTEM32\textinputframework.dll
0x00007ffd813f0000 - 0x00007ffd814fb000 	C:\Users\Acer\AppData\Local\Temp\lwjglAcer\3.2.3-build-13\OpenAL.dll
0x00007ffdbf090000 - 0x00007ffdbf115000 	C:\Windows\System32\MMDevApi.dll
0x00007ffdbf120000 - 0x00007ffdbf2a2000 	C:\Windows\SYSTEM32\AUDIOSES.DLL
0x00007ffdc3630000 - 0x00007ffdc3644000 	C:\Windows\SYSTEM32\resourcepolicyclient.dll
0x00007ffd81390000 - 0x00007ffd813e9000 	C:\Users\Acer\AppData\Local\Temp\lwjglAcer\3.2.3-build-13\lwjgl_opengl.dll
0x0000000064a00000 - 0x0000000064d10000 	C:\Users\Acer\AppData\Local\Temp\imgui-java-natives_1687159055644\imgui-java64.dll
0x00007ffdc5450000 - 0x00007ffdc5468000 	C:\Windows\SYSTEM32\CRYPTSP.dll
0x00007ffdc4b80000 - 0x00007ffdc4bb4000 	C:\Windows\system32\rsaenh.dll
0x00007ffdc5470000 - 0x00007ffdc547c000 	C:\Windows\SYSTEM32\CRYPTBASE.dll
0x00007ffd79ee0000 - 0x00007ffd79f57000 	C:\Users\Acer\AppData\Local\Temp\lwjglAcer\3.2.3-build-13\lwjgl_stb.dll

dbghelp: loaded successfully - version: 4.0.5 - missing functions: none
symbol engine: initialized successfully - sym options: 0x614 - pdb path: .;C:\Program Files\JetBrains\IntelliJ IDEA Community Edition 2022.2.2\jbr\bin;C:\Windows\SYSTEM32;C:\Windows\WinSxS\amd64_microsoft.windows.common-controls_6595b64144ccf1df_6.0.19041.1110_none_60b5254171f9507e;C:\Program Files\JetBrains\IntelliJ IDEA Community Edition 2022.2.2\jbr\bin\server;C:\Users\Acer\AppData\Local\Temp\lwjglAcer\3.2.3-build-13;C:\Windows\System32\DriverStore\FileRepository\iigd_dch.inf_amd64_51f685305808e3a5;C:\Users\Acer\AppData\Local\Temp\imgui-java-natives_1687159055644

VM Arguments:
jvm_args: -Dfile.encoding=windows-1252 -Duser.country=US -Duser.language=en -Duser.variant 
java_command: Main
java_class_path (initial): C:\Users\Acer\Documents\GitHub\NiceEngine\NiceEngine\build\classes\java\main;C:\Users\Acer\Documents\GitHub\NiceEngine\NiceEngine\build\resources\main;C:\Users\Acer\Documents\GitHub\NiceEngine\NiceEngine\libs\jbox2d-library.jar;C:\Users\Acer\.gradle\caches\modules-2\files-2.1\com.google.code.gson\gson\2.8.6\9180733b7df8542621dc12e21e87557e8c99b8cb\gson-2.8.6.jar;C:\Users\Acer\.gradle\caches\modules-2\files-2.1\io.github.spair\imgui-java-app\1.81.0\37a0be053a63da53c3628b3d6186ccbd380f7106\imgui-java-app-1.81.0.jar;C:\Users\Acer\.gradle\caches\modules-2\files-2.1\io.github.spair\imgui-java-lwjgl3\1.81.0\6c92680fc6e9951532445ecc35b44f2d4cd82d76\imgui-java-lwjgl3-1.81.0.jar;C:\Users\Acer\.gradle\caches\modules-2\files-2.1\org.reflections\reflections\0.10.2\b638d7ca0e0fe0146b60a0e7ba232ad852a73b31\reflections-0.10.2.jar;C:\Users\Acer\.gradle\caches\modules-2\files-2.1\org.lwjgl\lwjgl-assimp\3.2.3\f62aa07a20afbdd3097efc296c4841e0d29700eb\lwjgl-assimp-3.2.3.jar;C:\Users\Acer\.gradle\caches\modules-2\files-2.1\org.lwjgl\lwjgl-assimp\3.2.3\4e60aeb75f0343c4a9ede4ef8b6b32ca702a00a3\lwjgl-assimp-3.2.3-natives-windows.jar;C:\Users\Acer\.gradle\caches\modules-2\files-2.1\org.lwjgl\lwjgl-glfw\3.2.3\5e520d5c290c8b012545a8d34fa5db5ab051ea53\lwjgl-glfw-3.2.3.jar;C:\Users\Acer\.gradle\caches\modules-2\files-2.1\org.lwjgl\lwjgl-glfw\3.2.3\b4d8a3477cdc2edcf7a5f1e822926be846223f54\lwjgl-glfw-3.2.3-natives-windows.jar;C:\Users\Acer\.gradle\caches\modules-2\files-2.1\org.lwjgl\lwjgl-glfw\3.2.3\62b044d9b0a057444bef2ab70b9afc288ec09dba\lwjgl-glfw-3.2.3-natives-linux.jar;C:\Users\Acer\.gradle\caches\modules-2\files-2.1\org.lwjgl\lwjgl-glfw\3.2.3\58661272eacb9116336c88b4aadccf1f17c09b\lwjgl-glfw-3.2.3-natives-macos.jar;C:\Users\Acer\.gradle\caches\modules-2\files-2.1\org.lwjgl\lwjgl-nfd\3.2.3\c44fee1043c022cf6614a28872d44cf114ca7737\lwjgl-nfd-3.2.3.jar;C:\Users\Acer\.gradle\caches\modules-2\files-2.1\org.lwjgl\lwjgl-nfd\3.2.3\32782f5f5c57769efb82af864e70b819c77bc89
Launcher Type: SUN_STANDARD

[Global flags]
     intx CICompilerCount                          = 3                                         {product} {ergonomic}
     uint ConcGCThreads                            = 1                                         {product} {ergonomic}
     uint G1ConcRefinementThreads                  = 4                                         {product} {ergonomic}
   size_t G1HeapRegionSize                         = 2097152                                   {product} {ergonomic}
    uintx GCDrainStackTargetSize                   = 64                                        {product} {ergonomic}
   size_t InitialHeapSize                          = 199229440                                 {product} {ergonomic}
   size_t MarkStackSize                            = 4194304                                   {product} {ergonomic}
   size_t MaxHeapSize                              = 3187671040                                {product} {ergonomic}
   size_t MaxNewSize                               = 1912602624                                {product} {ergonomic}
   size_t MinHeapDeltaBytes                        = 2097152                                   {product} {ergonomic}
   size_t MinHeapSize                              = 8388608                                   {product} {ergonomic}
    uintx NonNMethodCodeHeapSize                   = 5832780                                {pd product} {ergonomic}
    uintx NonProfiledCodeHeapSize                  = 122912730                              {pd product} {ergonomic}
    uintx ProfiledCodeHeapSize                     = 122912730                              {pd product} {ergonomic}
    uintx ReservedCodeCacheSize                    = 251658240                              {pd product} {ergonomic}
     bool SegmentedCodeCache                       = true                                      {product} {ergonomic}
   size_t SoftMaxHeapSize                          = 3187671040                             {manageable} {ergonomic}
     bool UseCompressedClassPointers               = true                           {product lp64_product} {ergonomic}
     bool UseCompressedOops                        = true                           {product lp64_product} {ergonomic}
     bool UseG1GC                                  = true                                      {product} {ergonomic}
     bool UseLargePagesIndividualAllocation        = false                                  {pd product} {ergonomic}

Logging:
Log output configuration:
 #0: stdout all=warning uptime,level,tags
 #1: stderr all=off uptime,level,tags

Environment Variables:
JAVA_HOME=C:\Program Files\Java\jdk-11.0.17
PATH=C:\Program Files\PlasticSCM5\server;C:\Program Files\PlasticSCM5\client;C:\Program Files\Common Files\Oracle\Java\javapath;C:\Windows\system32;C:\Windows;C:\Windows\System32\Wbem;C:\Windows\System32\WindowsPowerShell\v1.0\;C:\Windows\System32\OpenSSH\;C:\Program Files\Cloudflare\Cloudflare WARP\;C:\Program Files\Git\cmd;C:\Program Files\dotnet\;C:\Program Files\nodejs\;C:\Program Files\Git LFS;C:\Program Files\Unity\Hub\Editor\2021.3.13f1\Editor\Data\PlaybackEngines\AndroidPlayer\SDK\platform-tools;C:\Program Files\Maven\apache-maven-3.8.7\bin;C:\Program Files (x86)\dotnet\;C:\Users\Acer\AppData\Local\Microsoft\WindowsApps;C:\Users\Acer\AppData\Local\GitHubDesktop\bin;C:\Users\Acer\AppData\Local\Programs\Microsoft VS Code\bin;C:\Users\Acer\.dotnet\tools;C:\Users\Acer\AppData\Roaming\npm;C:\Users\Acer\AppData\Roaming\npm\node_modules\@angular\cli\bin;C:\Program Files\nodejs;C:\Program Files (x86)\Nmap;C:\Program Files\Unity\Hub\Editor\2021.3.13f1\Editor\Data\PlaybackEngines\AndroidPlayer\SDK\platform-tools;C:\Program Files\Java\gradle-7.6\bin;C:\Program Files\Java\jdk-11.0.17\bin;
USERNAME=Acer
OS=Windows_NT
PROCESSOR_IDENTIFIER=Intel64 Family 6 Model 142 Stepping 9, GenuineIntel
TMP=C:\Users\Acer\AppData\Local\Temp
TEMP=C:\Users\Acer\AppData\Local\Temp



---------------  S Y S T E M  ---------------

OS:
 Windows 10 , 64 bit Build 19041 (10.0.19041.3031)
OS uptime: 3 days 0:36 hours

CPU: total 4 (initial active 4) (2 cores per cpu, 2 threads per core) family 6 model 142 stepping 9 microcode 0xb4, cx8, cmov, fxsr, ht, mmx, 3dnowpref, sse, sse2, sse3, ssse3, sse4.1, sse4.2, popcnt, lzcnt, tsc, tscinvbit, avx, avx2, aes, erms, clmul, bmi1, bmi2, adx, fma, vzeroupper, clflush, clflushopt

Memory: 4k page, system-wide physical 12156M (3225M free)
TotalPageFile size 14012M (AvailPageFile size 4268M)
current process WorkingSet (physical memory assigned to process): 645M, peak: 645M
current process commit charge ("private bytes"): 623M, peak: 623M

vm_info: OpenJDK 64-Bit Server VM (17.0.4+7-b469.53) for windows-amd64 JRE (17.0.4+7-b469.53), built on 2022-08-29 by "builduser" with MS VC++ 16.10 / 16.11 (VS2019)

END.
