#
# A fatal error has been detected by the Java Runtime Environment:
#
#  EXCEPTION_ACCESS_VIOLATION (0xc0000005) at pc=0x0000000064ad1c31, pid=8432, tid=5492
#
# JRE version: OpenJDK Runtime Environment JBR-17.0.4+7-469.53-jcef (17.0.4+7) (build 17.0.4+7-b469.53)
# Java VM: OpenJDK 64-Bit Server VM JBR-17.0.4+7-469.53-jcef (17.0.4+7-b469.53, mixed mode, tiered, compressed oops, compressed class ptrs, g1 gc, windows-amd64)
# Problematic frame:
# C  [imgui-java64.dll+0xd1c31]
#
# No core dump will be written. Minidumps are not enabled by default on client versions of Windows
#
# If you would like to submit a bug report, please visit:
#   https://youtrack.jetbrains.com/issues/JBR
# The crash happened outside the Java Virtual Machine in native code.
# See problematic frame for where to report the bug.
#

---------------  S U M M A R Y ------------

Command Line: -Dfile.encoding=windows-1252 -Duser.country=US -Duser.language=en -Duser.variant Main

Host: Intel(R) Core(TM) i5-7200U CPU @ 2.50GHz, 4 cores, 11G,  Windows 10 , 64 bit Build 19041 (10.0.19041.2788)
Time: Sat Apr 15 13:37:54 2023 SE Asia Standard Time elapsed time: 1.719131 seconds (0d 0h 0m 1s)

---------------  T H R E A D  ---------------

Current thread (0x000001dbee1a3760):  JavaThread "main" [_thread_in_native, id=5492, stack(0x000000c7e5800000,0x000000c7e5900000)]

Stack: [0x000000c7e5800000,0x000000c7e5900000],  sp=0x000000c7e58ff370,  free space=1020k
Native frames: (J=compiled Java code, j=interpreted, Vv=VM code, C=native code)
C  [imgui-java64.dll+0xd1c31]

Java frames: (J=compiled Java code, j=interpreted, Vv=VM code)
j  imgui.ImGui.beginMenuBar()Z+0
J 664% c1 system.Window.init()V (631 bytes) @ 0x000001db806924f4 [0x000001db8068fbc0+0x0000000000002934]
j  system.Window.run()V+15
j  Main.main([Ljava/lang/String;)V+5
v  ~StubRoutines::call_stub

siginfo: EXCEPTION_ACCESS_VIOLATION (0xc0000005), reading address 0x00000000000000d4


Register to memory mapping:

RIP=0x0000000064ad1c31 imgui-java64.dll
RAX=0x000001dbfce260d0 points into unknown readable memory: 0x000001dbec1c0101 | 01 01 1c ec db 01 00 00
RBX=0x0 is NULL
RCX=0x000001dbee1a3a08 points into unknown readable memory: 0x000001dbfc3d6ef0 | f0 6e 3d fc db 01 00 00
RDX=0x000000c7e58ff458 is pointing into the stack for thread: 0x000001dbee1a3760
RSP=0x000000c7e58ff370 is pointing into the stack for thread: 0x000001dbee1a3760
RBP=0x000000c7e58ff448 is pointing into the stack for thread: 0x000001dbee1a3760
RSI=0x0000000064ce8088 imgui-java64.dll
RDI=0x000001db800094fe is at code_begin+1118 in an Interpreter codelet
return entry points  [0x000001db800090a0, 0x000001db80009ba0]  2816 bytes
R8 =0x0000000000000002 is an unknown value
R9 =0x0000000000000002 is an unknown value
R10=0x000001db8000d5f2 is at code_begin+946 in an Interpreter codelet
method entry point (kind = native)  [0x000001db8000d240, 0x000001db8000dbc0]  2432 bytes
R11=0x000000074ce11f48 is an oop: java.lang.Class 
{0x000000074ce11f48} - klass: 'java/lang/Class'
 - ---- fields (total size 23 words):
 - private volatile transient 'classRedefinedCount' 'I' @12  0
 - private volatile transient 'cachedConstructor' 'Ljava/lang/reflect/Constructor;' @40  NULL (0)
 - private transient 'name' 'Ljava/lang/String;' @44  "imgui.ImGui"{0x000000074ce12840} (e99c2508)
 - private transient 'module' 'Ljava/lang/Module;' @48  a 'java/lang/Module'{0x00000007420317e0} (e84062fc)
 - private final 'classLoader' 'Ljava/lang/ClassLoader;' @52  a 'jdk/internal/loader/ClassLoaders$AppClassLoader'{0x000000074202e200} (e8405c40)
 - private transient 'classData' 'Ljava/lang/Object;' @56  NULL (0)
 - private transient 'packageName' 'Ljava/lang/String;' @60  "imgui"{0x000000074ce0f870} (e99c1f0e)
 - private final 'componentType' 'Ljava/lang/Class;' @64  NULL (0)
 - private volatile transient 'reflectionData' 'Ljava/lang/ref/SoftReference;' @68  NULL (0)
 - private volatile transient 'genericInfo' 'Lsun/reflect/generics/repository/ClassRepository;' @72  NULL (0)
 - private volatile transient 'enumConstants' '[Ljava/lang/Object;' @76  NULL (0)
 - private volatile transient 'enumConstantDirectory' 'Ljava/util/Map;' @80  NULL (0)
 - private volatile transient 'annotationData' 'Ljava/lang/Class$AnnotationData;' @84  NULL (0)
 - private volatile transient 'annotationType' 'Lsun/reflect/annotation/AnnotationType;' @88  NULL (0)
 - transient 'classValueMap' 'Ljava/lang/ClassValue$ClassValueMap;' @92  NULL (0)
 - signature: Limgui/ImGui;
 - fake entry for mirror: 'imgui/ImGui'
 - fake entry for array: NULL
 - fake entry for oop_size: 23
 - fake entry for static_oop_field_count: 18
 - private static final 'LIB_PATH_PROP' 'Ljava/lang/String;' @112  "imgui.library.path"{0x000000074ce0ffc8} (e99c1ff9)
 - private static final 'LIB_NAME_PROP' 'Ljava/lang/String;' @116  "imgui.library.name"{0x000000074ce100c8} (e99c2019)
 - private static final 'LIB_NAME_DEFAULT' 'Ljava/lang/String;' @120  "imgui-java64"{0x000000074ce10048} (e99c2009)
 - private static final 'LIB_TMP_DIR_PREFIX' 'Ljava/lang/String;' @124  "imgui-java-natives_1681540674348"{0x000000074ce127f8} (e99c24ff)
 - private static final 'IMGUI_IO' 'Limgui/ImGuiIO;' @128  a 'imgui/ImGuiIO'{0x000000074ce02748} (e99c04e9)
 - private static final 'WINDOW_DRAW_LIST' 'Limgui/ImDrawList;' @132  a 'imgui/ImDrawList'{0x000000074ce127e0} (e99c24fc)
 - private static final 'BACKGROUND_DRAW_LIST' 'Limgui/ImDrawList;' @136  a 'imgui/ImDrawList'{0x000000074ce127c8} (e99c24f9)
 - private static final 'FOREGROUND_DRAW_LIST' 'Limgui/ImDrawList;' @140  a 'imgui/ImDrawList'{0x000000074ce127b0} (e99c24f6)
 - private static final 'IMGUI_STORAGE' 'Limgui/ImGuiStorage;' @144  a 'imgui/ImGuiStorage'{0x000000074ce12798} (e99c24f3)
 - private static final 'WINDOW_VIEWPORT' 'Limgui/ImGuiViewport;' @148  a 'imgui/ImGuiViewport'{0x000000074ce12780} (e99c24f0)
 - private static final 'FIND_VIEWPORT' 'Limgui/ImGuiViewport;' @152  a 'imgui/ImGuiViewport'{0x000000074ce12768} (e99c24ed)
 - private static 'drawData' 'Limgui/ImDrawData;' @156  NULL (0)
 - private static 'font' 'Limgui/ImFont;' @160  NULL (0)
 - private static 'style' 'Limgui/ImGuiStyle;' @164  NULL (0)
 - private static 'mainViewport' 'Limgui/ImGuiViewport;' @168  a 'imgui/ImGuiViewport'{0x000000074dc70770} (e9b8e0ee)
 - private static 'platformIO' 'Limgui/ImGuiPlatformIO;' @172  a 'imgui/ImGuiPlatformIO'{0x000000074dc5ef88} (e9b8bdf1)
 - private static 'objectPayloadRef' 'Ljava/lang/ref/WeakReference;' @176  NULL (0)
 - private static final 'OBJECT_PAYLOAD_PLACEHOLDER_DATA' '[B' @180  [B{0x000000074ce12750} (e99c24ea)
R12=0x0 is NULL
R13={method} {0x000001db94205e80} 'beginMenuBar' '()Z' in 'imgui/ImGui'
R14=0x000000c7e58ff460 is pointing into the stack for thread: 0x000001dbee1a3760
R15=0x000001dbee1a3760 is a thread


Registers:
RAX=0x000001dbfce260d0, RBX=0x0000000000000000, RCX=0x000001dbee1a3a08, RDX=0x000000c7e58ff458
RSP=0x000000c7e58ff370, RBP=0x000000c7e58ff448, RSI=0x0000000064ce8088, RDI=0x000001db800094fe
R8 =0x0000000000000002, R9 =0x0000000000000002, R10=0x000001db8000d5f2, R11=0x000000074ce11f48
R12=0x0000000000000000, R13=0x000001db94205e78, R14=0x000000c7e58ff460, R15=0x000001dbee1a3760
RIP=0x0000000064ad1c31, EFLAGS=0x0000000000010202

Top of Stack: (sp=0x000000c7e58ff370)
0x000000c7e58ff370:   0000000000000009 000001db95a57460
0x000000c7e58ff380:   000001dbee1a3760 000000074ce02e18
0x000000c7e58ff390:   000001db94205e78 000001dbee1a3760
0x000000c7e58ff3a0:   0000000000000000 0000000000000000
0x000000c7e58ff3b0:   0000000000000000 0000000000000000
0x000000c7e58ff3c0:   000001db800094fe 000001db94205e78
0x000000c7e58ff3d0:   000001db95a57460 000001db8000d621
0x000000c7e58ff3e0:   000001db806924ec 0000000000000000
0x000000c7e58ff3f0:   000000c7e58ff320 000001db8000d2f6
0x000000c7e58ff400:   000000c7e58ff400 000001db94205e78
0x000000c7e58ff410:   000000c7e58ff460 000001db94210fb0
0x000000c7e58ff420:   0000000000000000 000000074ce11f48
0x000000c7e58ff430:   000001db94205e78 0000000000000000
0x000000c7e58ff440:   000000c7e58ff470 000000c7e58ff708
0x000000c7e58ff450:   000001db806924f4 000000074ce11f48
0x000000c7e58ff460:   000001db8000af60 000001db806924f4 

Instructions: (pc=0x0000000064ad1c31)
0x0000000064ad1b31:   c0 f3 0f 10 41 18 0f 28 e1 f3 0f c2 e0 02 0f 54
0x0000000064ad1b41:   c4 0f 55 e1 f3 0f 10 49 1c 0f 56 c4 0f 28 e2 f3
0x0000000064ad1b51:   0f c2 e1 02 f3 0f 11 41 18 0f 54 cc 0f 55 e2 0f
0x0000000064ad1b61:   28 d3 0f 56 cc f3 0f 11 49 1c f3 0f 10 49 20 f3
0x0000000064ad1b71:   0f c2 d1 02 0f 54 ca 0f 55 d3 66 0f ef db 0f 56
0x0000000064ad1b81:   ca f3 0f 11 49 20 0f 28 cb 48 85 c0 74 39 0f 2f
0x0000000064ad1b91:   c3 0f 28 d3 76 04 f3 0f 10 11 f3 0f 58 c2 f3 0f
0x0000000064ad1ba1:   58 c8 f3 0f 11 49 08 48 83 f8 02 75 27 f3 0f 10
0x0000000064ad1bb1:   41 04 0f 28 d1 f3 0f c2 d0 02 0f 54 c2 0f 55 d1
0x0000000064ad1bc1:   0f 56 c2 c3 0f 1f 00 f3 0f 58 c3 f3 0f 58 c8 f3
0x0000000064ad1bd1:   0f 11 49 08 f3 0f 10 44 81 1c 48 83 c0 01 eb a9
0x0000000064ad1be1:   90 66 66 2e 0f 1f 84 00 00 00 00 00 0f 1f 00 f3
0x0000000064ad1bf1:   0f 5c 49 04 0f 28 c1 f3 0f c2 05 bf 7f 19 00 06
0x0000000064ad1c01:   0f 54 c1 c3 66 66 2e 0f 1f 84 00 00 00 00 00 56
0x0000000064ad1c11:   53 48 83 ec 58 0f 29 74 24 30 0f 29 7c 24 40 48
0x0000000064ad1c21:   8b 35 f9 9b 1c 00 48 8b 06 48 8b 98 e8 1b 00 00
0x0000000064ad1c31:   0f b6 83 d4 00 00 00 c6 83 d1 00 00 00 01 84 c0
0x0000000064ad1c41:   0f 85 39 02 00 00 f6 43 0d 04 0f 84 1c 02 00 00
0x0000000064ad1c51:   80 bb 9e 01 00 00 00 0f 85 2a 02 00 00 e8 ed 78
0x0000000064ad1c61:   f4 ff 48 8d 0d ca 71 19 00 66 0f ef f6 e8 5d 4c
0x0000000064ad1c71:   f4 ff 8b 43 0c f3 0f 10 4b 54 48 8b 16 a8 01 75
0x0000000064ad1c81:   3c 48 8b 8b d0 03 00 00 f3 0f 10 b3 f0 02 00 00
0x0000000064ad1c91:   f3 0f 59 b2 84 1a 00 00 f3 0f 59 b3 f4 02 00 00
0x0000000064ad1ca1:   48 85 c9 74 08 f3 0f 59 b1 f0 02 00 00 f3 0f 10
0x0000000064ad1cb1:   82 74 16 00 00 f3 0f 58 c0 f3 0f 58 f0 f3 0f 58
0x0000000064ad1cc1:   f1 66 0f ef c9 f6 c4 04 74 48 48 8b 83 d0 03 00
0x0000000064ad1cd1:   00 f3 0f 10 83 f0 02 00 00 f3 0f 59 82 84 1a 00
0x0000000064ad1ce1:   00 f3 0f 10 93 a4 01 00 00 f3 0f 59 83 f4 02 00
0x0000000064ad1cf1:   00 48 85 c0 74 08 f3 0f 59 80 f0 02 00 00 f3 0f
0x0000000064ad1d01:   10 8a 74 16 00 00 f3 0f 58 c2 f3 0f 58 c9 f3 0f
0x0000000064ad1d11:   58 c8 f3 0f 58 ce f3 0f 10 7b 50 66 0f ef ed 45
0x0000000064ad1d21:   31 c0 f3 0f 10 43 60 48 8d 54 24 28 48 8d 4c 24 


Stack slot to memory mapping:
stack at sp + 0 slots: 0x0000000000000009 is an unknown value
stack at sp + 1 slots: 0x000001db95a57460 points into unknown readable memory: 0x00ffffff00ffffff | ff ff ff 00 ff ff ff 00
stack at sp + 2 slots: 0x000001dbee1a3760 is a thread
stack at sp + 3 slots: 0x000000074ce02e18 is an oop: imgui.gl3.ImGuiImplGl3 
{0x000000074ce02e18} - klass: 'imgui/gl3/ImGuiImplGl3'
 - ---- fields (total size 18 words):
 - private 'glVersion' 'I' @12  460 (1cc)
 - private 'gFontTexture' 'I' @16  4
 - private 'gShaderHandle' 'I' @20  3
 - private 'gVertHandle' 'I' @24  1
 - private 'gFragHandle' 'I' @28  2
 - private 'gAttribLocationTex' 'I' @32  1
 - private 'gAttribLocationProjMtx' 'I' @36  0
 - private 'gAttribLocationVtxPos' 'I' @40  2
 - private 'gAttribLocationVtxUV' 'I' @44  0
 - private 'gAttribLocationVtxColor' 'I' @48  1
 - private 'gVboHandle' 'I' @52  1
 - private 'gElementsHandle' 'I' @56  2
 - private 'gVertexArrayObjectHandle' 'I' @60  0
 - private 'lastEnableBlend' 'Z' @64  false
 - private 'lastEnableCullFace' 'Z' @65  false
 - private 'lastEnableDepthTest' 'Z' @66  false
 - private 'lastEnableScissorTest' 'Z' @67  false
 - private 'glslVersion' 'Ljava/lang/String;' @68  "#version 330 core"{0x000000074dc78310} (e9b8f062)
 - private final 'displaySize' 'Limgui/ImVec2;' @72  a 'imgui/ImVec2'{0x000000074ce02ea8} (e99c05d5)
 - private final 'framebufferScale' 'Limgui/ImVec2;' @76  a 'imgui/ImVec2'{0x000000074ce02ec0} (e99c05d8)
 - private final 'displayPos' 'Limgui/ImVec2;' @80  a 'imgui/ImVec2'{0x000000074ce02ed8} (e99c05db)
 - private final 'clipRect' 'Limgui/ImVec4;' @84  a 'imgui/ImVec4'{0x000000074ce02ef0} (e99c05de)
 - private final 'orthoProjMatrix' '[F' @88  [F{0x000000074ce02f10} (e99c05e2)
 - private final 'lastActiveTexture' '[I' @92  [I{0x000000074ce02f60} (e99c05ec)
 - private final 'lastProgram' '[I' @96  [I{0x000000074ce02f78} (e99c05ef)
 - private final 'lastTexture' '[I' @100  [I{0x000000074ce02f90} (e99c05f2)
 - private final 'lastArrayBuffer' '[I' @104  [I{0x000000074ce02fa8} (e99c05f5)
 - private final 'lastVertexArrayObject' '[I' @108  [I{0x000000074ce02fc0} (e99c05f8)
 - private final 'lastViewport' '[I' @112  [I{0x000000074ce02fd8} (e99c05fb)
 - private final 'lastScissorBox' '[I' @116  [I{0x000000074ce02ff8} (e99c05ff)
 - private final 'lastBlendSrcRgb' '[I' @120  [I{0x000000074ce03018} (e99c0603)
 - private final 'lastBlendDstRgb' '[I' @124  [I{0x000000074ce03030} (e99c0606)
 - private final 'lastBlendSrcAlpha' '[I' @128  [I{0x000000074ce03048} (e99c0609)
 - private final 'lastBlendDstAlpha' '[I' @132  [I{0x000000074ce03060} (e99c060c)
 - private final 'lastBlendEquationRgb' '[I' @136  [I{0x000000074ce03078} (e99c060f)
 - private final 'lastBlendEquationAlpha' '[I' @140  [I{0x000000074ce03090} (e99c0612)
stack at sp + 4 slots: {method} {0x000001db94205e80} 'beginMenuBar' '()Z' in 'imgui/ImGui'
stack at sp + 5 slots: 0x000001dbee1a3760 is a thread
stack at sp + 6 slots: 0x0 is NULL
stack at sp + 7 slots: 0x0 is NULL


---------------  P R O C E S S  ---------------

Threads class SMR info:
_java_thread_list=0x000001dbfc190bc0, length=13, elements={
0x000001dbee1a3760, 0x000001dbfb813260, 0x000001dbfb8140d0, 0x000001dbfaf08a00,
0x000001dbfaf0a5c0, 0x000001dbfaf0d720, 0x000001dbfb8498e0, 0x000001dbfb84a4d0,
0x000001dbfb84af70, 0x000001dbfb867cd0, 0x000001dbfb9af9b0, 0x000001dbfb9c3010,
0x000001dbfc3d8d70
}

Java Threads: ( => current thread )
=>0x000001dbee1a3760 JavaThread "main" [_thread_in_native, id=5492, stack(0x000000c7e5800000,0x000000c7e5900000)]
  0x000001dbfb813260 JavaThread "Reference Handler" daemon [_thread_blocked, id=8588, stack(0x000000c7e6000000,0x000000c7e6100000)]
  0x000001dbfb8140d0 JavaThread "Finalizer" daemon [_thread_blocked, id=18936, stack(0x000000c7e6100000,0x000000c7e6200000)]
  0x000001dbfaf08a00 JavaThread "Signal Dispatcher" daemon [_thread_blocked, id=2888, stack(0x000000c7e6300000,0x000000c7e6400000)]
  0x000001dbfaf0a5c0 JavaThread "Attach Listener" daemon [_thread_blocked, id=7556, stack(0x000000c7e6400000,0x000000c7e6500000)]
  0x000001dbfaf0d720 JavaThread "Service Thread" daemon [_thread_blocked, id=10720, stack(0x000000c7e6500000,0x000000c7e6600000)]
  0x000001dbfb8498e0 JavaThread "Monitor Deflation Thread" daemon [_thread_blocked, id=2344, stack(0x000000c7e6600000,0x000000c7e6700000)]
  0x000001dbfb84a4d0 JavaThread "C2 CompilerThread0" daemon [_thread_blocked, id=18372, stack(0x000000c7e6700000,0x000000c7e6800000)]
  0x000001dbfb84af70 JavaThread "C1 CompilerThread0" daemon [_thread_blocked, id=7780, stack(0x000000c7e6800000,0x000000c7e6900000)]
  0x000001dbfb867cd0 JavaThread "Sweeper thread" daemon [_thread_blocked, id=5476, stack(0x000000c7e6900000,0x000000c7e6a00000)]
  0x000001dbfb9af9b0 JavaThread "Notification Thread" daemon [_thread_blocked, id=5288, stack(0x000000c7e6a00000,0x000000c7e6b00000)]
  0x000001dbfb9c3010 JavaThread "Common-Cleaner" daemon [_thread_blocked, id=17132, stack(0x000000c7e6c00000,0x000000c7e6d00000)]
  0x000001dbfc3d8d70 JavaThread "Java2D Disposer" daemon [_thread_blocked, id=8900, stack(0x000000c7e7300000,0x000000c7e7400000)]

Other Threads:
  0x000001dbfaef2e40 VMThread "VM Thread" [stack: 0x000000c7e5f00000,0x000000c7e6000000] [id=8460]
  0x000001dbfb9b16a0 WatcherThread [stack: 0x000000c7e6b00000,0x000000c7e6c00000] [id=17144]
  0x000001dbee1fbbb0 GCTaskThread "GC Thread#0" [stack: 0x000000c7e5a00000,0x000000c7e5b00000] [id=4908]
  0x000001dbfbd90e80 GCTaskThread "GC Thread#1" [stack: 0x000000c7e7500000,0x000000c7e7600000] [id=2224]
  0x000001dbfc403d40 GCTaskThread "GC Thread#2" [stack: 0x000000c7e7600000,0x000000c7e7700000] [id=13756]
  0x000001dbfc403ff0 GCTaskThread "GC Thread#3" [stack: 0x000000c7e7700000,0x000000c7e7800000] [id=10216]
  0x000001dbee2088f0 ConcurrentGCThread "G1 Main Marker" [stack: 0x000000c7e5b00000,0x000000c7e5c00000] [id=9408]
  0x000001dbee209aa0 ConcurrentGCThread "G1 Conc#0" [stack: 0x000000c7e5c00000,0x000000c7e5d00000] [id=236]
  0x000001dbee26d440 ConcurrentGCThread "G1 Refine#0" [stack: 0x000000c7e5d00000,0x000000c7e5e00000] [id=8476]
  0x000001dbee26de60 ConcurrentGCThread "G1 Service" [stack: 0x000000c7e5e00000,0x000000c7e5f00000] [id=9136]

Threads with active compile tasks:

VM state: not at safepoint (normal execution)

VM Mutex/Monitor currently owned by a thread: None

Heap address: 0x0000000742000000, size: 3040 MB, Compressed Oops mode: Zero based, Oop shift amount: 3

CDS archive(s) not mapped
Compressed class space mapped at: 0x0000000800000000-0x0000000840000000, reserved size: 1073741824
Narrow klass base: 0x0000000800000000, Narrow klass shift: 0, Narrow klass range: 0x40000000

GC Precious Log:
 CPUs: 4 total, 4 available
 Memory: 12156M
 Large Page Support: Disabled
 NUMA Support: Disabled
 Compressed Oops: Enabled (Zero based)
 Heap Region Size: 2M
 Heap Min Capacity: 8M
 Heap Initial Capacity: 190M
 Heap Max Capacity: 3040M
 Pre-touch: Disabled
 Parallel Workers: 4
 Concurrent Workers: 1
 Concurrent Refinement Workers: 4
 Periodic GC: Disabled

Heap:
 garbage-first heap   total 194560K, used 2244K [0x0000000742000000, 0x0000000800000000)
  region size 2048K, 2 young (4096K), 1 survivors (2048K)
 Metaspace       used 14712K, committed 14976K, reserved 1064960K
  class space    used 1089K, committed 1216K, reserved 1048576K

Heap Regions: E=young(eden), S=young(survivor), O=old, HS=humongous(starts), HC=humongous(continues), CS=collection set, F=free, OA=open archive, CA=closed archive, TAMS=top-at-mark-start (previous, next)
|   0|0x0000000742000000, 0x000000074216c600, 0x0000000742200000| 71%| O|  |TAMS 0x0000000742000000, 0x0000000742000000| Untracked 
|   1|0x0000000742200000, 0x0000000742200000, 0x0000000742400000|  0%| F|  |TAMS 0x0000000742200000, 0x0000000742200000| Untracked 
|   2|0x0000000742400000, 0x0000000742400000, 0x0000000742600000|  0%| F|  |TAMS 0x0000000742400000, 0x0000000742400000| Untracked 
|   3|0x0000000742600000, 0x0000000742600000, 0x0000000742800000|  0%| F|  |TAMS 0x0000000742600000, 0x0000000742600000| Untracked 
|   4|0x0000000742800000, 0x0000000742800000, 0x0000000742a00000|  0%| F|  |TAMS 0x0000000742800000, 0x0000000742800000| Untracked 
|   5|0x0000000742a00000, 0x0000000742a00000, 0x0000000742c00000|  0%| F|  |TAMS 0x0000000742a00000, 0x0000000742a00000| Untracked 
|   6|0x0000000742c00000, 0x0000000742c00000, 0x0000000742e00000|  0%| F|  |TAMS 0x0000000742c00000, 0x0000000742c00000| Untracked 
|   7|0x0000000742e00000, 0x0000000742e00000, 0x0000000743000000|  0%| F|  |TAMS 0x0000000742e00000, 0x0000000742e00000| Untracked 
|   8|0x0000000743000000, 0x0000000743000000, 0x0000000743200000|  0%| F|  |TAMS 0x0000000743000000, 0x0000000743000000| Untracked 
|   9|0x0000000743200000, 0x0000000743200000, 0x0000000743400000|  0%| F|  |TAMS 0x0000000743200000, 0x0000000743200000| Untracked 
|  10|0x0000000743400000, 0x0000000743400000, 0x0000000743600000|  0%| F|  |TAMS 0x0000000743400000, 0x0000000743400000| Untracked 
|  11|0x0000000743600000, 0x0000000743600000, 0x0000000743800000|  0%| F|  |TAMS 0x0000000743600000, 0x0000000743600000| Untracked 
|  12|0x0000000743800000, 0x0000000743800000, 0x0000000743a00000|  0%| F|  |TAMS 0x0000000743800000, 0x0000000743800000| Untracked 
|  13|0x0000000743a00000, 0x0000000743a00000, 0x0000000743c00000|  0%| F|  |TAMS 0x0000000743a00000, 0x0000000743a00000| Untracked 
|  14|0x0000000743c00000, 0x0000000743c00000, 0x0000000743e00000|  0%| F|  |TAMS 0x0000000743c00000, 0x0000000743c00000| Untracked 
|  15|0x0000000743e00000, 0x0000000743e00000, 0x0000000744000000|  0%| F|  |TAMS 0x0000000743e00000, 0x0000000743e00000| Untracked 
|  16|0x0000000744000000, 0x0000000744000000, 0x0000000744200000|  0%| F|  |TAMS 0x0000000744000000, 0x0000000744000000| Untracked 
|  17|0x0000000744200000, 0x0000000744200000, 0x0000000744400000|  0%| F|  |TAMS 0x0000000744200000, 0x0000000744200000| Untracked 
|  18|0x0000000744400000, 0x0000000744400000, 0x0000000744600000|  0%| F|  |TAMS 0x0000000744400000, 0x0000000744400000| Untracked 
|  19|0x0000000744600000, 0x0000000744600000, 0x0000000744800000|  0%| F|  |TAMS 0x0000000744600000, 0x0000000744600000| Untracked 
|  20|0x0000000744800000, 0x0000000744800000, 0x0000000744a00000|  0%| F|  |TAMS 0x0000000744800000, 0x0000000744800000| Untracked 
|  21|0x0000000744a00000, 0x0000000744a00000, 0x0000000744c00000|  0%| F|  |TAMS 0x0000000744a00000, 0x0000000744a00000| Untracked 
|  22|0x0000000744c00000, 0x0000000744c00000, 0x0000000744e00000|  0%| F|  |TAMS 0x0000000744c00000, 0x0000000744c00000| Untracked 
|  23|0x0000000744e00000, 0x0000000744e00000, 0x0000000745000000|  0%| F|  |TAMS 0x0000000744e00000, 0x0000000744e00000| Untracked 
|  24|0x0000000745000000, 0x0000000745000000, 0x0000000745200000|  0%| F|  |TAMS 0x0000000745000000, 0x0000000745000000| Untracked 
|  25|0x0000000745200000, 0x0000000745200000, 0x0000000745400000|  0%| F|  |TAMS 0x0000000745200000, 0x0000000745200000| Untracked 
|  26|0x0000000745400000, 0x0000000745400000, 0x0000000745600000|  0%| F|  |TAMS 0x0000000745400000, 0x0000000745400000| Untracked 
|  27|0x0000000745600000, 0x0000000745600000, 0x0000000745800000|  0%| F|  |TAMS 0x0000000745600000, 0x0000000745600000| Untracked 
|  28|0x0000000745800000, 0x0000000745800000, 0x0000000745a00000|  0%| F|  |TAMS 0x0000000745800000, 0x0000000745800000| Untracked 
|  29|0x0000000745a00000, 0x0000000745a00000, 0x0000000745c00000|  0%| F|  |TAMS 0x0000000745a00000, 0x0000000745a00000| Untracked 
|  30|0x0000000745c00000, 0x0000000745c00000, 0x0000000745e00000|  0%| F|  |TAMS 0x0000000745c00000, 0x0000000745c00000| Untracked 
|  31|0x0000000745e00000, 0x0000000745e00000, 0x0000000746000000|  0%| F|  |TAMS 0x0000000745e00000, 0x0000000745e00000| Untracked 
|  32|0x0000000746000000, 0x0000000746000000, 0x0000000746200000|  0%| F|  |TAMS 0x0000000746000000, 0x0000000746000000| Untracked 
|  33|0x0000000746200000, 0x0000000746200000, 0x0000000746400000|  0%| F|  |TAMS 0x0000000746200000, 0x0000000746200000| Untracked 
|  34|0x0000000746400000, 0x0000000746400000, 0x0000000746600000|  0%| F|  |TAMS 0x0000000746400000, 0x0000000746400000| Untracked 
|  35|0x0000000746600000, 0x0000000746600000, 0x0000000746800000|  0%| F|  |TAMS 0x0000000746600000, 0x0000000746600000| Untracked 
|  36|0x0000000746800000, 0x0000000746800000, 0x0000000746a00000|  0%| F|  |TAMS 0x0000000746800000, 0x0000000746800000| Untracked 
|  37|0x0000000746a00000, 0x0000000746a00000, 0x0000000746c00000|  0%| F|  |TAMS 0x0000000746a00000, 0x0000000746a00000| Untracked 
|  38|0x0000000746c00000, 0x0000000746c00000, 0x0000000746e00000|  0%| F|  |TAMS 0x0000000746c00000, 0x0000000746c00000| Untracked 
|  39|0x0000000746e00000, 0x0000000746e00000, 0x0000000747000000|  0%| F|  |TAMS 0x0000000746e00000, 0x0000000746e00000| Untracked 
|  40|0x0000000747000000, 0x0000000747000000, 0x0000000747200000|  0%| F|  |TAMS 0x0000000747000000, 0x0000000747000000| Untracked 
|  41|0x0000000747200000, 0x0000000747200000, 0x0000000747400000|  0%| F|  |TAMS 0x0000000747200000, 0x0000000747200000| Untracked 
|  42|0x0000000747400000, 0x0000000747400000, 0x0000000747600000|  0%| F|  |TAMS 0x0000000747400000, 0x0000000747400000| Untracked 
|  43|0x0000000747600000, 0x0000000747600000, 0x0000000747800000|  0%| F|  |TAMS 0x0000000747600000, 0x0000000747600000| Untracked 
|  44|0x0000000747800000, 0x0000000747800000, 0x0000000747a00000|  0%| F|  |TAMS 0x0000000747800000, 0x0000000747800000| Untracked 
|  45|0x0000000747a00000, 0x0000000747a00000, 0x0000000747c00000|  0%| F|  |TAMS 0x0000000747a00000, 0x0000000747a00000| Untracked 
|  46|0x0000000747c00000, 0x0000000747c00000, 0x0000000747e00000|  0%| F|  |TAMS 0x0000000747c00000, 0x0000000747c00000| Untracked 
|  47|0x0000000747e00000, 0x0000000747e00000, 0x0000000748000000|  0%| F|  |TAMS 0x0000000747e00000, 0x0000000747e00000| Untracked 
|  48|0x0000000748000000, 0x0000000748000000, 0x0000000748200000|  0%| F|  |TAMS 0x0000000748000000, 0x0000000748000000| Untracked 
|  49|0x0000000748200000, 0x0000000748200000, 0x0000000748400000|  0%| F|  |TAMS 0x0000000748200000, 0x0000000748200000| Untracked 
|  50|0x0000000748400000, 0x0000000748400000, 0x0000000748600000|  0%| F|  |TAMS 0x0000000748400000, 0x0000000748400000| Untracked 
|  51|0x0000000748600000, 0x0000000748600000, 0x0000000748800000|  0%| F|  |TAMS 0x0000000748600000, 0x0000000748600000| Untracked 
|  52|0x0000000748800000, 0x0000000748800000, 0x0000000748a00000|  0%| F|  |TAMS 0x0000000748800000, 0x0000000748800000| Untracked 
|  53|0x0000000748a00000, 0x0000000748a00000, 0x0000000748c00000|  0%| F|  |TAMS 0x0000000748a00000, 0x0000000748a00000| Untracked 
|  54|0x0000000748c00000, 0x0000000748c00000, 0x0000000748e00000|  0%| F|  |TAMS 0x0000000748c00000, 0x0000000748c00000| Untracked 
|  55|0x0000000748e00000, 0x0000000748e00000, 0x0000000749000000|  0%| F|  |TAMS 0x0000000748e00000, 0x0000000748e00000| Untracked 
|  56|0x0000000749000000, 0x0000000749000000, 0x0000000749200000|  0%| F|  |TAMS 0x0000000749000000, 0x0000000749000000| Untracked 
|  57|0x0000000749200000, 0x0000000749200000, 0x0000000749400000|  0%| F|  |TAMS 0x0000000749200000, 0x0000000749200000| Untracked 
|  58|0x0000000749400000, 0x0000000749400000, 0x0000000749600000|  0%| F|  |TAMS 0x0000000749400000, 0x0000000749400000| Untracked 
|  59|0x0000000749600000, 0x0000000749600000, 0x0000000749800000|  0%| F|  |TAMS 0x0000000749600000, 0x0000000749600000| Untracked 
|  60|0x0000000749800000, 0x0000000749800000, 0x0000000749a00000|  0%| F|  |TAMS 0x0000000749800000, 0x0000000749800000| Untracked 
|  61|0x0000000749a00000, 0x0000000749a00000, 0x0000000749c00000|  0%| F|  |TAMS 0x0000000749a00000, 0x0000000749a00000| Untracked 
|  62|0x0000000749c00000, 0x0000000749c00000, 0x0000000749e00000|  0%| F|  |TAMS 0x0000000749c00000, 0x0000000749c00000| Untracked 
|  63|0x0000000749e00000, 0x0000000749e00000, 0x000000074a000000|  0%| F|  |TAMS 0x0000000749e00000, 0x0000000749e00000| Untracked 
|  64|0x000000074a000000, 0x000000074a000000, 0x000000074a200000|  0%| F|  |TAMS 0x000000074a000000, 0x000000074a000000| Untracked 
|  65|0x000000074a200000, 0x000000074a200000, 0x000000074a400000|  0%| F|  |TAMS 0x000000074a200000, 0x000000074a200000| Untracked 
|  66|0x000000074a400000, 0x000000074a400000, 0x000000074a600000|  0%| F|  |TAMS 0x000000074a400000, 0x000000074a400000| Untracked 
|  67|0x000000074a600000, 0x000000074a600000, 0x000000074a800000|  0%| F|  |TAMS 0x000000074a600000, 0x000000074a600000| Untracked 
|  68|0x000000074a800000, 0x000000074a800000, 0x000000074aa00000|  0%| F|  |TAMS 0x000000074a800000, 0x000000074a800000| Untracked 
|  69|0x000000074aa00000, 0x000000074aa00000, 0x000000074ac00000|  0%| F|  |TAMS 0x000000074aa00000, 0x000000074aa00000| Untracked 
|  70|0x000000074ac00000, 0x000000074ac00000, 0x000000074ae00000|  0%| F|  |TAMS 0x000000074ac00000, 0x000000074ac00000| Untracked 
|  71|0x000000074ae00000, 0x000000074ae00000, 0x000000074b000000|  0%| F|  |TAMS 0x000000074ae00000, 0x000000074ae00000| Untracked 
|  72|0x000000074b000000, 0x000000074b000000, 0x000000074b200000|  0%| F|  |TAMS 0x000000074b000000, 0x000000074b000000| Untracked 
|  73|0x000000074b200000, 0x000000074b200000, 0x000000074b400000|  0%| F|  |TAMS 0x000000074b200000, 0x000000074b200000| Untracked 
|  74|0x000000074b400000, 0x000000074b400000, 0x000000074b600000|  0%| F|  |TAMS 0x000000074b400000, 0x000000074b400000| Untracked 
|  75|0x000000074b600000, 0x000000074b600000, 0x000000074b800000|  0%| F|  |TAMS 0x000000074b600000, 0x000000074b600000| Untracked 
|  76|0x000000074b800000, 0x000000074b800000, 0x000000074ba00000|  0%| F|  |TAMS 0x000000074b800000, 0x000000074b800000| Untracked 
|  77|0x000000074ba00000, 0x000000074ba00000, 0x000000074bc00000|  0%| F|  |TAMS 0x000000074ba00000, 0x000000074ba00000| Untracked 
|  78|0x000000074bc00000, 0x000000074bc00000, 0x000000074be00000|  0%| F|  |TAMS 0x000000074bc00000, 0x000000074bc00000| Untracked 
|  79|0x000000074be00000, 0x000000074be00000, 0x000000074c000000|  0%| F|  |TAMS 0x000000074be00000, 0x000000074be00000| Untracked 
|  80|0x000000074c000000, 0x000000074c000000, 0x000000074c200000|  0%| F|  |TAMS 0x000000074c000000, 0x000000074c000000| Untracked 
|  81|0x000000074c200000, 0x000000074c200000, 0x000000074c400000|  0%| F|  |TAMS 0x000000074c200000, 0x000000074c200000| Untracked 
|  82|0x000000074c400000, 0x000000074c400000, 0x000000074c600000|  0%| F|  |TAMS 0x000000074c400000, 0x000000074c400000| Untracked 
|  83|0x000000074c600000, 0x000000074c600000, 0x000000074c800000|  0%| F|  |TAMS 0x000000074c600000, 0x000000074c600000| Untracked 
|  84|0x000000074c800000, 0x000000074c800000, 0x000000074ca00000|  0%| F|  |TAMS 0x000000074c800000, 0x000000074c800000| Untracked 
|  85|0x000000074ca00000, 0x000000074ca00000, 0x000000074cc00000|  0%| F|  |TAMS 0x000000074ca00000, 0x000000074ca00000| Untracked 
|  86|0x000000074cc00000, 0x000000074cc00000, 0x000000074ce00000|  0%| F|  |TAMS 0x000000074cc00000, 0x000000074cc00000| Untracked 
|  87|0x000000074ce00000, 0x000000074cec4be0, 0x000000074d000000| 38%| S|CS|TAMS 0x000000074ce00000, 0x000000074ce00000| Complete 
|  88|0x000000074d000000, 0x000000074d000000, 0x000000074d200000|  0%| F|  |TAMS 0x000000074d000000, 0x000000074d000000| Untracked 
|  89|0x000000074d200000, 0x000000074d200000, 0x000000074d400000|  0%| F|  |TAMS 0x000000074d200000, 0x000000074d200000| Untracked 
|  90|0x000000074d400000, 0x000000074d400000, 0x000000074d600000|  0%| F|  |TAMS 0x000000074d400000, 0x000000074d400000| Untracked 
|  91|0x000000074d600000, 0x000000074d600000, 0x000000074d800000|  0%| F|  |TAMS 0x000000074d600000, 0x000000074d600000| Untracked 
|  92|0x000000074d800000, 0x000000074d800000, 0x000000074da00000|  0%| F|  |TAMS 0x000000074d800000, 0x000000074d800000| Untracked 
|  93|0x000000074da00000, 0x000000074da00000, 0x000000074dc00000|  0%| F|  |TAMS 0x000000074da00000, 0x000000074da00000| Untracked 
|  94|0x000000074dc00000, 0x000000074dcf1488, 0x000000074de00000| 47%| E|  |TAMS 0x000000074dc00000, 0x000000074dc00000| Complete 

Card table byte_map: [0x000001dbf1ef0000,0x000001dbf24e0000] _byte_map_base: 0x000001dbee4e0000

Marking Bits (Prev, Next): (CMBitMap*) 0x000001dbee1fc1c0, (CMBitMap*) 0x000001dbee1fc200
 Prev Bits: [0x000001dbf2ad0000, 0x000001dbf5a50000)
 Next Bits: [0x000001dbf5a50000, 0x000001dbf89d0000)

Polling page: 0x000001dbec0e0000

Metaspace:

Usage:
  Non-class:     13.30 MB used.
      Class:      1.06 MB used.
       Both:     14.37 MB used.

Virtual space:
  Non-class space:       16.00 MB reserved,      13.44 MB ( 84%) committed,  2 nodes.
      Class space:        1.00 GB reserved,       1.19 MB ( <1%) committed,  1 nodes.
             Both:        1.02 GB reserved,      14.62 MB (  1%) committed. 

Chunk freelists:
   Non-Class:  1.73 MB
       Class:  2.85 MB
        Both:  4.59 MB

MaxMetaspaceSize: unlimited
CompressedClassSpaceSize: 1.00 GB
Initial GC threshold: 21.00 MB
Current GC threshold: 21.00 MB
CDS: off
MetaspaceReclaimPolicy: balanced
 - commit_granule_bytes: 65536.
 - commit_granule_words: 8192.
 - virtual_space_node_default_size: 1048576.
 - enlarge_chunks_in_place: 1.
 - new_chunks_are_fully_committed: 0.
 - uncommit_free_chunks: 1.
 - use_allocation_guard: 0.
 - handle_deallocations: 1.


Internal statistics:

num_allocs_failed_limit: 0.
num_arena_births: 128.
num_arena_deaths: 0.
num_vsnodes_births: 3.
num_vsnodes_deaths: 0.
num_space_committed: 232.
num_space_uncommitted: 0.
num_chunks_returned_to_freelist: 0.
num_chunks_taken_from_freelist: 344.
num_chunk_merges: 0.
num_chunk_splits: 236.
num_chunks_enlarged: 176.
num_purges: 0.
num_inconsistent_stats: 0.

CodeHeap 'non-profiled nmethods': size=120000Kb used=322Kb max_used=322Kb free=119677Kb
 bounds [0x000001db87ad0000, 0x000001db87d40000, 0x000001db8f000000]
CodeHeap 'profiled nmethods': size=120000Kb used=1724Kb max_used=1724Kb free=118275Kb
 bounds [0x000001db805a0000, 0x000001db80810000, 0x000001db87ad0000]
CodeHeap 'non-nmethods': size=5760Kb used=1713Kb max_used=1738Kb free=4046Kb
 bounds [0x000001db80000000, 0x000001db80270000, 0x000001db805a0000]
 total_blobs=2166 nmethods=988 adapters=1091
 compilation: enabled
              stopped_count=0, restarted_count=0
 full_count=0

Compilation events (20 events):
Event: 1.580 Thread 0x000001dbfb84af70  981       3       java.lang.invoke.LambdaForm::uncustomize (57 bytes)
Event: 1.581 Thread 0x000001dbfb84af70 nmethod 981 0x000001db8074ae90 code [0x000001db8074b040, 0x000001db8074b368]
Event: 1.581 Thread 0x000001dbfb84af70  980       3       java.lang.String::<init> (14 bytes)
Event: 1.582 Thread 0x000001dbfb84af70 nmethod 980 0x000001db8074b490 code [0x000001db8074b640, 0x000001db8074b858]
Event: 1.583 Thread 0x000001dbfb84af70  982       3       java.util.zip.ZipFile$ZipFileInputStream::<init> (96 bytes)
Event: 1.584 Thread 0x000001dbfb84af70 nmethod 982 0x000001db8074b990 code [0x000001db8074bbc0, 0x000001db8074c628]
Event: 1.584 Thread 0x000001dbfb84af70  983       3       java.util.zip.ZipUtils::CENOFF (9 bytes)
Event: 1.585 Thread 0x000001dbfb84af70 nmethod 983 0x000001db8074ca90 code [0x000001db8074cc40, 0x000001db8074cf18]
Event: 1.585 Thread 0x000001dbfb84af70  984       3       java.util.zip.ZipFile$ZipFileInflaterInputStream::<init> (14 bytes)
Event: 1.585 Thread 0x000001dbfb84af70 nmethod 984 0x000001db8074d090 code [0x000001db8074d240, 0x000001db8074d3f8]
Event: 1.585 Thread 0x000001dbfb84af70  985   !   3       java.util.zip.ZipFile$CleanableResource::getInflater (47 bytes)
Event: 1.586 Thread 0x000001dbfb84af70 nmethod 985 0x000001db8074d510 code [0x000001db8074d6e0, 0x000001db8074dbf8]
Event: 1.586 Thread 0x000001dbfb84af70  986       3       java.util.ArrayDeque::poll (5 bytes)
Event: 1.586 Thread 0x000001dbfb84af70 nmethod 986 0x000001db8074dd90 code [0x000001db8074df40, 0x000001db8074e088]
Event: 1.586 Thread 0x000001dbfb84af70  987       3       java.util.zip.ZipFile$InflaterCleanupAction::run (12 bytes)
Event: 1.586 Thread 0x000001dbfb84af70 nmethod 987 0x000001db8074e110 code [0x000001db8074e2c0, 0x000001db8074e428]
Event: 1.615 Thread 0x000001dbfb84a4d0 nmethod 954 0x000001db87b1dc90 code [0x000001db87b1df20, 0x000001db87b1f810]
Event: 1.615 Thread 0x000001dbfb84a4d0  968   !   4       jdk.internal.loader.URLClassPath$JarLoader::ensureOpen (36 bytes)
Event: 1.618 Thread 0x000001dbfb84a4d0 nmethod 968 0x000001db87b20690 code [0x000001db87b20840, 0x000001db87b209d8]
Event: 1.644 Thread 0x000001dbfb84af70  988       3       java.util.concurrent.ConcurrentHashMap::values (25 bytes)

GC Heap History (4 events):
Event: 0.800 GC heap before
{Heap before GC invocations=0 (full 0):
 garbage-first heap   total 194560K, used 12288K [0x0000000742000000, 0x0000000800000000)
  region size 2048K, 6 young (12288K), 0 survivors (0K)
 Metaspace       used 10531K, committed 10752K, reserved 1064960K
  class space    used 910K, committed 1024K, reserved 1048576K
}
Event: 0.803 GC heap after
{Heap after GC invocations=1 (full 0):
 garbage-first heap   total 194560K, used 2232K [0x0000000742000000, 0x0000000800000000)
  region size 2048K, 1 young (2048K), 1 survivors (2048K)
 Metaspace       used 10531K, committed 10752K, reserved 1064960K
  class space    used 910K, committed 1024K, reserved 1048576K
}
Event: 1.558 GC heap before
{Heap before GC invocations=1 (full 0):
 garbage-first heap   total 194560K, used 12472K [0x0000000742000000, 0x0000000800000000)
  region size 2048K, 7 young (14336K), 1 survivors (2048K)
 Metaspace       used 14607K, committed 14912K, reserved 1064960K
  class space    used 1074K, committed 1216K, reserved 1048576K
}
Event: 1.562 GC heap after
{Heap after GC invocations=2 (full 0):
 garbage-first heap   total 194560K, used 2244K [0x0000000742000000, 0x0000000800000000)
  region size 2048K, 1 young (2048K), 1 survivors (2048K)
 Metaspace       used 14607K, committed 14912K, reserved 1064960K
  class space    used 1074K, committed 1216K, reserved 1048576K
}

Deoptimization events (20 events):
Event: 0.758 Thread 0x000001dbee1a3760 DEOPT PACKING pc=0x000001db806769d8 sp=0x000000c7e58fee40
Event: 0.758 Thread 0x000001dbee1a3760 DEOPT UNPACKING pc=0x000001db80052b43 sp=0x000000c7e58fe348 mode 0
Event: 0.758 Thread 0x000001dbee1a3760 DEOPT PACKING pc=0x000001db806741db sp=0x000000c7e58ff0c0
Event: 0.758 Thread 0x000001dbee1a3760 DEOPT UNPACKING pc=0x000001db80052b43 sp=0x000000c7e58fe580 mode 0
Event: 0.758 Thread 0x000001dbee1a3760 DEOPT PACKING pc=0x000001db806741db sp=0x000000c7e58ff0c0
Event: 0.758 Thread 0x000001dbee1a3760 DEOPT UNPACKING pc=0x000001db80052b43 sp=0x000000c7e58fe580 mode 0
Event: 0.759 Thread 0x000001dbee1a3760 DEOPT PACKING pc=0x000001db806741db sp=0x000000c7e58ff0c0
Event: 0.759 Thread 0x000001dbee1a3760 DEOPT UNPACKING pc=0x000001db80052b43 sp=0x000000c7e58fe580 mode 0
Event: 0.759 Thread 0x000001dbee1a3760 DEOPT PACKING pc=0x000001db806769d8 sp=0x000000c7e58fee40
Event: 0.759 Thread 0x000001dbee1a3760 DEOPT UNPACKING pc=0x000001db80052b43 sp=0x000000c7e58fe348 mode 0
Event: 0.759 Thread 0x000001dbee1a3760 DEOPT PACKING pc=0x000001db806741db sp=0x000000c7e58ff0c0
Event: 0.759 Thread 0x000001dbee1a3760 DEOPT UNPACKING pc=0x000001db80052b43 sp=0x000000c7e58fe580 mode 0
Event: 0.759 Thread 0x000001dbee1a3760 DEOPT PACKING pc=0x000001db806741db sp=0x000000c7e58ff0c0
Event: 0.759 Thread 0x000001dbee1a3760 DEOPT UNPACKING pc=0x000001db80052b43 sp=0x000000c7e58fe580 mode 0
Event: 1.090 Thread 0x000001dbee1a3760 DEOPT PACKING pc=0x000001db805d6865 sp=0x000000c7e58fded0
Event: 1.090 Thread 0x000001dbee1a3760 DEOPT UNPACKING pc=0x000001db80052b43 sp=0x000000c7e58fd320 mode 0
Event: 1.427 Thread 0x000001dbee1a3760 Uncommon trap: trap_request=0xffffff5c fr.pc=0x000001db87b0f2dc relative=0x000000000000005c
Event: 1.427 Thread 0x000001dbee1a3760 Uncommon trap: reason=speculate_null_check action=make_not_entrant pc=0x000001db87b0f2dc method=sun.misc.Unsafe.putLong(Ljava/lang/Object;JJ)V @ 7 c2
Event: 1.427 Thread 0x000001dbee1a3760 DEOPT PACKING pc=0x000001db87b0f2dc sp=0x000000c7e58ff170
Event: 1.427 Thread 0x000001dbee1a3760 DEOPT UNPACKING pc=0x000001db800523a3 sp=0x000000c7e58ff0e8 mode 2

Classes unloaded (0 events):
No events

Classes redefined (0 events):
No events

Internal exceptions (20 events):
Event: 0.355 Thread 0x000001dbee1a3760 Exception <a 'java/lang/NoSuchMethodError'{0x000000074dbe05a0}: 'int java.lang.invoke.DirectMethodHandle$Holder.invokeSpecial(java.lang.Object, java.lang.Object, java.lang.Object)'> (0x000000074dbe05a0) 
thrown [s\src\hotspot\share\interpreter\linkResolver.cpp, line 771]
Event: 0.388 Thread 0x000001dbee1a3760 Exception <a 'sun/nio/fs/WindowsException'{0x000000074d83cf30}> (0x000000074d83cf30) 
thrown [s\src\hotspot\share\prims\jni.cpp, line 517]
Event: 0.388 Thread 0x000001dbee1a3760 Exception <a 'sun/nio/fs/WindowsException'{0x000000074d83d480}> (0x000000074d83d480) 
thrown [s\src\hotspot\share\prims\jni.cpp, line 517]
Event: 0.451 Thread 0x000001dbee1a3760 Exception <a 'sun/nio/fs/WindowsException'{0x000000074d9353d8}> (0x000000074d9353d8) 
thrown [s\src\hotspot\share\prims\jni.cpp, line 517]
Event: 0.451 Thread 0x000001dbee1a3760 Exception <a 'sun/nio/fs/WindowsException'{0x000000074d935738}> (0x000000074d935738) 
thrown [s\src\hotspot\share\prims\jni.cpp, line 517]
Event: 0.614 Thread 0x000001dbee1a3760 Exception <a 'java/lang/ClassNotFoundException'{0x000000074d990b18}: sun/awt/resources/spi/awtProvider> (0x000000074d990b18) 
thrown [s\src\hotspot\share\classfile\systemDictionary.cpp, line 256]
Event: 0.629 Thread 0x000001dbee1a3760 Exception <a 'java/io/FileNotFoundException'{0x000000074d9cc498}> (0x000000074d9cc498) 
thrown [s\src\hotspot\share\prims\jni.cpp, line 517]
Event: 0.638 Thread 0x000001dbee1a3760 Exception <a 'java/io/FileNotFoundException'{0x000000074d9f9610}> (0x000000074d9f9610) 
thrown [s\src\hotspot\share\prims\jni.cpp, line 517]
Event: 0.842 Thread 0x000001dbee1a3760 Exception <a 'java/lang/NoSuchMethodError'{0x000000074da166c8}: 'void java.lang.invoke.DirectMethodHandle$Holder.invokeStaticInit(java.lang.Object, long, double, double)'> (0x000000074da166c8) 
thrown [s\src\hotspot\share\interpreter\linkResolver.cpp, line 771]
Event: 0.850 Thread 0x000001dbee1a3760 Exception <a 'java/lang/NoSuchMethodError'{0x000000074da26238}: 'void java.lang.invoke.DirectMethodHandle$Holder.invokeStaticInit(java.lang.Object, long, int, int, int)'> (0x000000074da26238) 
thrown [s\src\hotspot\share\interpreter\linkResolver.cpp, line 771]
Event: 0.858 Thread 0x000001dbee1a3760 Exception <a 'java/lang/NoSuchMethodError'{0x000000074da3ff48}: 'void java.lang.invoke.DirectMethodHandle$Holder.invokeStaticInit(java.lang.Object, long, int, int, int, int)'> (0x000000074da3ff48) 
thrown [s\src\hotspot\share\interpreter\linkResolver.cpp, line 771]
Event: 0.861 Thread 0x000001dbee1a3760 Exception <a 'java/lang/NoSuchMethodError'{0x000000074da4c360}: 'void java.lang.invoke.DirectMethodHandle$Holder.invokeStatic(java.lang.Object, long, int, int)'> (0x000000074da4c360) 
thrown [s\src\hotspot\share\interpreter\linkResolver.cpp, line 771]
Event: 0.903 Thread 0x000001dbee1a3760 Exception <a 'sun/nio/fs/WindowsException'{0x000000074da80528}> (0x000000074da80528) 
thrown [s\src\hotspot\share\prims\jni.cpp, line 517]
Event: 0.903 Thread 0x000001dbee1a3760 Exception <a 'sun/nio/fs/WindowsException'{0x000000074da808a8}> (0x000000074da808a8) 
thrown [s\src\hotspot\share\prims\jni.cpp, line 517]
Event: 1.132 Thread 0x000001dbee1a3760 Exception <a 'sun/nio/fs/WindowsException'{0x000000074db82be0}> (0x000000074db82be0) 
thrown [s\src\hotspot\share\prims\jni.cpp, line 517]
Event: 1.132 Thread 0x000001dbee1a3760 Exception <a 'sun/nio/fs/WindowsException'{0x000000074db82f80}> (0x000000074db82f80) 
thrown [s\src\hotspot\share\prims\jni.cpp, line 517]
Event: 1.135 Thread 0x000001dbee1a3760 Exception <a 'sun/nio/fs/WindowsException'{0x000000074db8b608}> (0x000000074db8b608) 
thrown [s\src\hotspot\share\prims\jni.cpp, line 517]
Event: 1.135 Thread 0x000001dbee1a3760 Exception <a 'sun/nio/fs/WindowsException'{0x000000074db8b8d8}> (0x000000074db8b8d8) 
thrown [s\src\hotspot\share\prims\jni.cpp, line 517]
Event: 1.459 Thread 0x000001dbee1a3760 Exception <a 'sun/nio/fs/WindowsException'{0x000000074d3ae850}> (0x000000074d3ae850) 
thrown [s\src\hotspot\share\prims\jni.cpp, line 517]
Event: 1.579 Thread 0x000001dbee1a3760 Exception <a 'java/lang/NoSuchMethodError'{0x000000074dc667d0}: 'void java.lang.invoke.DirectMethodHandle$Holder.invokeVirtual(java.lang.Object, java.lang.Object, long, int)'> (0x000000074dc667d0) 
thrown [s\src\hotspot\share\interpreter\linkResolver.cpp, line 771]

VM Operations (10 events):
Event: 0.224 Executing VM operation: HandshakeAllThreads
Event: 0.224 Executing VM operation: HandshakeAllThreads done
Event: 0.596 Executing VM operation: HandshakeAllThreads
Event: 0.596 Executing VM operation: HandshakeAllThreads done
Event: 0.800 Executing VM operation: G1CollectForAllocation
Event: 0.803 Executing VM operation: G1CollectForAllocation done
Event: 1.116 Executing VM operation: HandshakeAllThreads
Event: 1.116 Executing VM operation: HandshakeAllThreads done
Event: 1.558 Executing VM operation: G1CollectForAllocation
Event: 1.562 Executing VM operation: G1CollectForAllocation done

Events (20 events):
Event: 0.769 Thread 0x000001dbfc3b0d00 Thread added: 0x000001dbfc3b0d00
Event: 1.088 loading class java/util/StringTokenizer
Event: 1.088 loading class java/util/StringTokenizer done
Event: 1.089 Thread 0x000001dbfc3b0d00 Thread exited: 0x000001dbfc3b0d00
Event: 1.100 loading class java/util/regex/Pattern$StartS
Event: 1.100 loading class java/util/regex/Pattern$StartS done
Event: 1.100 loading class java/util/regex/ASCII
Event: 1.100 loading class java/util/regex/ASCII done
Event: 1.116 loading class java/util/LinkedHashSet
Event: 1.116 loading class java/util/LinkedHashSet done
Event: 1.117 loading class jdk/internal/reflect/UnsafeQualifiedLongFieldAccessorImpl
Event: 1.117 loading class jdk/internal/reflect/UnsafeQualifiedFieldAccessorImpl
Event: 1.117 loading class jdk/internal/reflect/UnsafeQualifiedFieldAccessorImpl done
Event: 1.117 loading class jdk/internal/reflect/UnsafeQualifiedLongFieldAccessorImpl done
Event: 1.134 Loaded shared library C:\Users\Acer\AppData\Local\Temp\lwjglAcer\3.2.3-build-13\lwjgl_opengl.dll
Event: 1.456 loading class java/io/UncheckedIOException
Event: 1.456 loading class java/io/UncheckedIOException done
Event: 1.458 loading class java/nio/file/StandardCopyOption
Event: 1.458 loading class java/nio/file/StandardCopyOption done
Event: 1.545 Loaded shared library C:\Users\Acer\AppData\Local\Temp\imgui-java-natives_1681540674348\imgui-java64.dll


Dynamic libraries:
0x00007ff790ea0000 - 0x00007ff790eaa000 	C:\Program Files\JetBrains\IntelliJ IDEA Community Edition 2022.2.2\jbr\bin\java.exe
0x00007ffecd510000 - 0x00007ffecd708000 	C:\Windows\SYSTEM32\ntdll.dll
0x00007ffecbb10000 - 0x00007ffecbbcf000 	C:\Windows\System32\KERNEL32.DLL
0x00007ffecac20000 - 0x00007ffecaefa000 	C:\Windows\System32\KERNELBASE.dll
0x00007ffecafb0000 - 0x00007ffecb0b0000 	C:\Windows\System32\ucrtbase.dll
0x00007ffea96d0000 - 0x00007ffea96e7000 	C:\Program Files\JetBrains\IntelliJ IDEA Community Edition 2022.2.2\jbr\bin\jli.dll
0x00007ffecd210000 - 0x00007ffecd3ad000 	C:\Windows\System32\USER32.dll
0x00007ffecb280000 - 0x00007ffecb2a2000 	C:\Windows\System32\win32u.dll
0x00007ffecc120000 - 0x00007ffecc14b000 	C:\Windows\System32\GDI32.dll
0x00007ffecb0e0000 - 0x00007ffecb1f0000 	C:\Windows\System32\gdi32full.dll
0x00007ffecb2b0000 - 0x00007ffecb34d000 	C:\Windows\System32\msvcp_win.dll
0x00007ffebb8a0000 - 0x00007ffebb8bb000 	C:\Program Files\JetBrains\IntelliJ IDEA Community Edition 2022.2.2\jbr\bin\VCRUNTIME140.dll
0x00007ffebbd50000 - 0x00007ffebbfea000 	C:\Windows\WinSxS\amd64_microsoft.windows.common-controls_6595b64144ccf1df_6.0.19041.1110_none_60b5254171f9507e\COMCTL32.dll
0x00007ffecd0a0000 - 0x00007ffecd13e000 	C:\Windows\System32\msvcrt.dll
0x00007ffecc480000 - 0x00007ffecc4b0000 	C:\Windows\System32\IMM32.DLL
0x00007ffec3830000 - 0x00007ffec383c000 	C:\Program Files\JetBrains\IntelliJ IDEA Community Edition 2022.2.2\jbr\bin\vcruntime140_1.dll
0x00007ffea6800000 - 0x00007ffea688d000 	C:\Program Files\JetBrains\IntelliJ IDEA Community Edition 2022.2.2\jbr\bin\msvcp140.dll
0x00007ffe86d80000 - 0x00007ffe879e9000 	C:\Program Files\JetBrains\IntelliJ IDEA Community Edition 2022.2.2\jbr\bin\server\jvm.dll
0x00007ffeccff0000 - 0x00007ffecd09e000 	C:\Windows\System32\ADVAPI32.dll
0x00007ffecc230000 - 0x00007ffecc2cc000 	C:\Windows\System32\sechost.dll
0x00007ffecb910000 - 0x00007ffecba36000 	C:\Windows\System32\RPCRT4.dll
0x00007ffecc4b0000 - 0x00007ffecc4b8000 	C:\Windows\System32\PSAPI.DLL
0x00007ffebccd0000 - 0x00007ffebccd9000 	C:\Windows\SYSTEM32\WSOCK32.dll
0x00007ffecba40000 - 0x00007ffecbaab000 	C:\Windows\System32\WS2_32.dll
0x00007ffea7860000 - 0x00007ffea7887000 	C:\Windows\SYSTEM32\WINMM.dll
0x00007ffec5d40000 - 0x00007ffec5d4a000 	C:\Windows\SYSTEM32\VERSION.dll
0x00007ffec8a00000 - 0x00007ffec8a12000 	C:\Windows\SYSTEM32\kernel.appcore.dll
0x00007ffebb4b0000 - 0x00007ffebb4ba000 	C:\Program Files\JetBrains\IntelliJ IDEA Community Edition 2022.2.2\jbr\bin\jimage.dll
0x00007ffec41d0000 - 0x00007ffec43b4000 	C:\Windows\SYSTEM32\DBGHELP.DLL
0x00007ffec3de0000 - 0x00007ffec3e14000 	C:\Windows\SYSTEM32\dbgcore.DLL
0x00007ffecb1f0000 - 0x00007ffecb272000 	C:\Windows\System32\bcryptPrimitives.dll
0x00007ffea95c0000 - 0x00007ffea95e5000 	C:\Program Files\JetBrains\IntelliJ IDEA Community Edition 2022.2.2\jbr\bin\java.dll
0x00007ffea95a0000 - 0x00007ffea95b8000 	C:\Program Files\JetBrains\IntelliJ IDEA Community Edition 2022.2.2\jbr\bin\zip.dll
0x00007ffecc540000 - 0x00007ffeccc84000 	C:\Windows\System32\SHELL32.dll
0x00007ffec8ce0000 - 0x00007ffec9473000 	C:\Windows\SYSTEM32\windows.storage.dll
0x00007ffeccc90000 - 0x00007ffeccfe4000 	C:\Windows\System32\combase.dll
0x00007ffeca5a0000 - 0x00007ffeca5ce000 	C:\Windows\SYSTEM32\Wldp.dll
0x00007ffecb570000 - 0x00007ffecb61d000 	C:\Windows\System32\SHCORE.dll
0x00007ffecc4c0000 - 0x00007ffecc515000 	C:\Windows\System32\shlwapi.dll
0x00007ffecab60000 - 0x00007ffecab7f000 	C:\Windows\SYSTEM32\profapi.dll
0x00007ffea9580000 - 0x00007ffea9599000 	C:\Program Files\JetBrains\IntelliJ IDEA Community Edition 2022.2.2\jbr\bin\net.dll
0x00007ffec2690000 - 0x00007ffec279a000 	C:\Windows\SYSTEM32\WINHTTP.dll
0x00007ffeca300000 - 0x00007ffeca36a000 	C:\Windows\system32\mswsock.dll
0x00007ffea66f0000 - 0x00007ffea6706000 	C:\Program Files\JetBrains\IntelliJ IDEA Community Edition 2022.2.2\jbr\bin\nio.dll
0x00007ffeba190000 - 0x00007ffeba1f4000 	C:\Users\Acer\AppData\Local\Temp\lwjglAcer\3.2.3-build-13\lwjgl.dll
0x00007ffeba120000 - 0x00007ffeba182000 	C:\Users\Acer\AppData\Local\Temp\lwjglAcer\3.2.3-build-13\glfw.dll
0x00007ffec8610000 - 0x00007ffec86ae000 	C:\Windows\system32\uxtheme.dll
0x00007ffe9a3a0000 - 0x00007ffe9a3e5000 	C:\Windows\SYSTEM32\dinput8.dll
0x00007ffec2c60000 - 0x00007ffec2c71000 	C:\Windows\SYSTEM32\xinput1_4.dll
0x00007ffecb350000 - 0x00007ffecb39e000 	C:\Windows\System32\cfgmgr32.dll
0x00007ffeca8f0000 - 0x00007ffeca91c000 	C:\Windows\SYSTEM32\DEVOBJ.dll
0x00007ffec89d0000 - 0x00007ffec89ff000 	C:\Windows\SYSTEM32\dwmapi.dll
0x00007ffec5b70000 - 0x00007ffec5cc2000 	C:\Windows\SYSTEM32\inputhost.dll
0x00007ffecd140000 - 0x00007ffecd20d000 	C:\Windows\System32\OLEAUT32.dll
0x00007ffec82f0000 - 0x00007ffec83e2000 	C:\Windows\SYSTEM32\CoreMessaging.dll
0x00007ffec7880000 - 0x00007ffec79d4000 	C:\Windows\SYSTEM32\wintypes.dll
0x00007ffec7f90000 - 0x00007ffec82ee000 	C:\Windows\SYSTEM32\CoreUIComponents.dll
0x00007ffec65b0000 - 0x00007ffec66a6000 	C:\Windows\SYSTEM32\PROPSYS.dll
0x00007ffec9d40000 - 0x00007ffec9d73000 	C:\Windows\SYSTEM32\ntmarta.dll
0x00007ffecd3b0000 - 0x00007ffecd4c4000 	C:\Windows\System32\MSCTF.dll
0x00007ffec9480000 - 0x00007ffec948d000 	C:\Windows\SYSTEM32\HID.DLL
0x00007ffecbbd0000 - 0x00007ffecc038000 	C:\Windows\System32\SETUPAPI.DLL
0x00007ffecb0b0000 - 0x00007ffecb0d7000 	C:\Windows\System32\bcrypt.dll
0x00007ffecb500000 - 0x00007ffecb567000 	C:\Windows\System32\WINTRUST.dll
0x00007ffecb3a0000 - 0x00007ffecb4f6000 	C:\Windows\System32\CRYPT32.dll
0x00007ffeca730000 - 0x00007ffeca742000 	C:\Windows\SYSTEM32\MSASN1.dll
0x00007ffeb2a80000 - 0x00007ffeb2ba5000 	C:\Windows\SYSTEM32\opengl32.dll
0x00007ffebc370000 - 0x00007ffebc39c000 	C:\Windows\SYSTEM32\GLU32.dll
0x00007ffecb750000 - 0x00007ffecb7f9000 	C:\Windows\System32\clbcatq.dll
0x00007ffe80900000 - 0x00007ffe819a5000 	C:\Windows\System32\DriverStore\FileRepository\iigd_dch.inf_amd64_51f685305808e3a5\ig9icd64.dll
0x00007ffecb620000 - 0x00007ffecb74a000 	C:\Windows\System32\ole32.dll
0x00007ffec94e0000 - 0x00007ffec95d3000 	C:\Windows\system32\dxgi.dll
0x00007ffe9a270000 - 0x00007ffe9a39c000 	C:\Windows\System32\DriverStore\FileRepository\iigd_dch.inf_amd64_51f685305808e3a5\igdml64.dll
0x00007ffeb6f00000 - 0x00007ffeb7309000 	C:\Windows\System32\DriverStore\FileRepository\iigd_dch.inf_amd64_51f685305808e3a5\igdgmm64.dll
0x00007ffeb2fe0000 - 0x00007ffeb6774000 	C:\Windows\System32\DriverStore\FileRepository\iigd_dch.inf_amd64_51f685305808e3a5\igc64.dll
0x00007ffecaa90000 - 0x00007ffecaadb000 	C:\Windows\SYSTEM32\powrprof.dll
0x00007ffecaa70000 - 0x00007ffecaa82000 	C:\Windows\SYSTEM32\UMPDC.dll
0x00007ffe89cd0000 - 0x00007ffe89e63000 	C:\Program Files\JetBrains\IntelliJ IDEA Community Edition 2022.2.2\jbr\bin\awt.dll
0x00007ffec8540000 - 0x00007ffec85d0000 	C:\Windows\SYSTEM32\apphelp.dll
0x00007ffec66b0000 - 0x00007ffec675e000 	C:\Windows\SYSTEM32\mscms.dll
0x00007ffecab20000 - 0x00007ffecab4e000 	C:\Windows\SYSTEM32\USERENV.dll
0x00007ffec64d0000 - 0x00007ffec64e1000 	C:\Windows\SYSTEM32\ColorAdapterClient.dll
0x00007ffe9a220000 - 0x00007ffe9a263000 	C:\Windows\SYSTEM32\icm32.dll
0x00007ffebae30000 - 0x00007ffebaf29000 	C:\Windows\SYSTEM32\textinputframework.dll
0x00007ffe888e0000 - 0x00007ffe889eb000 	C:\Users\Acer\AppData\Local\Temp\lwjglAcer\3.2.3-build-13\OpenAL.dll
0x00007ffec4140000 - 0x00007ffec41c5000 	C:\Windows\System32\MMDevApi.dll
0x00007ffec43d0000 - 0x00007ffec4552000 	C:\Windows\SYSTEM32\AUDIOSES.DLL
0x00007ffec86b0000 - 0x00007ffec86c4000 	C:\Windows\SYSTEM32\resourcepolicyclient.dll
0x00007ffe994a0000 - 0x00007ffe994f9000 	C:\Users\Acer\AppData\Local\Temp\lwjglAcer\3.2.3-build-13\lwjgl_opengl.dll
0x0000000064a00000 - 0x0000000064d10000 	C:\Users\Acer\AppData\Local\Temp\imgui-java-natives_1681540674348\imgui-java64.dll
0x00007ffeca500000 - 0x00007ffeca518000 	C:\Windows\SYSTEM32\CRYPTSP.dll
0x00007ffec9c20000 - 0x00007ffec9c54000 	C:\Windows\system32\rsaenh.dll
0x00007ffeca4f0000 - 0x00007ffeca4fc000 	C:\Windows\SYSTEM32\CRYPTBASE.dll

dbghelp: loaded successfully - version: 4.0.5 - missing functions: none
symbol engine: initialized successfully - sym options: 0x614 - pdb path: .;C:\Program Files\JetBrains\IntelliJ IDEA Community Edition 2022.2.2\jbr\bin;C:\Windows\SYSTEM32;C:\Windows\WinSxS\amd64_microsoft.windows.common-controls_6595b64144ccf1df_6.0.19041.1110_none_60b5254171f9507e;C:\Program Files\JetBrains\IntelliJ IDEA Community Edition 2022.2.2\jbr\bin\server;C:\Users\Acer\AppData\Local\Temp\lwjglAcer\3.2.3-build-13;C:\Windows\System32\DriverStore\FileRepository\iigd_dch.inf_amd64_51f685305808e3a5;C:\Users\Acer\AppData\Local\Temp\imgui-java-natives_1681540674348

VM Arguments:
jvm_args: -Dfile.encoding=windows-1252 -Duser.country=US -Duser.language=en -Duser.variant 
java_command: Main
java_class_path (initial): C:\Users\Acer\Documents\GitHub\NiceEngine\NiceEngine\build\classes\java\main;C:\Users\Acer\Documents\GitHub\NiceEngine\NiceEngine\build\resources\main;C:\Users\Acer\Documents\GitHub\NiceEngine\NiceEngine\libs\jbox2d-library.jar;C:\Users\Acer\.gradle\caches\modules-2\files-2.1\com.google.code.gson\gson\2.8.6\9180733b7df8542621dc12e21e87557e8c99b8cb\gson-2.8.6.jar;C:\Users\Acer\.gradle\caches\modules-2\files-2.1\io.github.spair\imgui-java-app\1.81.0\37a0be053a63da53c3628b3d6186ccbd380f7106\imgui-java-app-1.81.0.jar;C:\Users\Acer\.gradle\caches\modules-2\files-2.1\io.github.spair\imgui-java-lwjgl3\1.81.0\6c92680fc6e9951532445ecc35b44f2d4cd82d76\imgui-java-lwjgl3-1.81.0.jar;C:\Users\Acer\.gradle\caches\modules-2\files-2.1\org.reflections\reflections\0.10.2\b638d7ca0e0fe0146b60a0e7ba232ad852a73b31\reflections-0.10.2.jar;C:\Users\Acer\.gradle\caches\modules-2\files-2.1\org.lwjgl\lwjgl-assimp\3.2.3\f62aa07a20afbdd3097efc296c4841e0d29700eb\lwjgl-assimp-3.2.3.jar;C:\Users\Acer\.gradle\caches\modules-2\files-2.1\org.lwjgl\lwjgl-assimp\3.2.3\4e60aeb75f0343c4a9ede4ef8b6b32ca702a00a3\lwjgl-assimp-3.2.3-natives-windows.jar;C:\Users\Acer\.gradle\caches\modules-2\files-2.1\org.lwjgl\lwjgl-glfw\3.2.3\5e520d5c290c8b012545a8d34fa5db5ab051ea53\lwjgl-glfw-3.2.3.jar;C:\Users\Acer\.gradle\caches\modules-2\files-2.1\org.lwjgl\lwjgl-glfw\3.2.3\b4d8a3477cdc2edcf7a5f1e822926be846223f54\lwjgl-glfw-3.2.3-natives-windows.jar;C:\Users\Acer\.gradle\caches\modules-2\files-2.1\org.lwjgl\lwjgl-glfw\3.2.3\62b044d9b0a057444bef2ab70b9afc288ec09dba\lwjgl-glfw-3.2.3-natives-linux.jar;C:\Users\Acer\.gradle\caches\modules-2\files-2.1\org.lwjgl\lwjgl-glfw\3.2.3\58661272eacb9116336c88b4aadccf1f17c09b\lwjgl-glfw-3.2.3-natives-macos.jar;C:\Users\Acer\.gradle\caches\modules-2\files-2.1\org.lwjgl\lwjgl-nfd\3.2.3\c44fee1043c022cf6614a28872d44cf114ca7737\lwjgl-nfd-3.2.3.jar;C:\Users\Acer\.gradle\caches\modules-2\files-2.1\org.lwjgl\lwjgl-nfd\3.2.3\32782f5f5c57769efb82af864e70b819c77bc89
Launcher Type: SUN_STANDARD

[Global flags]
     intx CICompilerCount                          = 3                                         {product} {ergonomic}
     uint ConcGCThreads                            = 1                                         {product} {ergonomic}
     uint G1ConcRefinementThreads                  = 4                                         {product} {ergonomic}
   size_t G1HeapRegionSize                         = 2097152                                   {product} {ergonomic}
    uintx GCDrainStackTargetSize                   = 64                                        {product} {ergonomic}
   size_t InitialHeapSize                          = 199229440                                 {product} {ergonomic}
   size_t MarkStackSize                            = 4194304                                   {product} {ergonomic}
   size_t MaxHeapSize                              = 3187671040                                {product} {ergonomic}
   size_t MaxNewSize                               = 1912602624                                {product} {ergonomic}
   size_t MinHeapDeltaBytes                        = 2097152                                   {product} {ergonomic}
   size_t MinHeapSize                              = 8388608                                   {product} {ergonomic}
    uintx NonNMethodCodeHeapSize                   = 5832780                                {pd product} {ergonomic}
    uintx NonProfiledCodeHeapSize                  = 122912730                              {pd product} {ergonomic}
    uintx ProfiledCodeHeapSize                     = 122912730                              {pd product} {ergonomic}
    uintx ReservedCodeCacheSize                    = 251658240                              {pd product} {ergonomic}
     bool SegmentedCodeCache                       = true                                      {product} {ergonomic}
   size_t SoftMaxHeapSize                          = 3187671040                             {manageable} {ergonomic}
     bool UseCompressedClassPointers               = true                           {product lp64_product} {ergonomic}
     bool UseCompressedOops                        = true                           {product lp64_product} {ergonomic}
     bool UseG1GC                                  = true                                      {product} {ergonomic}
     bool UseLargePagesIndividualAllocation        = false                                  {pd product} {ergonomic}

Logging:
Log output configuration:
 #0: stdout all=warning uptime,level,tags
 #1: stderr all=off uptime,level,tags

Environment Variables:
JAVA_HOME=C:\Program Files\Java\jdk-11.0.17
PATH=C:\Program Files\PlasticSCM5\server;C:\Program Files\PlasticSCM5\client;C:\Program Files\Common Files\Oracle\Java\javapath;C:\Windows\system32;C:\Windows;C:\Windows\System32\Wbem;C:\Windows\System32\WindowsPowerShell\v1.0\;C:\Windows\System32\OpenSSH\;C:\Program Files\Cloudflare\Cloudflare WARP\;C:\Program Files\Git\cmd;C:\Program Files\dotnet\;C:\Program Files\nodejs\;C:\Program Files\Git LFS;C:\Program Files\Unity\Hub\Editor\2021.3.13f1\Editor\Data\PlaybackEngines\AndroidPlayer\SDK\platform-tools;C:\Program Files\Maven\apache-maven-3.8.7\bin;C:\Program Files (x86)\dotnet\;C:\Users\Acer\AppData\Local\Microsoft\WindowsApps;C:\Users\Acer\AppData\Local\GitHubDesktop\bin;C:\Users\Acer\AppData\Local\Programs\Microsoft VS Code\bin;C:\Users\Acer\.dotnet\tools;C:\Users\Acer\AppData\Roaming\npm;C:\Users\Acer\AppData\Roaming\npm\node_modules\@angular\cli\bin;C:\Program Files\nodejs;C:\Program Files (x86)\Nmap;C:\Program Files\Unity\Hub\Editor\2021.3.13f1\Editor\Data\PlaybackEngines\AndroidPlayer\SDK\platform-tools;C:\Program Files\Java\gradle-7.6\bin;C:\Program Files\Java\jdk-11.0.17\bin;
USERNAME=Acer
OS=Windows_NT
PROCESSOR_IDENTIFIER=Intel64 Family 6 Model 142 Stepping 9, GenuineIntel
TMP=C:\Users\Acer\AppData\Local\Temp
TEMP=C:\Users\Acer\AppData\Local\Temp



---------------  S Y S T E M  ---------------

OS:
 Windows 10 , 64 bit Build 19041 (10.0.19041.2788)
OS uptime: 2 days 9:53 hours

CPU: total 4 (initial active 4) (2 cores per cpu, 2 threads per core) family 6 model 142 stepping 9 microcode 0xb4, cx8, cmov, fxsr, ht, mmx, 3dnowpref, sse, sse2, sse3, ssse3, sse4.1, sse4.2, popcnt, lzcnt, tsc, tscinvbit, avx, avx2, aes, erms, clmul, bmi1, bmi2, adx, fma, vzeroupper, clflush, clflushopt

Memory: 4k page, system-wide physical 12156M (5371M free)
TotalPageFile size 22908M (AvailPageFile size 15862M)
current process WorkingSet (physical memory assigned to process): 185M, peak: 185M
current process commit charge ("private bytes"): 361M, peak: 361M

vm_info: OpenJDK 64-Bit Server VM (17.0.4+7-b469.53) for windows-amd64 JRE (17.0.4+7-b469.53), built on 2022-08-29 by "builduser" with MS VC++ 16.10 / 16.11 (VS2019)

END.
